<?xml version="1.0" encoding="UTF-8"?>
<testsuite xmlns:xsi="http://www.w3.org/2001/XMLSchema-instance" xsi:noNamespaceSchemaLocation="https://maven.apache.org/surefire/maven-surefire-plugin/xsd/surefire-test-report-3.0.xsd" version="3.0" name="com.example.controller.MedicalRecordControllerIntegrationTest" time="11.15" tests="5" errors="0" skipped="0" failures="0">
  <properties>
    <property name="java.specification.version" value="21"/>
    <property name="sun.cpu.isalist" value="amd64"/>
    <property name="sun.jnu.encoding" value="Cp1252"/>
    <property name="java.class.path" value="C:\Naga\HCL\HCL-FullStack-Gov_Task\medical-register-app-2\target\test-classes;C:\Naga\HCL\HCL-FullStack-Gov_Task\medical-register-app-2\target\classes;C:\Users\user\.m2\repository\org\springframework\boot\spring-boot-starter-data-jpa\3.2.5\spring-boot-starter-data-jpa-3.2.5.jar;C:\Users\user\.m2\repository\org\springframework\boot\spring-boot-starter-aop\3.2.5\spring-boot-starter-aop-3.2.5.jar;C:\Users\user\.m2\repository\org\aspectj\aspectjweaver\1.9.22\aspectjweaver-1.9.22.jar;C:\Users\user\.m2\repository\org\springframework\boot\spring-boot-starter-jdbc\3.2.5\spring-boot-starter-jdbc-3.2.5.jar;C:\Users\user\.m2\repository\com\zaxxer\HikariCP\5.0.1\HikariCP-5.0.1.jar;C:\Users\user\.m2\repository\org\springframework\spring-jdbc\6.1.6\spring-jdbc-6.1.6.jar;C:\Users\user\.m2\repository\org\hibernate\orm\hibernate-core\6.4.4.Final\hibernate-core-6.4.4.Final.jar;C:\Users\user\.m2\repository\jakarta\persistence\jakarta.persistence-api\3.1.0\jakarta.persistence-api-3.1.0.jar;C:\Users\user\.m2\repository\jakarta\transaction\jakarta.transaction-api\2.0.1\jakarta.transaction-api-2.0.1.jar;C:\Users\user\.m2\repository\org\hibernate\common\hibernate-commons-annotations\6.0.6.Final\hibernate-commons-annotations-6.0.6.Final.jar;C:\Users\user\.m2\repository\io\smallrye\jandex\3.1.2\jandex-3.1.2.jar;C:\Users\user\.m2\repository\org\glassfish\jaxb\jaxb-runtime\4.0.5\jaxb-runtime-4.0.5.jar;C:\Users\user\.m2\repository\org\glassfish\jaxb\jaxb-core\4.0.5\jaxb-core-4.0.5.jar;C:\Users\user\.m2\repository\org\eclipse\angus\angus-activation\2.0.2\angus-activation-2.0.2.jar;C:\Users\user\.m2\repository\org\glassfish\jaxb\txw2\4.0.5\txw2-4.0.5.jar;C:\Users\user\.m2\repository\com\sun\istack\istack-commons-runtime\4.1.2\istack-commons-runtime-4.1.2.jar;C:\Users\user\.m2\repository\jakarta\inject\jakarta.inject-api\2.0.1\jakarta.inject-api-2.0.1.jar;C:\Users\user\.m2\repository\org\antlr\antlr4-runtime\4.13.0\antlr4-runtime-4.13.0.jar;C:\Users\user\.m2\repository\org\springframework\data\spring-data-jpa\3.2.5\spring-data-jpa-3.2.5.jar;C:\Users\user\.m2\repository\org\springframework\data\spring-data-commons\3.2.5\spring-data-commons-3.2.5.jar;C:\Users\user\.m2\repository\org\springframework\spring-orm\6.1.6\spring-orm-6.1.6.jar;C:\Users\user\.m2\repository\org\springframework\spring-context\6.1.6\spring-context-6.1.6.jar;C:\Users\user\.m2\repository\org\springframework\spring-tx\6.1.6\spring-tx-6.1.6.jar;C:\Users\user\.m2\repository\org\springframework\spring-beans\6.1.6\spring-beans-6.1.6.jar;C:\Users\user\.m2\repository\jakarta\annotation\jakarta.annotation-api\2.1.1\jakarta.annotation-api-2.1.1.jar;C:\Users\user\.m2\repository\org\slf4j\slf4j-api\2.0.13\slf4j-api-2.0.13.jar;C:\Users\user\.m2\repository\org\springframework\spring-aspects\6.1.6\spring-aspects-6.1.6.jar;C:\Users\user\.m2\repository\org\springframework\boot\spring-boot-starter-web\3.2.5\spring-boot-starter-web-3.2.5.jar;C:\Users\user\.m2\repository\org\springframework\boot\spring-boot-starter\3.2.5\spring-boot-starter-3.2.5.jar;C:\Users\user\.m2\repository\org\springframework\boot\spring-boot\3.2.5\spring-boot-3.2.5.jar;C:\Users\user\.m2\repository\org\springframework\boot\spring-boot-autoconfigure\3.2.5\spring-boot-autoconfigure-3.2.5.jar;C:\Users\user\.m2\repository\org\springframework\boot\spring-boot-starter-logging\3.2.5\spring-boot-starter-logging-3.2.5.jar;C:\Users\user\.m2\repository\ch\qos\logback\logback-classic\1.4.14\logback-classic-1.4.14.jar;C:\Users\user\.m2\repository\ch\qos\logback\logback-core\1.4.14\logback-core-1.4.14.jar;C:\Users\user\.m2\repository\org\apache\logging\log4j\log4j-to-slf4j\2.21.1\log4j-to-slf4j-2.21.1.jar;C:\Users\user\.m2\repository\org\apache\logging\log4j\log4j-api\2.21.1\log4j-api-2.21.1.jar;C:\Users\user\.m2\repository\org\slf4j\jul-to-slf4j\2.0.13\jul-to-slf4j-2.0.13.jar;C:\Users\user\.m2\repository\org\yaml\snakeyaml\2.2\snakeyaml-2.2.jar;C:\Users\user\.m2\repository\org\springframework\boot\spring-boot-starter-json\3.2.5\spring-boot-starter-json-3.2.5.jar;C:\Users\user\.m2\repository\com\fasterxml\jackson\datatype\jackson-datatype-jdk8\2.15.4\jackson-datatype-jdk8-2.15.4.jar;C:\Users\user\.m2\repository\com\fasterxml\jackson\datatype\jackson-datatype-jsr310\2.15.4\jackson-datatype-jsr310-2.15.4.jar;C:\Users\user\.m2\repository\com\fasterxml\jackson\module\jackson-module-parameter-names\2.15.4\jackson-module-parameter-names-2.15.4.jar;C:\Users\user\.m2\repository\org\springframework\boot\spring-boot-starter-tomcat\3.2.5\spring-boot-starter-tomcat-3.2.5.jar;C:\Users\user\.m2\repository\org\apache\tomcat\embed\tomcat-embed-core\10.1.20\tomcat-embed-core-10.1.20.jar;C:\Users\user\.m2\repository\org\apache\tomcat\embed\tomcat-embed-el\10.1.20\tomcat-embed-el-10.1.20.jar;C:\Users\user\.m2\repository\org\apache\tomcat\embed\tomcat-embed-websocket\10.1.20\tomcat-embed-websocket-10.1.20.jar;C:\Users\user\.m2\repository\org\springframework\spring-web\6.1.6\spring-web-6.1.6.jar;C:\Users\user\.m2\repository\io\micrometer\micrometer-observation\1.12.5\micrometer-observation-1.12.5.jar;C:\Users\user\.m2\repository\io\micrometer\micrometer-commons\1.12.5\micrometer-commons-1.12.5.jar;C:\Users\user\.m2\repository\org\springframework\spring-webmvc\6.1.6\spring-webmvc-6.1.6.jar;C:\Users\user\.m2\repository\org\springframework\spring-expression\6.1.6\spring-expression-6.1.6.jar;C:\Users\user\.m2\repository\org\springframework\boot\spring-boot-starter-security\3.2.5\spring-boot-starter-security-3.2.5.jar;C:\Users\user\.m2\repository\org\springframework\spring-aop\6.1.6\spring-aop-6.1.6.jar;C:\Users\user\.m2\repository\org\springframework\security\spring-security-config\6.2.4\spring-security-config-6.2.4.jar;C:\Users\user\.m2\repository\org\springframework\security\spring-security-web\6.2.4\spring-security-web-6.2.4.jar;C:\Users\user\.m2\repository\org\springframework\boot\spring-boot-starter-thymeleaf\3.2.5\spring-boot-starter-thymeleaf-3.2.5.jar;C:\Users\user\.m2\repository\org\thymeleaf\thymeleaf-spring6\3.1.2.RELEASE\thymeleaf-spring6-3.1.2.RELEASE.jar;C:\Users\user\.m2\repository\org\thymeleaf\thymeleaf\3.1.2.RELEASE\thymeleaf-3.1.2.RELEASE.jar;C:\Users\user\.m2\repository\org\attoparser\attoparser\2.0.7.RELEASE\attoparser-2.0.7.RELEASE.jar;C:\Users\user\.m2\repository\org\unbescape\unbescape\1.1.6.RELEASE\unbescape-1.1.6.RELEASE.jar;C:\Users\user\.m2\repository\com\auth0\auth0\1.38.0\auth0-1.38.0.jar;C:\Users\user\.m2\repository\com\squareup\okhttp3\okhttp\4.12.0\okhttp-4.12.0.jar;C:\Users\user\.m2\repository\com\squareup\okio\okio\3.6.0\okio-3.6.0.jar;C:\Users\user\.m2\repository\com\squareup\okio\okio-jvm\3.6.0\okio-jvm-3.6.0.jar;C:\Users\user\.m2\repository\org\jetbrains\kotlin\kotlin-stdlib-common\1.9.23\kotlin-stdlib-common-1.9.23.jar;C:\Users\user\.m2\repository\org\jetbrains\kotlin\kotlin-stdlib-jdk8\1.9.23\kotlin-stdlib-jdk8-1.9.23.jar;C:\Users\user\.m2\repository\org\jetbrains\kotlin\kotlin-stdlib\1.9.23\kotlin-stdlib-1.9.23.jar;C:\Users\user\.m2\repository\org\jetbrains\annotations\13.0\annotations-13.0.jar;C:\Users\user\.m2\repository\org\jetbrains\kotlin\kotlin-stdlib-jdk7\1.9.23\kotlin-stdlib-jdk7-1.9.23.jar;C:\Users\user\.m2\repository\com\squareup\okhttp3\logging-interceptor\4.12.0\logging-interceptor-4.12.0.jar;C:\Users\user\.m2\repository\com\fasterxml\jackson\core\jackson-databind\2.15.4\jackson-databind-2.15.4.jar;C:\Users\user\.m2\repository\com\fasterxml\jackson\core\jackson-annotations\2.15.4\jackson-annotations-2.15.4.jar;C:\Users\user\.m2\repository\com\fasterxml\jackson\core\jackson-core\2.15.4\jackson-core-2.15.4.jar;C:\Users\user\.m2\repository\com\auth0\java-jwt\3.18.3\java-jwt-3.18.3.jar;C:\Users\user\.m2\repository\net\jodah\failsafe\2.4.1\failsafe-2.4.1.jar;C:\Users\user\.m2\repository\org\projectlombok\lombok\1.18.30\lombok-1.18.30.jar;C:\Users\user\.m2\repository\org\postgresql\postgresql\42.6.2\postgresql-42.6.2.jar;C:\Users\user\.m2\repository\org\checkerframework\checker-qual\3.31.0\checker-qual-3.31.0.jar;C:\Users\user\.m2\repository\org\springframework\boot\spring-boot-starter-oauth2-resource-server\3.2.5\spring-boot-starter-oauth2-resource-server-3.2.5.jar;C:\Users\user\.m2\repository\org\springframework\security\spring-security-core\6.2.4\spring-security-core-6.2.4.jar;C:\Users\user\.m2\repository\org\springframework\security\spring-security-crypto\6.2.4\spring-security-crypto-6.2.4.jar;C:\Users\user\.m2\repository\org\springframework\security\spring-security-oauth2-resource-server\6.2.4\spring-security-oauth2-resource-server-6.2.4.jar;C:\Users\user\.m2\repository\org\springframework\security\spring-security-oauth2-core\6.2.4\spring-security-oauth2-core-6.2.4.jar;C:\Users\user\.m2\repository\org\springframework\security\spring-security-oauth2-jose\6.2.4\spring-security-oauth2-jose-6.2.4.jar;C:\Users\user\.m2\repository\com\nimbusds\nimbus-jose-jwt\9.24.4\nimbus-jose-jwt-9.24.4.jar;C:\Users\user\.m2\repository\com\github\stephenc\jcip\jcip-annotations\1.0-1\jcip-annotations-1.0-1.jar;C:\Users\user\.m2\repository\org\springframework\boot\spring-boot-starter-oauth2-client\3.2.5\spring-boot-starter-oauth2-client-3.2.5.jar;C:\Users\user\.m2\repository\org\springframework\security\spring-security-oauth2-client\6.2.4\spring-security-oauth2-client-6.2.4.jar;C:\Users\user\.m2\repository\com\nimbusds\oauth2-oidc-sdk\9.43.3\oauth2-oidc-sdk-9.43.3.jar;C:\Users\user\.m2\repository\com\nimbusds\content-type\2.2\content-type-2.2.jar;C:\Users\user\.m2\repository\com\nimbusds\lang-tag\1.7\lang-tag-1.7.jar;C:\Users\user\.m2\repository\org\springframework\boot\spring-boot-starter-test\3.2.5\spring-boot-starter-test-3.2.5.jar;C:\Users\user\.m2\repository\org\springframework\boot\spring-boot-test\3.2.5\spring-boot-test-3.2.5.jar;C:\Users\user\.m2\repository\org\springframework\boot\spring-boot-test-autoconfigure\3.2.5\spring-boot-test-autoconfigure-3.2.5.jar;C:\Users\user\.m2\repository\com\jayway\jsonpath\json-path\2.9.0\json-path-2.9.0.jar;C:\Users\user\.m2\repository\jakarta\xml\bind\jakarta.xml.bind-api\4.0.2\jakarta.xml.bind-api-4.0.2.jar;C:\Users\user\.m2\repository\jakarta\activation\jakarta.activation-api\2.1.3\jakarta.activation-api-2.1.3.jar;C:\Users\user\.m2\repository\net\minidev\json-smart\2.5.1\json-smart-2.5.1.jar;C:\Users\user\.m2\repository\net\minidev\accessors-smart\2.5.1\accessors-smart-2.5.1.jar;C:\Users\user\.m2\repository\org\ow2\asm\asm\9.6\asm-9.6.jar;C:\Users\user\.m2\repository\org\assertj\assertj-core\3.24.2\assertj-core-3.24.2.jar;C:\Users\user\.m2\repository\org\awaitility\awaitility\4.2.1\awaitility-4.2.1.jar;C:\Users\user\.m2\repository\org\hamcrest\hamcrest\2.2\hamcrest-2.2.jar;C:\Users\user\.m2\repository\org\junit\jupiter\junit-jupiter\5.10.2\junit-jupiter-5.10.2.jar;C:\Users\user\.m2\repository\org\junit\jupiter\junit-jupiter-api\5.10.2\junit-jupiter-api-5.10.2.jar;C:\Users\user\.m2\repository\org\opentest4j\opentest4j\1.3.0\opentest4j-1.3.0.jar;C:\Users\user\.m2\repository\org\junit\platform\junit-platform-commons\1.10.2\junit-platform-commons-1.10.2.jar;C:\Users\user\.m2\repository\org\apiguardian\apiguardian-api\1.1.2\apiguardian-api-1.1.2.jar;C:\Users\user\.m2\repository\org\junit\jupiter\junit-jupiter-params\5.10.2\junit-jupiter-params-5.10.2.jar;C:\Users\user\.m2\repository\org\junit\jupiter\junit-jupiter-engine\5.10.2\junit-jupiter-engine-5.10.2.jar;C:\Users\user\.m2\repository\org\junit\platform\junit-platform-engine\1.10.2\junit-platform-engine-1.10.2.jar;C:\Users\user\.m2\repository\org\mockito\mockito-junit-jupiter\5.7.0\mockito-junit-jupiter-5.7.0.jar;C:\Users\user\.m2\repository\org\skyscreamer\jsonassert\1.5.1\jsonassert-1.5.1.jar;C:\Users\user\.m2\repository\com\vaadin\external\google\android-json\0.0.20131108.vaadin1\android-json-0.0.20131108.vaadin1.jar;C:\Users\user\.m2\repository\org\springframework\spring-core\6.1.6\spring-core-6.1.6.jar;C:\Users\user\.m2\repository\org\springframework\spring-jcl\6.1.6\spring-jcl-6.1.6.jar;C:\Users\user\.m2\repository\org\springframework\spring-test\6.1.6\spring-test-6.1.6.jar;C:\Users\user\.m2\repository\org\xmlunit\xmlunit-core\2.9.1\xmlunit-core-2.9.1.jar;C:\Users\user\.m2\repository\javax\servlet\javax.servlet-api\4.0.1\javax.servlet-api-4.0.1.jar;C:\Users\user\.m2\repository\org\springframework\security\spring-security-test\6.2.4\spring-security-test-6.2.4.jar;C:\Users\user\.m2\repository\org\hibernate\validator\hibernate-validator\8.0.0.Final\hibernate-validator-8.0.0.Final.jar;C:\Users\user\.m2\repository\jakarta\validation\jakarta.validation-api\3.0.2\jakarta.validation-api-3.0.2.jar;C:\Users\user\.m2\repository\org\jboss\logging\jboss-logging\3.5.3.Final\jboss-logging-3.5.3.Final.jar;C:\Users\user\.m2\repository\com\fasterxml\classmate\1.6.0\classmate-1.6.0.jar;C:\Users\user\.m2\repository\com\h2database\h2\2.1.214\h2-2.1.214.jar;C:\Users\user\.m2\repository\org\mockito\mockito-core\5.7.0\mockito-core-5.7.0.jar;C:\Users\user\.m2\repository\net\bytebuddy\byte-buddy\1.14.13\byte-buddy-1.14.13.jar;C:\Users\user\.m2\repository\net\bytebuddy\byte-buddy-agent\1.14.13\byte-buddy-agent-1.14.13.jar;C:\Users\user\.m2\repository\org\objenesis\objenesis\3.3\objenesis-3.3.jar;"/>
    <property name="java.vm.vendor" value="Oracle Corporation"/>
    <property name="sun.arch.data.model" value="64"/>
    <property name="user.variant" value=""/>
    <property name="java.vendor.url" value="https://java.oracle.com/"/>
    <property name="user.timezone" value="Asia/Singapore"/>
    <property name="org.jboss.logging.provider" value="slf4j"/>
    <property name="os.name" value="Windows 10"/>
    <property name="java.vm.specification.version" value="21"/>
    <property name="sun.java.launcher" value="SUN_STANDARD"/>
    <property name="user.country" value="US"/>
    <property name="sun.boot.library.path" value="C:\Program Files\Java\jdk-21.0.4\bin"/>
    <property name="sun.java.command" value="C:\Users\user\AppData\Local\Temp\surefire6384689264957392786\surefirebooter-20250502121449896_3.jar C:\Users\user\AppData\Local\Temp\surefire6384689264957392786 2025-05-02T12-14-49_701-jvmRun1 surefire-20250502121449896_1tmp surefire_0-20250502121449896_2tmp"/>
    <property name="jdk.debug" value="release"/>
    <property name="surefire.test.class.path" value="C:\Naga\HCL\HCL-FullStack-Gov_Task\medical-register-app-2\target\test-classes;C:\Naga\HCL\HCL-FullStack-Gov_Task\medical-register-app-2\target\classes;C:\Users\user\.m2\repository\org\springframework\boot\spring-boot-starter-data-jpa\3.2.5\spring-boot-starter-data-jpa-3.2.5.jar;C:\Users\user\.m2\repository\org\springframework\boot\spring-boot-starter-aop\3.2.5\spring-boot-starter-aop-3.2.5.jar;C:\Users\user\.m2\repository\org\aspectj\aspectjweaver\1.9.22\aspectjweaver-1.9.22.jar;C:\Users\user\.m2\repository\org\springframework\boot\spring-boot-starter-jdbc\3.2.5\spring-boot-starter-jdbc-3.2.5.jar;C:\Users\user\.m2\repository\com\zaxxer\HikariCP\5.0.1\HikariCP-5.0.1.jar;C:\Users\user\.m2\repository\org\springframework\spring-jdbc\6.1.6\spring-jdbc-6.1.6.jar;C:\Users\user\.m2\repository\org\hibernate\orm\hibernate-core\6.4.4.Final\hibernate-core-6.4.4.Final.jar;C:\Users\user\.m2\repository\jakarta\persistence\jakarta.persistence-api\3.1.0\jakarta.persistence-api-3.1.0.jar;C:\Users\user\.m2\repository\jakarta\transaction\jakarta.transaction-api\2.0.1\jakarta.transaction-api-2.0.1.jar;C:\Users\user\.m2\repository\org\hibernate\common\hibernate-commons-annotations\6.0.6.Final\hibernate-commons-annotations-6.0.6.Final.jar;C:\Users\user\.m2\repository\io\smallrye\jandex\3.1.2\jandex-3.1.2.jar;C:\Users\user\.m2\repository\org\glassfish\jaxb\jaxb-runtime\4.0.5\jaxb-runtime-4.0.5.jar;C:\Users\user\.m2\repository\org\glassfish\jaxb\jaxb-core\4.0.5\jaxb-core-4.0.5.jar;C:\Users\user\.m2\repository\org\eclipse\angus\angus-activation\2.0.2\angus-activation-2.0.2.jar;C:\Users\user\.m2\repository\org\glassfish\jaxb\txw2\4.0.5\txw2-4.0.5.jar;C:\Users\user\.m2\repository\com\sun\istack\istack-commons-runtime\4.1.2\istack-commons-runtime-4.1.2.jar;C:\Users\user\.m2\repository\jakarta\inject\jakarta.inject-api\2.0.1\jakarta.inject-api-2.0.1.jar;C:\Users\user\.m2\repository\org\antlr\antlr4-runtime\4.13.0\antlr4-runtime-4.13.0.jar;C:\Users\user\.m2\repository\org\springframework\data\spring-data-jpa\3.2.5\spring-data-jpa-3.2.5.jar;C:\Users\user\.m2\repository\org\springframework\data\spring-data-commons\3.2.5\spring-data-commons-3.2.5.jar;C:\Users\user\.m2\repository\org\springframework\spring-orm\6.1.6\spring-orm-6.1.6.jar;C:\Users\user\.m2\repository\org\springframework\spring-context\6.1.6\spring-context-6.1.6.jar;C:\Users\user\.m2\repository\org\springframework\spring-tx\6.1.6\spring-tx-6.1.6.jar;C:\Users\user\.m2\repository\org\springframework\spring-beans\6.1.6\spring-beans-6.1.6.jar;C:\Users\user\.m2\repository\jakarta\annotation\jakarta.annotation-api\2.1.1\jakarta.annotation-api-2.1.1.jar;C:\Users\user\.m2\repository\org\slf4j\slf4j-api\2.0.13\slf4j-api-2.0.13.jar;C:\Users\user\.m2\repository\org\springframework\spring-aspects\6.1.6\spring-aspects-6.1.6.jar;C:\Users\user\.m2\repository\org\springframework\boot\spring-boot-starter-web\3.2.5\spring-boot-starter-web-3.2.5.jar;C:\Users\user\.m2\repository\org\springframework\boot\spring-boot-starter\3.2.5\spring-boot-starter-3.2.5.jar;C:\Users\user\.m2\repository\org\springframework\boot\spring-boot\3.2.5\spring-boot-3.2.5.jar;C:\Users\user\.m2\repository\org\springframework\boot\spring-boot-autoconfigure\3.2.5\spring-boot-autoconfigure-3.2.5.jar;C:\Users\user\.m2\repository\org\springframework\boot\spring-boot-starter-logging\3.2.5\spring-boot-starter-logging-3.2.5.jar;C:\Users\user\.m2\repository\ch\qos\logback\logback-classic\1.4.14\logback-classic-1.4.14.jar;C:\Users\user\.m2\repository\ch\qos\logback\logback-core\1.4.14\logback-core-1.4.14.jar;C:\Users\user\.m2\repository\org\apache\logging\log4j\log4j-to-slf4j\2.21.1\log4j-to-slf4j-2.21.1.jar;C:\Users\user\.m2\repository\org\apache\logging\log4j\log4j-api\2.21.1\log4j-api-2.21.1.jar;C:\Users\user\.m2\repository\org\slf4j\jul-to-slf4j\2.0.13\jul-to-slf4j-2.0.13.jar;C:\Users\user\.m2\repository\org\yaml\snakeyaml\2.2\snakeyaml-2.2.jar;C:\Users\user\.m2\repository\org\springframework\boot\spring-boot-starter-json\3.2.5\spring-boot-starter-json-3.2.5.jar;C:\Users\user\.m2\repository\com\fasterxml\jackson\datatype\jackson-datatype-jdk8\2.15.4\jackson-datatype-jdk8-2.15.4.jar;C:\Users\user\.m2\repository\com\fasterxml\jackson\datatype\jackson-datatype-jsr310\2.15.4\jackson-datatype-jsr310-2.15.4.jar;C:\Users\user\.m2\repository\com\fasterxml\jackson\module\jackson-module-parameter-names\2.15.4\jackson-module-parameter-names-2.15.4.jar;C:\Users\user\.m2\repository\org\springframework\boot\spring-boot-starter-tomcat\3.2.5\spring-boot-starter-tomcat-3.2.5.jar;C:\Users\user\.m2\repository\org\apache\tomcat\embed\tomcat-embed-core\10.1.20\tomcat-embed-core-10.1.20.jar;C:\Users\user\.m2\repository\org\apache\tomcat\embed\tomcat-embed-el\10.1.20\tomcat-embed-el-10.1.20.jar;C:\Users\user\.m2\repository\org\apache\tomcat\embed\tomcat-embed-websocket\10.1.20\tomcat-embed-websocket-10.1.20.jar;C:\Users\user\.m2\repository\org\springframework\spring-web\6.1.6\spring-web-6.1.6.jar;C:\Users\user\.m2\repository\io\micrometer\micrometer-observation\1.12.5\micrometer-observation-1.12.5.jar;C:\Users\user\.m2\repository\io\micrometer\micrometer-commons\1.12.5\micrometer-commons-1.12.5.jar;C:\Users\user\.m2\repository\org\springframework\spring-webmvc\6.1.6\spring-webmvc-6.1.6.jar;C:\Users\user\.m2\repository\org\springframework\spring-expression\6.1.6\spring-expression-6.1.6.jar;C:\Users\user\.m2\repository\org\springframework\boot\spring-boot-starter-security\3.2.5\spring-boot-starter-security-3.2.5.jar;C:\Users\user\.m2\repository\org\springframework\spring-aop\6.1.6\spring-aop-6.1.6.jar;C:\Users\user\.m2\repository\org\springframework\security\spring-security-config\6.2.4\spring-security-config-6.2.4.jar;C:\Users\user\.m2\repository\org\springframework\security\spring-security-web\6.2.4\spring-security-web-6.2.4.jar;C:\Users\user\.m2\repository\org\springframework\boot\spring-boot-starter-thymeleaf\3.2.5\spring-boot-starter-thymeleaf-3.2.5.jar;C:\Users\user\.m2\repository\org\thymeleaf\thymeleaf-spring6\3.1.2.RELEASE\thymeleaf-spring6-3.1.2.RELEASE.jar;C:\Users\user\.m2\repository\org\thymeleaf\thymeleaf\3.1.2.RELEASE\thymeleaf-3.1.2.RELEASE.jar;C:\Users\user\.m2\repository\org\attoparser\attoparser\2.0.7.RELEASE\attoparser-2.0.7.RELEASE.jar;C:\Users\user\.m2\repository\org\unbescape\unbescape\1.1.6.RELEASE\unbescape-1.1.6.RELEASE.jar;C:\Users\user\.m2\repository\com\auth0\auth0\1.38.0\auth0-1.38.0.jar;C:\Users\user\.m2\repository\com\squareup\okhttp3\okhttp\4.12.0\okhttp-4.12.0.jar;C:\Users\user\.m2\repository\com\squareup\okio\okio\3.6.0\okio-3.6.0.jar;C:\Users\user\.m2\repository\com\squareup\okio\okio-jvm\3.6.0\okio-jvm-3.6.0.jar;C:\Users\user\.m2\repository\org\jetbrains\kotlin\kotlin-stdlib-common\1.9.23\kotlin-stdlib-common-1.9.23.jar;C:\Users\user\.m2\repository\org\jetbrains\kotlin\kotlin-stdlib-jdk8\1.9.23\kotlin-stdlib-jdk8-1.9.23.jar;C:\Users\user\.m2\repository\org\jetbrains\kotlin\kotlin-stdlib\1.9.23\kotlin-stdlib-1.9.23.jar;C:\Users\user\.m2\repository\org\jetbrains\annotations\13.0\annotations-13.0.jar;C:\Users\user\.m2\repository\org\jetbrains\kotlin\kotlin-stdlib-jdk7\1.9.23\kotlin-stdlib-jdk7-1.9.23.jar;C:\Users\user\.m2\repository\com\squareup\okhttp3\logging-interceptor\4.12.0\logging-interceptor-4.12.0.jar;C:\Users\user\.m2\repository\com\fasterxml\jackson\core\jackson-databind\2.15.4\jackson-databind-2.15.4.jar;C:\Users\user\.m2\repository\com\fasterxml\jackson\core\jackson-annotations\2.15.4\jackson-annotations-2.15.4.jar;C:\Users\user\.m2\repository\com\fasterxml\jackson\core\jackson-core\2.15.4\jackson-core-2.15.4.jar;C:\Users\user\.m2\repository\com\auth0\java-jwt\3.18.3\java-jwt-3.18.3.jar;C:\Users\user\.m2\repository\net\jodah\failsafe\2.4.1\failsafe-2.4.1.jar;C:\Users\user\.m2\repository\org\projectlombok\lombok\1.18.30\lombok-1.18.30.jar;C:\Users\user\.m2\repository\org\postgresql\postgresql\42.6.2\postgresql-42.6.2.jar;C:\Users\user\.m2\repository\org\checkerframework\checker-qual\3.31.0\checker-qual-3.31.0.jar;C:\Users\user\.m2\repository\org\springframework\boot\spring-boot-starter-oauth2-resource-server\3.2.5\spring-boot-starter-oauth2-resource-server-3.2.5.jar;C:\Users\user\.m2\repository\org\springframework\security\spring-security-core\6.2.4\spring-security-core-6.2.4.jar;C:\Users\user\.m2\repository\org\springframework\security\spring-security-crypto\6.2.4\spring-security-crypto-6.2.4.jar;C:\Users\user\.m2\repository\org\springframework\security\spring-security-oauth2-resource-server\6.2.4\spring-security-oauth2-resource-server-6.2.4.jar;C:\Users\user\.m2\repository\org\springframework\security\spring-security-oauth2-core\6.2.4\spring-security-oauth2-core-6.2.4.jar;C:\Users\user\.m2\repository\org\springframework\security\spring-security-oauth2-jose\6.2.4\spring-security-oauth2-jose-6.2.4.jar;C:\Users\user\.m2\repository\com\nimbusds\nimbus-jose-jwt\9.24.4\nimbus-jose-jwt-9.24.4.jar;C:\Users\user\.m2\repository\com\github\stephenc\jcip\jcip-annotations\1.0-1\jcip-annotations-1.0-1.jar;C:\Users\user\.m2\repository\org\springframework\boot\spring-boot-starter-oauth2-client\3.2.5\spring-boot-starter-oauth2-client-3.2.5.jar;C:\Users\user\.m2\repository\org\springframework\security\spring-security-oauth2-client\6.2.4\spring-security-oauth2-client-6.2.4.jar;C:\Users\user\.m2\repository\com\nimbusds\oauth2-oidc-sdk\9.43.3\oauth2-oidc-sdk-9.43.3.jar;C:\Users\user\.m2\repository\com\nimbusds\content-type\2.2\content-type-2.2.jar;C:\Users\user\.m2\repository\com\nimbusds\lang-tag\1.7\lang-tag-1.7.jar;C:\Users\user\.m2\repository\org\springframework\boot\spring-boot-starter-test\3.2.5\spring-boot-starter-test-3.2.5.jar;C:\Users\user\.m2\repository\org\springframework\boot\spring-boot-test\3.2.5\spring-boot-test-3.2.5.jar;C:\Users\user\.m2\repository\org\springframework\boot\spring-boot-test-autoconfigure\3.2.5\spring-boot-test-autoconfigure-3.2.5.jar;C:\Users\user\.m2\repository\com\jayway\jsonpath\json-path\2.9.0\json-path-2.9.0.jar;C:\Users\user\.m2\repository\jakarta\xml\bind\jakarta.xml.bind-api\4.0.2\jakarta.xml.bind-api-4.0.2.jar;C:\Users\user\.m2\repository\jakarta\activation\jakarta.activation-api\2.1.3\jakarta.activation-api-2.1.3.jar;C:\Users\user\.m2\repository\net\minidev\json-smart\2.5.1\json-smart-2.5.1.jar;C:\Users\user\.m2\repository\net\minidev\accessors-smart\2.5.1\accessors-smart-2.5.1.jar;C:\Users\user\.m2\repository\org\ow2\asm\asm\9.6\asm-9.6.jar;C:\Users\user\.m2\repository\org\assertj\assertj-core\3.24.2\assertj-core-3.24.2.jar;C:\Users\user\.m2\repository\org\awaitility\awaitility\4.2.1\awaitility-4.2.1.jar;C:\Users\user\.m2\repository\org\hamcrest\hamcrest\2.2\hamcrest-2.2.jar;C:\Users\user\.m2\repository\org\junit\jupiter\junit-jupiter\5.10.2\junit-jupiter-5.10.2.jar;C:\Users\user\.m2\repository\org\junit\jupiter\junit-jupiter-api\5.10.2\junit-jupiter-api-5.10.2.jar;C:\Users\user\.m2\repository\org\opentest4j\opentest4j\1.3.0\opentest4j-1.3.0.jar;C:\Users\user\.m2\repository\org\junit\platform\junit-platform-commons\1.10.2\junit-platform-commons-1.10.2.jar;C:\Users\user\.m2\repository\org\apiguardian\apiguardian-api\1.1.2\apiguardian-api-1.1.2.jar;C:\Users\user\.m2\repository\org\junit\jupiter\junit-jupiter-params\5.10.2\junit-jupiter-params-5.10.2.jar;C:\Users\user\.m2\repository\org\junit\jupiter\junit-jupiter-engine\5.10.2\junit-jupiter-engine-5.10.2.jar;C:\Users\user\.m2\repository\org\junit\platform\junit-platform-engine\1.10.2\junit-platform-engine-1.10.2.jar;C:\Users\user\.m2\repository\org\mockito\mockito-junit-jupiter\5.7.0\mockito-junit-jupiter-5.7.0.jar;C:\Users\user\.m2\repository\org\skyscreamer\jsonassert\1.5.1\jsonassert-1.5.1.jar;C:\Users\user\.m2\repository\com\vaadin\external\google\android-json\0.0.20131108.vaadin1\android-json-0.0.20131108.vaadin1.jar;C:\Users\user\.m2\repository\org\springframework\spring-core\6.1.6\spring-core-6.1.6.jar;C:\Users\user\.m2\repository\org\springframework\spring-jcl\6.1.6\spring-jcl-6.1.6.jar;C:\Users\user\.m2\repository\org\springframework\spring-test\6.1.6\spring-test-6.1.6.jar;C:\Users\user\.m2\repository\org\xmlunit\xmlunit-core\2.9.1\xmlunit-core-2.9.1.jar;C:\Users\user\.m2\repository\javax\servlet\javax.servlet-api\4.0.1\javax.servlet-api-4.0.1.jar;C:\Users\user\.m2\repository\org\springframework\security\spring-security-test\6.2.4\spring-security-test-6.2.4.jar;C:\Users\user\.m2\repository\org\hibernate\validator\hibernate-validator\8.0.0.Final\hibernate-validator-8.0.0.Final.jar;C:\Users\user\.m2\repository\jakarta\validation\jakarta.validation-api\3.0.2\jakarta.validation-api-3.0.2.jar;C:\Users\user\.m2\repository\org\jboss\logging\jboss-logging\3.5.3.Final\jboss-logging-3.5.3.Final.jar;C:\Users\user\.m2\repository\com\fasterxml\classmate\1.6.0\classmate-1.6.0.jar;C:\Users\user\.m2\repository\com\h2database\h2\2.1.214\h2-2.1.214.jar;C:\Users\user\.m2\repository\org\mockito\mockito-core\5.7.0\mockito-core-5.7.0.jar;C:\Users\user\.m2\repository\net\bytebuddy\byte-buddy\1.14.13\byte-buddy-1.14.13.jar;C:\Users\user\.m2\repository\net\bytebuddy\byte-buddy-agent\1.14.13\byte-buddy-agent-1.14.13.jar;C:\Users\user\.m2\repository\org\objenesis\objenesis\3.3\objenesis-3.3.jar;"/>
    <property name="sun.cpu.endian" value="little"/>
    <property name="user.home" value="C:\Users\user"/>
    <property name="user.language" value="en"/>
    <property name="java.specification.vendor" value="Oracle Corporation"/>
    <property name="java.version.date" value="2024-07-16"/>
    <property name="java.home" value="C:\Program Files\Java\jdk-21.0.4"/>
    <property name="file.separator" value="\"/>
    <property name="basedir" value="C:\Naga\HCL\HCL-FullStack-Gov_Task\medical-register-app-2"/>
    <property name="java.vm.compressedOopsMode" value="32-bit"/>
    <property name="line.separator" value="&#10;"/>
    <property name="java.vm.specification.vendor" value="Oracle Corporation"/>
    <property name="java.specification.name" value="Java Platform API Specification"/>
    <property name="FILE_LOG_CHARSET" value="UTF-8"/>
    <property name="java.awt.headless" value="true"/>
    <property name="surefire.real.class.path" value="C:\Users\user\AppData\Local\Temp\surefire6384689264957392786\surefirebooter-20250502121449896_3.jar"/>
    <property name="user.script" value=""/>
    <property name="sun.management.compiler" value="HotSpot 64-Bit Tiered Compilers"/>
    <property name="java.runtime.version" value="21.0.4+8-LTS-274"/>
    <property name="user.name" value="user"/>
    <property name="stdout.encoding" value="Cp1252"/>
    <property name="path.separator" value=";"/>
    <property name="os.version" value="10.0"/>
    <property name="java.runtime.name" value="Java(TM) SE Runtime Environment"/>
    <property name="file.encoding" value="UTF-8"/>
    <property name="java.vm.name" value="Java HotSpot(TM) 64-Bit Server VM"/>
    <property name="localRepository" value="C:\Users\user\.m2\repository"/>
    <property name="java.vendor.url.bug" value="https://bugreport.java.com/bugreport/"/>
    <property name="java.io.tmpdir" value="C:\Users\user\AppData\Local\Temp\"/>
    <property name="com.zaxxer.hikari.pool_number" value="1"/>
    <property name="java.version" value="21.0.4"/>
    <property name="user.dir" value="C:\Naga\HCL\HCL-FullStack-Gov_Task\medical-register-app-2"/>
    <property name="os.arch" value="amd64"/>
    <property name="java.vm.specification.name" value="Java Virtual Machine Specification"/>
    <property name="PID" value="15108"/>
    <property name="sun.os.patch.level" value=""/>
    <property name="CONSOLE_LOG_CHARSET" value="UTF-8"/>
    <property name="native.encoding" value="Cp1252"/>
    <property name="java.library.path" value="C:\Program Files\Java\jdk-21.0.4\bin;C:\WINDOWS\Sun\Java\bin;C:\WINDOWS\system32;C:\WINDOWS;C:\Users\user\anaconda3;C:\Users\user\anaconda3\Library\mingw-w64\bin;C:\Users\user\anaconda3\Library\usr\bin;C:\Users\user\anaconda3\Library\bin;C:\Users\user\anaconda3\Scripts;C:\Users\user\anaconda3\bin;C:\Users\user\anaconda3\condabin;C:\Program Files\Eclipse Adoptium\jdk-21.0.2.13-hotspot\bin;C:\WINDOWS\system32;C:\WINDOWS;C:\WINDOWS\System32\Wbem;C:\WINDOWS\System32\WindowsPowerShell\v1.0;C:\WINDOWS\System32\OpenSSH;C:\Program Files\nodejs;C:\Program Files\Git\cmd;C:\Program Files\apache-maven-3.9.9-bin\apache-maven-3.9.9\bin;C:\Program Files\Java\jdk-21.0.4\bin;C:\Naga\ReactJS_Practice\ReactJS_SpringBoot_13092024\Reddis\Redis-x64-3.0.504;C:\Program Files\Docker\Docker\resources\bin;C:\Program Files\Kubernetes\Minikube;C:\Users\user\anaconda3\Scripts;C:\Users\user\anaconda3\Library\bin;C:\Users\user\anaconda3;C:\Users\user\AppData\Local\Programs\Python\Python313\Scripts;C:\Users\user\AppData\Local\Programs\Python\Python313;C:\Users\user\AppData\Local\Programs\Python\Launcher;C:\Users\user\AppData\Local\Programs\Python\Python312\Scripts;C:\Users\user\AppData\Local\Programs\Python\Python312;C:\Users\user\AppData\Local\Microsoft\WindowsApps;C:\Users\user\AppData\Local\JetBrains\IntelliJ IDEA 2024.1.3\bin;.;C:\Users\user\AppData\Roaming\npm;C:\Graddle\gradle-8.6-bin\gradle-8.6\bin;C:\Users\user\AppData\Local\Programs\Microsoft VS Code\bin;C:\Program Files\JetBrains\PyCharm Community Edition 2024.2.3\bin;.;C:\Program Files\JetBrains\RubyMine 2024.2.3\bin;.;."/>
    <property name="java.vm.info" value="mixed mode, sharing"/>
    <property name="stderr.encoding" value="Cp1252"/>
    <property name="java.vendor" value="Oracle Corporation"/>
    <property name="java.vm.version" value="21.0.4+8-LTS-274"/>
    <property name="sun.io.unicode.encoding" value="UnicodeLittle"/>
    <property name="java.class.version" value="65.0"/>
  </properties>
  <testcase name="testGetRecordById" classname="com.example.controller.MedicalRecordControllerIntegrationTest" time="1.442">
    <system-out><![CDATA[2025-05-02 12:14:51 [main] INFO  o.s.t.c.s.AnnotationConfigContextLoaderUtils - Could not detect default configuration classes for test class [com.example.controller.MedicalRecordControllerIntegrationTest]: MedicalRecordControllerIntegrationTest does not declare any static, non-private, non-final, nested classes annotated with @Configuration.
2025-05-02 12:14:51 [main] INFO  o.s.b.t.c.SpringBootTestContextBootstrapper - Found @SpringBootConfiguration com.example.MedicalRegisterApplication for test class com.example.controller.MedicalRecordControllerIntegrationTest

  .   ____          _            __ _ _
 /\\ / ___'_ __ _ _(_)_ __  __ _ \ \ \ \
( ( )\___ | '_ | '_| | '_ \/ _` | \ \ \ \
 \\/  ___)| |_)| | | | | || (_| |  ) ) ) )
  '  |____| .__|_| |_|_| |_\__, | / / / /
 =========|_|==============|___/=/_/_/_/
 :: Spring Boot ::                (v3.2.5)

2025-05-02 12:14:52 [background-preinit] DEBUG org.jboss.logging - Logging Provider: org.jboss.logging.Slf4jLoggerProvider found via system property
2025-05-02 12:14:52 [background-preinit] INFO  o.h.validator.internal.util.Version - HV000001: Hibernate Validator 8.0.0.Final
2025-05-02 12:14:52 [background-preinit] DEBUG o.h.v.i.x.config.ValidationXmlParser - Trying to load META-INF/validation.xml for XML based Validator configuration.
2025-05-02 12:14:52 [background-preinit] DEBUG o.h.v.i.x.c.ResourceLoaderHelper - Trying to load META-INF/validation.xml via TCCL
2025-05-02 12:14:52 [background-preinit] DEBUG o.h.v.i.x.c.ResourceLoaderHelper - Trying to load META-INF/validation.xml via Hibernate Validator's class loader
2025-05-02 12:14:52 [background-preinit] DEBUG o.h.v.i.x.config.ValidationXmlParser - No META-INF/validation.xml found. Using annotation based configuration only.
2025-05-02 12:14:52 [background-preinit] DEBUG o.h.v.i.e.r.TraversableResolvers - Found jakarta.persistence.Persistence on classpath containing 'getPersistenceUtil'. Assuming JPA 2 environment. Trying to instantiate JPA aware TraversableResolver
2025-05-02 12:14:52 [background-preinit] DEBUG o.h.v.i.e.r.TraversableResolvers - Instantiated JPA aware TraversableResolver of type org.hibernate.validator.internal.engine.resolver.JPATraversableResolver.
2025-05-02 12:14:52 [main] INFO  c.e.c.MedicalRecordControllerIntegrationTest - Starting MedicalRecordControllerIntegrationTest using Java 21.0.4 with PID 15108 (started by user in C:\Naga\HCL\HCL-FullStack-Gov_Task\medical-register-app-2)
2025-05-02 12:14:52 [main] DEBUG c.e.c.MedicalRecordControllerIntegrationTest - Running with Spring Boot v3.2.5, Spring v6.1.6
2025-05-02 12:14:52 [main] INFO  c.e.c.MedicalRecordControllerIntegrationTest - No active profile set, falling back to 1 default profile: "default"
2025-05-02 12:14:52 [background-preinit] DEBUG o.h.v.m.ResourceBundleMessageInterpolator - Loaded expression factory via original TCCL
2025-05-02 12:14:52 [main] DEBUG o.s.w.c.s.GenericWebApplicationContext - Refreshing org.springframework.web.context.support.GenericWebApplicationContext@6a933be2
2025-05-02 12:14:52 [background-preinit] DEBUG o.h.v.i.e.ValidatorFactoryConfigurationHelper - HV000252: Using org.hibernate.validator.internal.engine.DefaultPropertyNodeNameProvider as property node name provider.
2025-05-02 12:14:52 [background-preinit] DEBUG o.h.v.i.e.ValidatorFactoryConfigurationHelper - HV000234: Using org.hibernate.validator.messageinterpolation.ResourceBundleMessageInterpolator as ValidatorFactory-scoped message interpolator.
2025-05-02 12:14:52 [background-preinit] DEBUG o.h.v.i.e.ValidatorFactoryConfigurationHelper - HV000234: Using org.hibernate.validator.internal.engine.resolver.JPATraversableResolver as ValidatorFactory-scoped traversable resolver.
2025-05-02 12:14:52 [background-preinit] DEBUG o.h.v.i.e.ValidatorFactoryConfigurationHelper - HV000234: Using org.hibernate.validator.internal.util.ExecutableParameterNameProvider as ValidatorFactory-scoped parameter name provider.
2025-05-02 12:14:52 [background-preinit] DEBUG o.h.v.i.e.ValidatorFactoryConfigurationHelper - HV000234: Using org.hibernate.validator.internal.engine.DefaultClockProvider as ValidatorFactory-scoped clock provider.
2025-05-02 12:14:52 [background-preinit] DEBUG o.h.v.i.e.ValidatorFactoryConfigurationHelper - HV000234: Using org.hibernate.validator.internal.engine.scripting.DefaultScriptEvaluatorFactory as ValidatorFactory-scoped script evaluator factory.
2025-05-02 12:14:54 [main] INFO  o.s.d.r.c.RepositoryConfigurationDelegate - Bootstrapping Spring Data JPA repositories in DEFAULT mode.
2025-05-02 12:14:54 [main] INFO  o.s.d.r.c.RepositoryConfigurationDelegate - Finished Spring Data repository scanning in 97 ms. Found 2 JPA repository interfaces.
2025-05-02 12:14:54 [main] DEBUG com.zaxxer.hikari.HikariConfig - Driver class org.h2.Driver found in Thread context class loader jdk.internal.loader.ClassLoaders$AppClassLoader@70dea4e
2025-05-02 12:14:55 [main] DEBUG o.h.jpa.internal.util.LogHelper - PersistenceUnitInfo [
	name: default
	persistence provider classname: null
	classloader: jdk.internal.loader.ClassLoaders$AppClassLoader@70dea4e
	excludeUnlistedClasses: true
	JTA datasource: null
	Non JTA datasource: HikariDataSource (null)
	Transaction type: RESOURCE_LOCAL
	PU root URL: file:/C:/Naga/HCL/HCL-FullStack-Gov_Task/medical-register-app-2/target/test-classes/
	Shared Cache Mode: UNSPECIFIED
	Validation Mode: AUTO
	Jar files URLs []
	Managed classes names [
		com.example.model.AuditLog
		com.example.model.MedicalRecord]
	Mapping files names []
	Properties []
2025-05-02 12:14:55 [main] DEBUG o.h.i.internal.IntegratorServiceImpl - Adding Integrator [org.hibernate.boot.beanvalidation.BeanValidationIntegrator].
2025-05-02 12:14:55 [main] DEBUG o.h.i.internal.IntegratorServiceImpl - Adding Integrator [org.hibernate.cache.internal.CollectionCacheInvalidator].
2025-05-02 12:14:55 [main] INFO  org.hibernate.Version - HHH000412: Hibernate ORM core version 6.4.4.Final
2025-05-02 12:14:55 [main] DEBUG org.hibernate.cfg.Environment - HHH000206: 'hibernate.properties' not found
2025-05-02 12:14:55 [main] DEBUG org.hibernate.orm.idgen.factory - Registering IdentifierGenerator strategy [uuid2] -> [org.hibernate.id.UUIDGenerator]
2025-05-02 12:14:55 [main] DEBUG org.hibernate.orm.idgen.factory - Registering IdentifierGenerator strategy [guid] -> [org.hibernate.id.GUIDGenerator]
2025-05-02 12:14:55 [main] DEBUG org.hibernate.orm.idgen.factory - Registering IdentifierGenerator strategy [uuid] -> [org.hibernate.id.UUIDHexGenerator]
2025-05-02 12:14:55 [main] DEBUG org.hibernate.orm.idgen.factory - Registering IdentifierGenerator strategy [uuid.hex] -> [org.hibernate.id.UUIDHexGenerator]
2025-05-02 12:14:55 [main] DEBUG org.hibernate.orm.idgen.factory - Registering IdentifierGenerator strategy [assigned] -> [org.hibernate.id.Assigned]
2025-05-02 12:14:55 [main] DEBUG org.hibernate.orm.idgen.factory - Registering IdentifierGenerator strategy [identity] -> [org.hibernate.id.IdentityGenerator]
2025-05-02 12:14:55 [main] DEBUG org.hibernate.orm.idgen.factory - Registering IdentifierGenerator strategy [select] -> [org.hibernate.id.SelectGenerator]
2025-05-02 12:14:55 [main] DEBUG org.hibernate.orm.idgen.factory - Registering IdentifierGenerator strategy [sequence] -> [org.hibernate.id.enhanced.SequenceStyleGenerator]
2025-05-02 12:14:55 [main] DEBUG org.hibernate.orm.idgen.factory - Registering IdentifierGenerator strategy [increment] -> [org.hibernate.id.IncrementGenerator]
2025-05-02 12:14:55 [main] DEBUG org.hibernate.orm.idgen.factory - Registering IdentifierGenerator strategy [foreign] -> [org.hibernate.id.ForeignGenerator]
2025-05-02 12:14:55 [main] DEBUG org.hibernate.orm.idgen.factory - Registering IdentifierGenerator strategy [enhanced-sequence] -> [org.hibernate.id.enhanced.SequenceStyleGenerator]
2025-05-02 12:14:55 [main] DEBUG org.hibernate.orm.idgen.factory - Registering IdentifierGenerator strategy [enhanced-table] -> [org.hibernate.id.enhanced.TableGenerator]
2025-05-02 12:14:55 [main] DEBUG o.h.c.i.RegionFactoryInitiator - Cannot default RegionFactory based on registered strategies as `[]` RegionFactory strategies were registered
2025-05-02 12:14:55 [main] INFO  o.h.c.i.RegionFactoryInitiator - HHH000026: Second-level cache disabled
2025-05-02 12:14:55 [main] DEBUG o.hibernate.type.BasicTypeRegistry - Adding type registration boolean -> org.hibernate.type.BasicTypeReference@aa1bb14
2025-05-02 12:14:55 [main] DEBUG o.hibernate.type.BasicTypeRegistry - Adding type registration boolean -> org.hibernate.type.BasicTypeReference@aa1bb14
2025-05-02 12:14:55 [main] DEBUG o.hibernate.type.BasicTypeRegistry - Adding type registration java.lang.Boolean -> org.hibernate.type.BasicTypeReference@aa1bb14
2025-05-02 12:14:55 [main] DEBUG o.hibernate.type.BasicTypeRegistry - Adding type registration numeric_boolean -> org.hibernate.type.BasicTypeReference@7faa0680
2025-05-02 12:14:55 [main] DEBUG o.hibernate.type.BasicTypeRegistry - Adding type registration org.hibernate.type.NumericBooleanConverter -> org.hibernate.type.BasicTypeReference@7faa0680
2025-05-02 12:14:55 [main] DEBUG o.hibernate.type.BasicTypeRegistry - Adding type registration true_false -> org.hibernate.type.BasicTypeReference@4c635edc
2025-05-02 12:14:55 [main] DEBUG o.hibernate.type.BasicTypeRegistry - Adding type registration org.hibernate.type.TrueFalseConverter -> org.hibernate.type.BasicTypeReference@4c635edc
2025-05-02 12:14:55 [main] DEBUG o.hibernate.type.BasicTypeRegistry - Adding type registration yes_no -> org.hibernate.type.BasicTypeReference@4245bf68
2025-05-02 12:14:55 [main] DEBUG o.hibernate.type.BasicTypeRegistry - Adding type registration org.hibernate.type.YesNoConverter -> org.hibernate.type.BasicTypeReference@4245bf68
2025-05-02 12:14:55 [main] DEBUG o.hibernate.type.BasicTypeRegistry - Adding type registration byte -> org.hibernate.type.BasicTypeReference@45bbc52f
2025-05-02 12:14:55 [main] DEBUG o.hibernate.type.BasicTypeRegistry - Adding type registration byte -> org.hibernate.type.BasicTypeReference@45bbc52f
2025-05-02 12:14:55 [main] DEBUG o.hibernate.type.BasicTypeRegistry - Adding type registration java.lang.Byte -> org.hibernate.type.BasicTypeReference@45bbc52f
2025-05-02 12:14:55 [main] DEBUG o.hibernate.type.BasicTypeRegistry - Adding type registration binary -> org.hibernate.type.BasicTypeReference@6a8a551e
2025-05-02 12:14:55 [main] DEBUG o.hibernate.type.BasicTypeRegistry - Adding type registration byte[] -> org.hibernate.type.BasicTypeReference@6a8a551e
2025-05-02 12:14:55 [main] DEBUG o.hibernate.type.BasicTypeRegistry - Adding type registration [B -> org.hibernate.type.BasicTypeReference@6a8a551e
2025-05-02 12:14:55 [main] DEBUG o.hibernate.type.BasicTypeRegistry - Adding type registration binary_wrapper -> org.hibernate.type.BasicTypeReference@3cc9632d
2025-05-02 12:14:55 [main] DEBUG o.hibernate.type.BasicTypeRegistry - Adding type registration wrapper-binary -> org.hibernate.type.BasicTypeReference@3cc9632d
2025-05-02 12:14:55 [main] DEBUG o.hibernate.type.BasicTypeRegistry - Adding type registration image -> org.hibernate.type.BasicTypeReference@53982523
2025-05-02 12:14:55 [main] DEBUG o.hibernate.type.BasicTypeRegistry - Adding type registration blob -> org.hibernate.type.BasicTypeReference@489110c2
2025-05-02 12:14:55 [main] DEBUG o.hibernate.type.BasicTypeRegistry - Adding type registration java.sql.Blob -> org.hibernate.type.BasicTypeReference@489110c2
2025-05-02 12:14:55 [main] DEBUG o.hibernate.type.BasicTypeRegistry - Adding type registration materialized_blob -> org.hibernate.type.BasicTypeReference@700b9e6b
2025-05-02 12:14:55 [main] DEBUG o.hibernate.type.BasicTypeRegistry - Adding type registration materialized_blob_wrapper -> org.hibernate.type.BasicTypeReference@7ac5b4c
2025-05-02 12:14:55 [main] DEBUG o.hibernate.type.BasicTypeRegistry - Adding type registration short -> org.hibernate.type.BasicTypeReference@150fc7a7
2025-05-02 12:14:55 [main] DEBUG o.hibernate.type.BasicTypeRegistry - Adding type registration short -> org.hibernate.type.BasicTypeReference@150fc7a7
2025-05-02 12:14:55 [main] DEBUG o.hibernate.type.BasicTypeRegistry - Adding type registration java.lang.Short -> org.hibernate.type.BasicTypeReference@150fc7a7
2025-05-02 12:14:55 [main] DEBUG o.hibernate.type.BasicTypeRegistry - Adding type registration integer -> org.hibernate.type.BasicTypeReference@55d8c2c4
2025-05-02 12:14:55 [main] DEBUG o.hibernate.type.BasicTypeRegistry - Adding type registration int -> org.hibernate.type.BasicTypeReference@55d8c2c4
2025-05-02 12:14:55 [main] DEBUG o.hibernate.type.BasicTypeRegistry - Adding type registration java.lang.Integer -> org.hibernate.type.BasicTypeReference@55d8c2c4
2025-05-02 12:14:55 [main] DEBUG o.hibernate.type.BasicTypeRegistry - Adding type registration long -> org.hibernate.type.BasicTypeReference@798cf6d2
2025-05-02 12:14:55 [main] DEBUG o.hibernate.type.BasicTypeRegistry - Adding type registration long -> org.hibernate.type.BasicTypeReference@798cf6d2
2025-05-02 12:14:55 [main] DEBUG o.hibernate.type.BasicTypeRegistry - Adding type registration java.lang.Long -> org.hibernate.type.BasicTypeReference@798cf6d2
2025-05-02 12:14:55 [main] DEBUG o.hibernate.type.BasicTypeRegistry - Adding type registration float -> org.hibernate.type.BasicTypeReference@1c1fa494
2025-05-02 12:14:55 [main] DEBUG o.hibernate.type.BasicTypeRegistry - Adding type registration float -> org.hibernate.type.BasicTypeReference@1c1fa494
2025-05-02 12:14:55 [main] DEBUG o.hibernate.type.BasicTypeRegistry - Adding type registration java.lang.Float -> org.hibernate.type.BasicTypeReference@1c1fa494
2025-05-02 12:14:55 [main] DEBUG o.hibernate.type.BasicTypeRegistry - Adding type registration double -> org.hibernate.type.BasicTypeReference@77c66a4f
2025-05-02 12:14:55 [main] DEBUG o.hibernate.type.BasicTypeRegistry - Adding type registration double -> org.hibernate.type.BasicTypeReference@77c66a4f
2025-05-02 12:14:55 [main] DEBUG o.hibernate.type.BasicTypeRegistry - Adding type registration java.lang.Double -> org.hibernate.type.BasicTypeReference@77c66a4f
2025-05-02 12:14:55 [main] DEBUG o.hibernate.type.BasicTypeRegistry - Adding type registration big_integer -> org.hibernate.type.BasicTypeReference@649b5891
2025-05-02 12:14:55 [main] DEBUG o.hibernate.type.BasicTypeRegistry - Adding type registration java.math.BigInteger -> org.hibernate.type.BasicTypeReference@649b5891
2025-05-02 12:14:55 [main] DEBUG o.hibernate.type.BasicTypeRegistry - Adding type registration big_decimal -> org.hibernate.type.BasicTypeReference@7a3f08b6
2025-05-02 12:14:55 [main] DEBUG o.hibernate.type.BasicTypeRegistry - Adding type registration java.math.BigDecimal -> org.hibernate.type.BasicTypeReference@7a3f08b6
2025-05-02 12:14:55 [main] DEBUG o.hibernate.type.BasicTypeRegistry - Adding type registration character -> org.hibernate.type.BasicTypeReference@1be52861
2025-05-02 12:14:55 [main] DEBUG o.hibernate.type.BasicTypeRegistry - Adding type registration char -> org.hibernate.type.BasicTypeReference@1be52861
2025-05-02 12:14:55 [main] DEBUG o.hibernate.type.BasicTypeRegistry - Adding type registration java.lang.Character -> org.hibernate.type.BasicTypeReference@1be52861
2025-05-02 12:14:55 [main] DEBUG o.hibernate.type.BasicTypeRegistry - Adding type registration character_nchar -> org.hibernate.type.BasicTypeReference@5fb5ad40
2025-05-02 12:14:55 [main] DEBUG o.hibernate.type.BasicTypeRegistry - Adding type registration string -> org.hibernate.type.BasicTypeReference@615439f7
2025-05-02 12:14:55 [main] DEBUG o.hibernate.type.BasicTypeRegistry - Adding type registration java.lang.String -> org.hibernate.type.BasicTypeReference@615439f7
2025-05-02 12:14:55 [main] DEBUG o.hibernate.type.BasicTypeRegistry - Adding type registration nstring -> org.hibernate.type.BasicTypeReference@632cf7d3
2025-05-02 12:14:55 [main] DEBUG o.hibernate.type.BasicTypeRegistry - Adding type registration characters -> org.hibernate.type.BasicTypeReference@51b87df7
2025-05-02 12:14:55 [main] DEBUG o.hibernate.type.BasicTypeRegistry - Adding type registration char[] -> org.hibernate.type.BasicTypeReference@51b87df7
2025-05-02 12:14:55 [main] DEBUG o.hibernate.type.BasicTypeRegistry - Adding type registration [C -> org.hibernate.type.BasicTypeReference@51b87df7
2025-05-02 12:14:55 [main] DEBUG o.hibernate.type.BasicTypeRegistry - Adding type registration wrapper-characters -> org.hibernate.type.BasicTypeReference@2315052d
2025-05-02 12:14:55 [main] DEBUG o.hibernate.type.BasicTypeRegistry - Adding type registration text -> org.hibernate.type.BasicTypeReference@634e1b39
2025-05-02 12:14:55 [main] DEBUG o.hibernate.type.BasicTypeRegistry - Adding type registration ntext -> org.hibernate.type.BasicTypeReference@67d8faec
2025-05-02 12:14:55 [main] DEBUG o.hibernate.type.BasicTypeRegistry - Adding type registration clob -> org.hibernate.type.BasicTypeReference@751d7425
2025-05-02 12:14:55 [main] DEBUG o.hibernate.type.BasicTypeRegistry - Adding type registration java.sql.Clob -> org.hibernate.type.BasicTypeReference@751d7425
2025-05-02 12:14:55 [main] DEBUG o.hibernate.type.BasicTypeRegistry - Adding type registration nclob -> org.hibernate.type.BasicTypeReference@7eaa2bc6
2025-05-02 12:14:55 [main] DEBUG o.hibernate.type.BasicTypeRegistry - Adding type registration java.sql.NClob -> org.hibernate.type.BasicTypeReference@7eaa2bc6
2025-05-02 12:14:55 [main] DEBUG o.hibernate.type.BasicTypeRegistry - Adding type registration materialized_clob -> org.hibernate.type.BasicTypeReference@6dae70f9
2025-05-02 12:14:55 [main] DEBUG o.hibernate.type.BasicTypeRegistry - Adding type registration materialized_clob_char_array -> org.hibernate.type.BasicTypeReference@4d81e83a
2025-05-02 12:14:55 [main] DEBUG o.hibernate.type.BasicTypeRegistry - Adding type registration materialized_clob_character_array -> org.hibernate.type.BasicTypeReference@53a301f3
2025-05-02 12:14:55 [main] DEBUG o.hibernate.type.BasicTypeRegistry - Adding type registration materialized_nclob -> org.hibernate.type.BasicTypeReference@7cf8f45a
2025-05-02 12:14:55 [main] DEBUG o.hibernate.type.BasicTypeRegistry - Adding type registration materialized_nclob_character_array -> org.hibernate.type.BasicTypeReference@62cf6a84
2025-05-02 12:14:55 [main] DEBUG o.hibernate.type.BasicTypeRegistry - Adding type registration materialized_nclob_char_array -> org.hibernate.type.BasicTypeReference@204d9edf
2025-05-02 12:14:55 [main] DEBUG o.hibernate.type.BasicTypeRegistry - Adding type registration Duration -> org.hibernate.type.BasicTypeReference@6b2aafbc
2025-05-02 12:14:55 [main] DEBUG o.hibernate.type.BasicTypeRegistry - Adding type registration java.time.Duration -> org.hibernate.type.BasicTypeReference@6b2aafbc
2025-05-02 12:14:55 [main] DEBUG o.hibernate.type.BasicTypeRegistry - Adding type registration LocalDateTime -> org.hibernate.type.BasicTypeReference@50cbcca7
2025-05-02 12:14:55 [main] DEBUG o.hibernate.type.BasicTypeRegistry - Adding type registration java.time.LocalDateTime -> org.hibernate.type.BasicTypeReference@50cbcca7
2025-05-02 12:14:55 [main] DEBUG o.hibernate.type.BasicTypeRegistry - Adding type registration LocalDate -> org.hibernate.type.BasicTypeReference@49491770
2025-05-02 12:14:55 [main] DEBUG o.hibernate.type.BasicTypeRegistry - Adding type registration java.time.LocalDate -> org.hibernate.type.BasicTypeReference@49491770
2025-05-02 12:14:55 [main] DEBUG o.hibernate.type.BasicTypeRegistry - Adding type registration LocalTime -> org.hibernate.type.BasicTypeReference@5bec3e0
2025-05-02 12:14:55 [main] DEBUG o.hibernate.type.BasicTypeRegistry - Adding type registration java.time.LocalTime -> org.hibernate.type.BasicTypeReference@5bec3e0
2025-05-02 12:14:55 [main] DEBUG o.hibernate.type.BasicTypeRegistry - Adding type registration OffsetDateTime -> org.hibernate.type.BasicTypeReference@3b57dba4
2025-05-02 12:14:55 [main] DEBUG o.hibernate.type.BasicTypeRegistry - Adding type registration java.time.OffsetDateTime -> org.hibernate.type.BasicTypeReference@3b57dba4
2025-05-02 12:14:55 [main] DEBUG o.hibernate.type.BasicTypeRegistry - Adding type registration OffsetDateTimeWithTimezone -> org.hibernate.type.BasicTypeReference@35f7969d
2025-05-02 12:14:55 [main] DEBUG o.hibernate.type.BasicTypeRegistry - Adding type registration OffsetDateTimeWithoutTimezone -> org.hibernate.type.BasicTypeReference@3404e5c4
2025-05-02 12:14:55 [main] DEBUG o.hibernate.type.BasicTypeRegistry - Adding type registration OffsetTime -> org.hibernate.type.BasicTypeReference@47569167
2025-05-02 12:14:55 [main] DEBUG o.hibernate.type.BasicTypeRegistry - Adding type registration java.time.OffsetTime -> org.hibernate.type.BasicTypeReference@47569167
2025-05-02 12:14:55 [main] DEBUG o.hibernate.type.BasicTypeRegistry - Adding type registration OffsetTimeUtc -> org.hibernate.type.BasicTypeReference@42d9e8d2
2025-05-02 12:14:55 [main] DEBUG o.hibernate.type.BasicTypeRegistry - Adding type registration OffsetTimeWithTimezone -> org.hibernate.type.BasicTypeReference@4b93dd6a
2025-05-02 12:14:55 [main] DEBUG o.hibernate.type.BasicTypeRegistry - Adding type registration OffsetTimeWithoutTimezone -> org.hibernate.type.BasicTypeReference@582a3b19
2025-05-02 12:14:55 [main] DEBUG o.hibernate.type.BasicTypeRegistry - Adding type registration ZonedDateTime -> org.hibernate.type.BasicTypeReference@2b0454d2
2025-05-02 12:14:55 [main] DEBUG o.hibernate.type.BasicTypeRegistry - Adding type registration java.time.ZonedDateTime -> org.hibernate.type.BasicTypeReference@2b0454d2
2025-05-02 12:14:55 [main] DEBUG o.hibernate.type.BasicTypeRegistry - Adding type registration ZonedDateTimeWithTimezone -> org.hibernate.type.BasicTypeReference@2616b618
2025-05-02 12:14:55 [main] DEBUG o.hibernate.type.BasicTypeRegistry - Adding type registration ZonedDateTimeWithoutTimezone -> org.hibernate.type.BasicTypeReference@73bb573d
2025-05-02 12:14:55 [main] DEBUG o.hibernate.type.BasicTypeRegistry - Adding type registration date -> org.hibernate.type.BasicTypeReference@7ac058a0
2025-05-02 12:14:55 [main] DEBUG o.hibernate.type.BasicTypeRegistry - Adding type registration java.sql.Date -> org.hibernate.type.BasicTypeReference@7ac058a0
2025-05-02 12:14:55 [main] DEBUG o.hibernate.type.BasicTypeRegistry - Adding type registration time -> org.hibernate.type.BasicTypeReference@736b21ee
2025-05-02 12:14:55 [main] DEBUG o.hibernate.type.BasicTypeRegistry - Adding type registration java.sql.Time -> org.hibernate.type.BasicTypeReference@736b21ee
2025-05-02 12:14:55 [main] DEBUG o.hibernate.type.BasicTypeRegistry - Adding type registration timestamp -> org.hibernate.type.BasicTypeReference@60deefed
2025-05-02 12:14:55 [main] DEBUG o.hibernate.type.BasicTypeRegistry - Adding type registration java.sql.Timestamp -> org.hibernate.type.BasicTypeReference@60deefed
2025-05-02 12:14:55 [main] DEBUG o.hibernate.type.BasicTypeRegistry - Adding type registration java.util.Date -> org.hibernate.type.BasicTypeReference@60deefed
2025-05-02 12:14:55 [main] DEBUG o.hibernate.type.BasicTypeRegistry - Adding type registration calendar -> org.hibernate.type.BasicTypeReference@49754e74
2025-05-02 12:14:55 [main] DEBUG o.hibernate.type.BasicTypeRegistry - Adding type registration java.util.Calendar -> org.hibernate.type.BasicTypeReference@49754e74
2025-05-02 12:14:55 [main] DEBUG o.hibernate.type.BasicTypeRegistry - Adding type registration java.util.GregorianCalendar -> org.hibernate.type.BasicTypeReference@49754e74
2025-05-02 12:14:55 [main] DEBUG o.hibernate.type.BasicTypeRegistry - Adding type registration calendar_date -> org.hibernate.type.BasicTypeReference@1b46392c
2025-05-02 12:14:55 [main] DEBUG o.hibernate.type.BasicTypeRegistry - Adding type registration calendar_time -> org.hibernate.type.BasicTypeReference@cf01c2e
2025-05-02 12:14:55 [main] DEBUG o.hibernate.type.BasicTypeRegistry - Adding type registration instant -> org.hibernate.type.BasicTypeReference@6f15f52a
2025-05-02 12:14:55 [main] DEBUG o.hibernate.type.BasicTypeRegistry - Adding type registration java.time.Instant -> org.hibernate.type.BasicTypeReference@6f15f52a
2025-05-02 12:14:55 [main] DEBUG o.hibernate.type.BasicTypeRegistry - Adding type registration uuid -> org.hibernate.type.BasicTypeReference@1eb9bf60
2025-05-02 12:14:55 [main] DEBUG o.hibernate.type.BasicTypeRegistry - Adding type registration java.util.UUID -> org.hibernate.type.BasicTypeReference@1eb9bf60
2025-05-02 12:14:55 [main] DEBUG o.hibernate.type.BasicTypeRegistry - Adding type registration pg-uuid -> org.hibernate.type.BasicTypeReference@1eb9bf60
2025-05-02 12:14:55 [main] DEBUG o.hibernate.type.BasicTypeRegistry - Adding type registration uuid-binary -> org.hibernate.type.BasicTypeReference@341c6ac2
2025-05-02 12:14:55 [main] DEBUG o.hibernate.type.BasicTypeRegistry - Adding type registration uuid-char -> org.hibernate.type.BasicTypeReference@38811103
2025-05-02 12:14:55 [main] DEBUG o.hibernate.type.BasicTypeRegistry - Adding type registration class -> org.hibernate.type.BasicTypeReference@787d1f9c
2025-05-02 12:14:55 [main] DEBUG o.hibernate.type.BasicTypeRegistry - Adding type registration java.lang.Class -> org.hibernate.type.BasicTypeReference@787d1f9c
2025-05-02 12:14:55 [main] DEBUG o.hibernate.type.BasicTypeRegistry - Adding type registration currency -> org.hibernate.type.BasicTypeReference@2becfd4c
2025-05-02 12:14:55 [main] DEBUG o.hibernate.type.BasicTypeRegistry - Adding type registration Currency -> org.hibernate.type.BasicTypeReference@2becfd4c
2025-05-02 12:14:55 [main] DEBUG o.hibernate.type.BasicTypeRegistry - Adding type registration java.util.Currency -> org.hibernate.type.BasicTypeReference@2becfd4c
2025-05-02 12:14:55 [main] DEBUG o.hibernate.type.BasicTypeRegistry - Adding type registration locale -> org.hibernate.type.BasicTypeReference@7c71c889
2025-05-02 12:14:55 [main] DEBUG o.hibernate.type.BasicTypeRegistry - Adding type registration java.util.Locale -> org.hibernate.type.BasicTypeReference@7c71c889
2025-05-02 12:14:55 [main] DEBUG o.hibernate.type.BasicTypeRegistry - Adding type registration serializable -> org.hibernate.type.BasicTypeReference@4cc8d70d
2025-05-02 12:14:55 [main] DEBUG o.hibernate.type.BasicTypeRegistry - Adding type registration java.io.Serializable -> org.hibernate.type.BasicTypeReference@4cc8d70d
2025-05-02 12:14:55 [main] DEBUG o.hibernate.type.BasicTypeRegistry - Adding type registration timezone -> org.hibernate.type.BasicTypeReference@5c59a0f7
2025-05-02 12:14:55 [main] DEBUG o.hibernate.type.BasicTypeRegistry - Adding type registration java.util.TimeZone -> org.hibernate.type.BasicTypeReference@5c59a0f7
2025-05-02 12:14:55 [main] DEBUG o.hibernate.type.BasicTypeRegistry - Adding type registration ZoneOffset -> org.hibernate.type.BasicTypeReference@101330ad
2025-05-02 12:14:55 [main] DEBUG o.hibernate.type.BasicTypeRegistry - Adding type registration java.time.ZoneOffset -> org.hibernate.type.BasicTypeReference@101330ad
2025-05-02 12:14:55 [main] DEBUG o.hibernate.type.BasicTypeRegistry - Adding type registration url -> org.hibernate.type.BasicTypeReference@625487a6
2025-05-02 12:14:55 [main] DEBUG o.hibernate.type.BasicTypeRegistry - Adding type registration java.net.URL -> org.hibernate.type.BasicTypeReference@625487a6
2025-05-02 12:14:55 [main] DEBUG o.hibernate.type.BasicTypeRegistry - Adding type registration vector -> org.hibernate.type.BasicTypeReference@682e445e
2025-05-02 12:14:55 [main] DEBUG o.hibernate.type.BasicTypeRegistry - Adding type registration row_version -> org.hibernate.type.BasicTypeReference@79e10fb4
2025-05-02 12:14:55 [main] DEBUG o.hibernate.type.BasicTypeRegistry - Adding type registration object -> org.hibernate.type.JavaObjectType@2baf72d5
2025-05-02 12:14:55 [main] DEBUG o.hibernate.type.BasicTypeRegistry - Adding type registration java.lang.Object -> org.hibernate.type.JavaObjectType@2baf72d5
2025-05-02 12:14:55 [main] DEBUG o.hibernate.type.BasicTypeRegistry - Adding type registration null -> org.hibernate.type.NullType@35fa450f
2025-05-02 12:14:55 [main] DEBUG o.hibernate.type.BasicTypeRegistry - Adding type registration imm_date -> org.hibernate.type.BasicTypeReference@3e03046d
2025-05-02 12:14:55 [main] DEBUG o.hibernate.type.BasicTypeRegistry - Adding type registration imm_time -> org.hibernate.type.BasicTypeReference@9b3be1c
2025-05-02 12:14:55 [main] DEBUG o.hibernate.type.BasicTypeRegistry - Adding type registration imm_timestamp -> org.hibernate.type.BasicTypeReference@74e497ae
2025-05-02 12:14:55 [main] DEBUG o.hibernate.type.BasicTypeRegistry - Adding type registration imm_calendar -> org.hibernate.type.BasicTypeReference@13516600
2025-05-02 12:14:55 [main] DEBUG o.hibernate.type.BasicTypeRegistry - Adding type registration imm_calendar_date -> org.hibernate.type.BasicTypeReference@35d7386b
2025-05-02 12:14:55 [main] DEBUG o.hibernate.type.BasicTypeRegistry - Adding type registration imm_calendar_time -> org.hibernate.type.BasicTypeReference@21002393
2025-05-02 12:14:55 [main] DEBUG o.hibernate.type.BasicTypeRegistry - Adding type registration imm_binary -> org.hibernate.type.BasicTypeReference@718989fa
2025-05-02 12:14:55 [main] DEBUG o.hibernate.type.BasicTypeRegistry - Adding type registration imm_serializable -> org.hibernate.type.BasicTypeReference@69f080ad
2025-05-02 12:14:55 [main] DEBUG o.h.b.internal.BootstrapContextImpl - Injecting JPA temp ClassLoader [org.springframework.instrument.classloading.SimpleThrowawayClassLoader@3dfd7eaa] into BootstrapContext; was [null]
2025-05-02 12:14:55 [main] DEBUG o.h.b.internal.ClassLoaderAccessImpl - ClassLoaderAccessImpl#injectTempClassLoader(org.springframework.instrument.classloading.SimpleThrowawayClassLoader@3dfd7eaa) [was null]
2025-05-02 12:14:55 [main] DEBUG o.h.b.internal.BootstrapContextImpl - Injecting ScanEnvironment [org.hibernate.jpa.boot.internal.StandardJpaScanEnvironmentImpl@5f193335] into BootstrapContext; was [null]
2025-05-02 12:14:55 [main] DEBUG o.h.b.internal.BootstrapContextImpl - Injecting ScanOptions [org.hibernate.boot.archive.scan.internal.StandardScanOptions@19002b34] into BootstrapContext; was [org.hibernate.boot.archive.scan.internal.StandardScanOptions@1ec88aa1]
2025-05-02 12:14:56 [main] INFO  o.s.o.j.p.SpringPersistenceUnitInfo - No LoadTimeWeaver setup: ignoring JPA class transformer
2025-05-02 12:14:56 [main] DEBUG o.h.b.internal.BootstrapContextImpl - Injecting JPA temp ClassLoader [null] into BootstrapContext; was [org.springframework.instrument.classloading.SimpleThrowawayClassLoader@3dfd7eaa]
2025-05-02 12:14:56 [main] DEBUG o.h.b.internal.ClassLoaderAccessImpl - ClassLoaderAccessImpl#injectTempClassLoader(null) [was org.springframework.instrument.classloading.SimpleThrowawayClassLoader@3dfd7eaa]
2025-05-02 12:14:56 [main] DEBUG com.zaxxer.hikari.HikariConfig - HikariPool-1 - configuration:
2025-05-02 12:14:56 [main] DEBUG com.zaxxer.hikari.HikariConfig - allowPoolSuspension.............false
2025-05-02 12:14:56 [main] DEBUG com.zaxxer.hikari.HikariConfig - autoCommit......................true
2025-05-02 12:14:56 [main] DEBUG com.zaxxer.hikari.HikariConfig - catalog.........................none
2025-05-02 12:14:56 [main] DEBUG com.zaxxer.hikari.HikariConfig - connectionInitSql...............none
2025-05-02 12:14:56 [main] DEBUG com.zaxxer.hikari.HikariConfig - connectionTestQuery.............none
2025-05-02 12:14:56 [main] DEBUG com.zaxxer.hikari.HikariConfig - connectionTimeout...............30000
2025-05-02 12:14:56 [main] DEBUG com.zaxxer.hikari.HikariConfig - dataSource......................none
2025-05-02 12:14:56 [main] DEBUG com.zaxxer.hikari.HikariConfig - dataSourceClassName.............none
2025-05-02 12:14:56 [main] DEBUG com.zaxxer.hikari.HikariConfig - dataSourceJNDI..................none
2025-05-02 12:14:56 [main] DEBUG com.zaxxer.hikari.HikariConfig - dataSourceProperties............{password=<masked>}
2025-05-02 12:14:56 [main] DEBUG com.zaxxer.hikari.HikariConfig - driverClassName................."org.h2.Driver"
2025-05-02 12:14:56 [main] DEBUG com.zaxxer.hikari.HikariConfig - exceptionOverrideClassName......none
2025-05-02 12:14:56 [main] DEBUG com.zaxxer.hikari.HikariConfig - healthCheckProperties...........{}
2025-05-02 12:14:56 [main] DEBUG com.zaxxer.hikari.HikariConfig - healthCheckRegistry.............none
2025-05-02 12:14:56 [main] DEBUG com.zaxxer.hikari.HikariConfig - idleTimeout.....................600000
2025-05-02 12:14:56 [main] DEBUG com.zaxxer.hikari.HikariConfig - initializationFailTimeout.......1
2025-05-02 12:14:56 [main] DEBUG com.zaxxer.hikari.HikariConfig - isolateInternalQueries..........false
2025-05-02 12:14:56 [main] DEBUG com.zaxxer.hikari.HikariConfig - jdbcUrl.........................jdbc:h2:mem:medical_register;DB_CLOSE_DELAY=-1;DB_CLOSE_ON_EXIT=FALSE
2025-05-02 12:14:56 [main] DEBUG com.zaxxer.hikari.HikariConfig - keepaliveTime...................0
2025-05-02 12:14:56 [main] DEBUG com.zaxxer.hikari.HikariConfig - leakDetectionThreshold..........0
2025-05-02 12:14:56 [main] DEBUG com.zaxxer.hikari.HikariConfig - maxLifetime.....................1800000
2025-05-02 12:14:56 [main] DEBUG com.zaxxer.hikari.HikariConfig - maximumPoolSize.................10
2025-05-02 12:14:56 [main] DEBUG com.zaxxer.hikari.HikariConfig - metricRegistry..................none
2025-05-02 12:14:56 [main] DEBUG com.zaxxer.hikari.HikariConfig - metricsTrackerFactory...........none
2025-05-02 12:14:56 [main] DEBUG com.zaxxer.hikari.HikariConfig - minimumIdle.....................10
2025-05-02 12:14:56 [main] DEBUG com.zaxxer.hikari.HikariConfig - password........................<masked>
2025-05-02 12:14:56 [main] DEBUG com.zaxxer.hikari.HikariConfig - poolName........................"HikariPool-1"
2025-05-02 12:14:56 [main] DEBUG com.zaxxer.hikari.HikariConfig - readOnly........................false
2025-05-02 12:14:56 [main] DEBUG com.zaxxer.hikari.HikariConfig - registerMbeans..................false
2025-05-02 12:14:56 [main] DEBUG com.zaxxer.hikari.HikariConfig - scheduledExecutor...............none
2025-05-02 12:14:56 [main] DEBUG com.zaxxer.hikari.HikariConfig - schema..........................none
2025-05-02 12:14:56 [main] DEBUG com.zaxxer.hikari.HikariConfig - threadFactory...................internal
2025-05-02 12:14:56 [main] DEBUG com.zaxxer.hikari.HikariConfig - transactionIsolation............default
2025-05-02 12:14:56 [main] DEBUG com.zaxxer.hikari.HikariConfig - username........................"sa"
2025-05-02 12:14:56 [main] DEBUG com.zaxxer.hikari.HikariConfig - validationTimeout...............5000
2025-05-02 12:14:56 [main] INFO  com.zaxxer.hikari.HikariDataSource - HikariPool-1 - Starting...
2025-05-02 12:14:56 [main] INFO  com.zaxxer.hikari.pool.HikariPool - HikariPool-1 - Added connection conn0: url=jdbc:h2:mem:medical_register user=SA
2025-05-02 12:14:56 [main] INFO  com.zaxxer.hikari.HikariDataSource - HikariPool-1 - Start completed.
2025-05-02 12:14:56 [main] DEBUG o.h.e.j.e.i.JdbcEnvironmentInitiator - Database ->
       name : H2
    version : 2.1.214 (2022-06-13)
      major : 2
      minor : 1
2025-05-02 12:14:56 [main] DEBUG o.h.e.j.e.i.JdbcEnvironmentInitiator - Driver ->
       name : H2 JDBC Driver
    version : 2.1.214 (2022-06-13)
      major : 2
      minor : 1
2025-05-02 12:14:56 [main] DEBUG o.h.e.j.e.i.JdbcEnvironmentInitiator - JDBC version : 4.2
2025-05-02 12:14:56 [main] WARN  org.hibernate.orm.deprecation - HHH90000025: H2Dialect does not need to be specified explicitly using 'hibernate.dialect' (remove the property setting and it will be selected by default)
2025-05-02 12:14:56 [main] DEBUG org.hibernate.orm.dialect - HHH035001: Using dialect: org.hibernate.dialect.H2Dialect, version: 2.1.214
2025-05-02 12:14:56 [main] DEBUG o.h.e.j.e.s.IdentifierHelperBuilder - JDBC driver metadata reported database stores quoted identifiers in neither upper, lower nor mixed case
2025-05-02 12:14:56 [main] DEBUG o.h.t.d.jdbc.spi.JdbcTypeRegistry - addDescriptor(NCharTypeDescriptor) replaced previous registration(CharTypeDescriptor)
2025-05-02 12:14:56 [main] DEBUG o.h.t.d.jdbc.spi.JdbcTypeRegistry - addDescriptor(NVarcharTypeDescriptor) replaced previous registration(VarcharTypeDescriptor)
2025-05-02 12:14:56 [main] DEBUG o.h.t.d.jdbc.spi.JdbcTypeRegistry - addDescriptor(LongNVarcharTypeDescriptor) replaced previous registration(LongVarcharTypeDescriptor)
2025-05-02 12:14:56 [main] DEBUG o.h.t.d.jdbc.spi.JdbcTypeRegistry - addDescriptor(NClobTypeDescriptor(DEFAULT)) replaced previous registration(ClobTypeDescriptor(DEFAULT))
2025-05-02 12:14:56 [main] DEBUG o.h.t.d.jdbc.spi.JdbcTypeRegistry - addDescriptor(2005, ClobTypeDescriptor(STREAM_BINDING)) replaced previous registration(ClobTypeDescriptor(DEFAULT))
2025-05-02 12:14:56 [main] DEBUG o.h.t.d.jdbc.spi.JdbcTypeRegistry - addDescriptor(TimestampUtcDescriptor) replaced previous registration(TimestampUtcDescriptor)
2025-05-02 12:14:56 [HikariPool-1 housekeeper] DEBUG com.zaxxer.hikari.pool.HikariPool - HikariPool-1 - Pool stats (total=1, active=0, idle=1, waiting=0)
2025-05-02 12:14:56 [HikariPool-1 connection adder] DEBUG com.zaxxer.hikari.pool.HikariPool - HikariPool-1 - Added connection conn1: url=jdbc:h2:mem:medical_register user=SA
2025-05-02 12:14:56 [main] DEBUG o.hibernate.type.BasicTypeRegistry - Adding type registration org.hibernate.type.DurationType -> basicType@1(java.time.Duration,3015)
2025-05-02 12:14:56 [main] DEBUG o.hibernate.type.BasicTypeRegistry - Adding type registration Duration -> basicType@1(java.time.Duration,3015)
2025-05-02 12:14:56 [main] DEBUG o.hibernate.type.BasicTypeRegistry - Adding type registration java.time.Duration -> basicType@1(java.time.Duration,3015)
2025-05-02 12:14:56 [HikariPool-1 connection adder] DEBUG com.zaxxer.hikari.pool.HikariPool - HikariPool-1 - Added connection conn2: url=jdbc:h2:mem:medical_register user=SA
2025-05-02 12:14:56 [main] DEBUG o.h.type.spi.TypeConfiguration$Scope - Scoping TypeConfiguration [org.hibernate.type.spi.TypeConfiguration@195498aa] to MetadataBuildingContext [org.hibernate.boot.internal.MetadataBuildingContextRootImpl@4b360972]
2025-05-02 12:14:56 [HikariPool-1 connection adder] DEBUG com.zaxxer.hikari.pool.HikariPool - HikariPool-1 - Added connection conn3: url=jdbc:h2:mem:medical_register user=SA
2025-05-02 12:14:56 [HikariPool-1 connection adder] DEBUG com.zaxxer.hikari.pool.HikariPool - HikariPool-1 - Added connection conn4: url=jdbc:h2:mem:medical_register user=SA
2025-05-02 12:14:56 [HikariPool-1 connection adder] DEBUG com.zaxxer.hikari.pool.HikariPool - HikariPool-1 - Added connection conn5: url=jdbc:h2:mem:medical_register user=SA
2025-05-02 12:14:56 [main] DEBUG o.h.boot.model.relational.Namespace - Created database namespace [logicalName=Name{catalog=null, schema=null}, physicalName=Name{catalog=null, schema=null}]
2025-05-02 12:14:56 [HikariPool-1 connection adder] DEBUG com.zaxxer.hikari.pool.HikariPool - HikariPool-1 - Added connection conn6: url=jdbc:h2:mem:medical_register user=SA
2025-05-02 12:14:56 [HikariPool-1 connection adder] DEBUG com.zaxxer.hikari.pool.HikariPool - HikariPool-1 - Added connection conn7: url=jdbc:h2:mem:medical_register user=SA
2025-05-02 12:14:56 [HikariPool-1 connection adder] DEBUG com.zaxxer.hikari.pool.HikariPool - HikariPool-1 - Added connection conn8: url=jdbc:h2:mem:medical_register user=SA
2025-05-02 12:14:56 [main] DEBUG o.h.boot.model.internal.EntityBinder - Binding entity from annotated class: com.example.model.AuditLog
2025-05-02 12:14:56 [HikariPool-1 connection adder] DEBUG com.zaxxer.hikari.pool.HikariPool - HikariPool-1 - Added connection conn9: url=jdbc:h2:mem:medical_register user=SA
2025-05-02 12:14:56 [main] DEBUG o.h.boot.model.internal.EntityBinder - Import with entity name AuditLog
2025-05-02 12:14:56 [HikariPool-1 connection adder] DEBUG com.zaxxer.hikari.pool.HikariPool - HikariPool-1 - After adding stats (total=10, active=0, idle=10, waiting=0)
2025-05-02 12:14:56 [main] DEBUG o.h.boot.model.internal.EntityBinder - Bind entity com.example.model.AuditLog on table audit_log
2025-05-02 12:14:56 [main] DEBUG o.h.b.model.internal.AnnotatedColumn - Binding column: AnnotatedDiscriminatorColumn(column='DTYPE')
2025-05-02 12:14:56 [main] DEBUG o.h.b.model.internal.AnnotatedColumn - Binding column: AnnotatedColumn()
2025-05-02 12:14:56 [main] DEBUG o.h.b.internal.ClassLoaderAccessImpl - Not known whether passed class name [com.example.model.AuditLog] is safe
2025-05-02 12:14:56 [main] DEBUG o.h.b.internal.ClassLoaderAccessImpl - No temp ClassLoader provided; using live ClassLoader for loading potentially unsafe class : com.example.model.AuditLog
2025-05-02 12:14:56 [main] DEBUG o.h.b.model.internal.PropertyBinder - MetadataSourceProcessor property id with lazy=false
2025-05-02 12:14:56 [main] DEBUG o.h.b.m.i.AbstractPropertyHolder - Attempting to locate auto-apply AttributeConverter for property [com.example.model.AuditLog:id]
2025-05-02 12:14:56 [main] DEBUG o.h.b.m.internal.BasicValueBinder - building BasicValue for id
2025-05-02 12:14:56 [main] DEBUG org.hibernate.mapping.BasicValue - Skipping column re-registration: audit_log.id
2025-05-02 12:14:56 [main] DEBUG o.h.b.model.internal.PropertyBinder - Building property id
2025-05-02 12:14:56 [main] DEBUG o.h.boot.model.internal.BinderHelper - #makeIdGenerator(BasicValue([Column(id)]), id, identity, , ...)
2025-05-02 12:14:56 [main] DEBUG o.h.b.model.internal.AnnotatedColumn - Binding column: AnnotatedColumn()
2025-05-02 12:14:56 [main] DEBUG o.h.b.model.internal.PropertyBinder - MetadataSourceProcessor property action with lazy=false
2025-05-02 12:14:56 [main] DEBUG o.h.b.m.i.AbstractPropertyHolder - Attempting to locate auto-apply AttributeConverter for property [com.example.model.AuditLog:action]
2025-05-02 12:14:56 [main] DEBUG o.h.b.m.internal.BasicValueBinder - building BasicValue for action
2025-05-02 12:14:56 [main] DEBUG org.hibernate.mapping.BasicValue - Skipping column re-registration: audit_log.action
2025-05-02 12:14:56 [main] DEBUG o.h.b.model.internal.PropertyBinder - Building property action
2025-05-02 12:14:56 [main] DEBUG o.h.b.model.internal.AnnotatedColumn - Binding column: AnnotatedColumn()
2025-05-02 12:14:56 [main] DEBUG o.h.b.model.internal.PropertyBinder - MetadataSourceProcessor property details with lazy=false
2025-05-02 12:14:56 [main] DEBUG o.h.b.m.i.AbstractPropertyHolder - Attempting to locate auto-apply AttributeConverter for property [com.example.model.AuditLog:details]
2025-05-02 12:14:56 [main] DEBUG o.h.b.m.internal.BasicValueBinder - building BasicValue for details
2025-05-02 12:14:56 [main] DEBUG org.hibernate.mapping.BasicValue - Skipping column re-registration: audit_log.details
2025-05-02 12:14:56 [main] DEBUG o.h.b.model.internal.PropertyBinder - Building property details
2025-05-02 12:14:56 [main] DEBUG o.h.b.model.internal.AnnotatedColumn - Binding column: AnnotatedColumn()
2025-05-02 12:14:56 [main] DEBUG o.h.b.model.internal.PropertyBinder - MetadataSourceProcessor property timestamp with lazy=false
2025-05-02 12:14:56 [main] DEBUG o.h.b.m.i.AbstractPropertyHolder - Attempting to locate auto-apply AttributeConverter for property [com.example.model.AuditLog:timestamp]
2025-05-02 12:14:56 [main] DEBUG o.h.b.m.internal.BasicValueBinder - building BasicValue for timestamp
2025-05-02 12:14:56 [main] DEBUG org.hibernate.mapping.BasicValue - Skipping column re-registration: audit_log.timestamp
2025-05-02 12:14:56 [main] DEBUG o.h.b.model.internal.PropertyBinder - Building property timestamp
2025-05-02 12:14:56 [main] DEBUG o.h.b.model.internal.AnnotatedColumn - Binding column: AnnotatedColumn()
2025-05-02 12:14:56 [main] DEBUG o.h.b.model.internal.PropertyBinder - MetadataSourceProcessor property username with lazy=false
2025-05-02 12:14:56 [main] DEBUG o.h.b.m.i.AbstractPropertyHolder - Attempting to locate auto-apply AttributeConverter for property [com.example.model.AuditLog:username]
2025-05-02 12:14:56 [main] DEBUG o.h.b.m.internal.BasicValueBinder - building BasicValue for username
2025-05-02 12:14:56 [main] DEBUG org.hibernate.mapping.BasicValue - Skipping column re-registration: audit_log.username
2025-05-02 12:14:56 [main] DEBUG o.h.b.model.internal.PropertyBinder - Building property username
2025-05-02 12:14:56 [main] DEBUG o.h.b.r.c.i.ClassLoaderServiceImpl - HHH000194: Package not found or wo package-info.java: com.example.model
2025-05-02 12:14:56 [main] DEBUG o.h.boot.model.internal.EntityBinder - Binding entity from annotated class: com.example.model.MedicalRecord
2025-05-02 12:14:56 [main] DEBUG o.h.boot.model.internal.EntityBinder - Import with entity name MedicalRecord
2025-05-02 12:14:56 [main] DEBUG o.h.boot.model.internal.EntityBinder - Bind entity com.example.model.MedicalRecord on table medical_record
2025-05-02 12:14:56 [main] DEBUG o.h.b.model.internal.AnnotatedColumn - Binding column: AnnotatedDiscriminatorColumn(column='DTYPE')
2025-05-02 12:14:56 [main] DEBUG o.h.b.model.internal.AnnotatedColumn - Binding column: AnnotatedColumn()
2025-05-02 12:14:56 [main] DEBUG o.h.b.internal.ClassLoaderAccessImpl - Not known whether passed class name [com.example.model.MedicalRecord] is safe
2025-05-02 12:14:56 [main] DEBUG o.h.b.internal.ClassLoaderAccessImpl - No temp ClassLoader provided; using live ClassLoader for loading potentially unsafe class : com.example.model.MedicalRecord
2025-05-02 12:14:56 [main] DEBUG o.h.b.model.internal.PropertyBinder - MetadataSourceProcessor property id with lazy=false
2025-05-02 12:14:56 [main] DEBUG o.h.b.m.i.AbstractPropertyHolder - Attempting to locate auto-apply AttributeConverter for property [com.example.model.MedicalRecord:id]
2025-05-02 12:14:56 [main] DEBUG o.h.b.m.internal.BasicValueBinder - building BasicValue for id
2025-05-02 12:14:56 [main] DEBUG org.hibernate.mapping.BasicValue - Skipping column re-registration: medical_record.id
2025-05-02 12:14:56 [main] DEBUG o.h.b.model.internal.PropertyBinder - Building property id
2025-05-02 12:14:56 [main] DEBUG o.h.boot.model.internal.BinderHelper - #makeIdGenerator(BasicValue([Column(id)]), id, identity, , ...)
2025-05-02 12:14:56 [main] DEBUG o.h.b.model.internal.AnnotatedColumn - Binding column: AnnotatedColumn()
2025-05-02 12:14:56 [main] DEBUG o.h.b.model.internal.PropertyBinder - MetadataSourceProcessor property age with lazy=false
2025-05-02 12:14:56 [main] DEBUG o.h.b.m.i.AbstractPropertyHolder - Attempting to locate auto-apply AttributeConverter for property [com.example.model.MedicalRecord:age]
2025-05-02 12:14:56 [main] DEBUG o.h.b.m.internal.BasicValueBinder - building BasicValue for age
2025-05-02 12:14:56 [main] DEBUG org.hibernate.mapping.BasicValue - Skipping column re-registration: medical_record.age
2025-05-02 12:14:56 [main] DEBUG o.h.b.model.internal.PropertyBinder - Building property age
2025-05-02 12:14:56 [main] DEBUG o.h.b.model.internal.AnnotatedColumn - Binding column: AnnotatedColumn()
2025-05-02 12:14:56 [main] DEBUG o.h.b.model.internal.PropertyBinder - MetadataSourceProcessor property medicalHistory with lazy=false
2025-05-02 12:14:56 [main] DEBUG o.h.b.m.i.AbstractPropertyHolder - Attempting to locate auto-apply AttributeConverter for property [com.example.model.MedicalRecord:medicalHistory]
2025-05-02 12:14:56 [main] DEBUG o.h.b.m.internal.BasicValueBinder - building BasicValue for medicalHistory
2025-05-02 12:14:56 [main] DEBUG org.hibernate.mapping.BasicValue - Skipping column re-registration: medical_record.medical_history
2025-05-02 12:14:56 [main] DEBUG o.h.b.model.internal.PropertyBinder - Building property medicalHistory
2025-05-02 12:14:56 [main] DEBUG o.h.b.model.internal.AnnotatedColumn - Binding column: AnnotatedColumn()
2025-05-02 12:14:56 [main] DEBUG o.h.b.model.internal.PropertyBinder - MetadataSourceProcessor property name with lazy=false
2025-05-02 12:14:56 [main] DEBUG o.h.b.m.i.AbstractPropertyHolder - Attempting to locate auto-apply AttributeConverter for property [com.example.model.MedicalRecord:name]
2025-05-02 12:14:56 [main] DEBUG o.h.b.m.internal.BasicValueBinder - building BasicValue for name
2025-05-02 12:14:56 [main] DEBUG org.hibernate.mapping.BasicValue - Skipping column re-registration: medical_record.name
2025-05-02 12:14:56 [main] DEBUG o.h.b.model.internal.PropertyBinder - Building property name
2025-05-02 12:14:56 [main] DEBUG o.h.b.r.c.i.ClassLoaderServiceImpl - HHH000194: Package not found or wo package-info.java: com.example.model
2025-05-02 12:14:56 [main] DEBUG o.h.b.m.internal.BasicValueBinder - Starting `BasicValueBinder#fillSimpleValue` for id
2025-05-02 12:14:56 [main] DEBUG o.h.b.m.internal.BasicValueBinder - Starting `BasicValueBinder#fillSimpleValue` for action
2025-05-02 12:14:56 [main] DEBUG o.h.b.m.internal.BasicValueBinder - Starting `BasicValueBinder#fillSimpleValue` for details
2025-05-02 12:14:56 [main] DEBUG o.h.b.m.internal.BasicValueBinder - Starting `BasicValueBinder#fillSimpleValue` for timestamp
2025-05-02 12:14:56 [main] DEBUG o.h.b.m.internal.BasicValueBinder - Starting `BasicValueBinder#fillSimpleValue` for username
2025-05-02 12:14:56 [main] DEBUG o.h.b.m.internal.BasicValueBinder - Starting `BasicValueBinder#fillSimpleValue` for id
2025-05-02 12:14:56 [main] DEBUG o.h.b.m.internal.BasicValueBinder - Starting `BasicValueBinder#fillSimpleValue` for age
2025-05-02 12:14:56 [main] DEBUG o.h.b.m.internal.BasicValueBinder - Starting `BasicValueBinder#fillSimpleValue` for medicalHistory
2025-05-02 12:14:56 [main] DEBUG o.h.b.m.internal.BasicValueBinder - Starting `BasicValueBinder#fillSimpleValue` for name
2025-05-02 12:14:56 [main] DEBUG org.hibernate.mapping.PrimaryKey - Forcing column [id] to be non-null as it is part of the primary key for table [audit_log]
2025-05-02 12:14:56 [main] DEBUG org.hibernate.mapping.PrimaryKey - Forcing column [id] to be non-null as it is part of the primary key for table [medical_record]
2025-05-02 12:14:56 [main] DEBUG o.h.internal.SessionFactoryImpl - Building session factory
2025-05-02 12:14:56 [main] DEBUG o.h.s.i.SessionFactoryServiceRegistryImpl - EventListenerRegistry access via ServiceRegistry is deprecated.  Use `sessionFactory.getEventEngine().getListenerRegistry()` instead
2025-05-02 12:14:56 [main] DEBUG o.h.internal.SessionFactoryImpl - Instantiating SessionFactory with settings: {java.specification.version=21, sun.cpu.isalist=amd64, hibernate.resource.beans.container=org.springframework.orm.hibernate5.SpringBeanContainer@1e9d7366, hibernate.connection.handling_mode=DELAYED_ACQUISITION_AND_HOLD, sun.jnu.encoding=Cp1252, hibernate.dialect=org.hibernate.dialect.H2Dialect, hibernate.implicit_naming_strategy=org.springframework.boot.orm.jpa.hibernate.SpringImplicitNamingStrategy, java.class.path=C:\Naga\HCL\HCL-FullStack-Gov_Task\medical-register-app-2\target\test-classes;C:\Naga\HCL\HCL-FullStack-Gov_Task\medical-register-app-2\target\classes;C:\Users\user\.m2\repository\org\springframework\boot\spring-boot-starter-data-jpa\3.2.5\spring-boot-starter-data-jpa-3.2.5.jar;C:\Users\user\.m2\repository\org\springframework\boot\spring-boot-starter-aop\3.2.5\spring-boot-starter-aop-3.2.5.jar;C:\Users\user\.m2\repository\org\aspectj\aspectjweaver\1.9.22\aspectjweaver-1.9.22.jar;C:\Users\user\.m2\repository\org\springframework\boot\spring-boot-starter-jdbc\3.2.5\spring-boot-starter-jdbc-3.2.5.jar;C:\Users\user\.m2\repository\com\zaxxer\HikariCP\5.0.1\HikariCP-5.0.1.jar;C:\Users\user\.m2\repository\org\springframework\spring-jdbc\6.1.6\spring-jdbc-6.1.6.jar;C:\Users\user\.m2\repository\org\hibernate\orm\hibernate-core\6.4.4.Final\hibernate-core-6.4.4.Final.jar;C:\Users\user\.m2\repository\jakarta\persistence\jakarta.persistence-api\3.1.0\jakarta.persistence-api-3.1.0.jar;C:\Users\user\.m2\repository\jakarta\transaction\jakarta.transaction-api\2.0.1\jakarta.transaction-api-2.0.1.jar;C:\Users\user\.m2\repository\org\hibernate\common\hibernate-commons-annotations\6.0.6.Final\hibernate-commons-annotations-6.0.6.Final.jar;C:\Users\user\.m2\repository\io\smallrye\jandex\3.1.2\jandex-3.1.2.jar;C:\Users\user\.m2\repository\org\glassfish\jaxb\jaxb-runtime\4.0.5\jaxb-runtime-4.0.5.jar;C:\Users\user\.m2\repository\org\glassfish\jaxb\jaxb-core\4.0.5\jaxb-core-4.0.5.jar;C:\Users\user\.m2\repository\org\eclipse\angus\angus-activation\2.0.2\angus-activation-2.0.2.jar;C:\Users\user\.m2\repository\org\glassfish\jaxb\txw2\4.0.5\txw2-4.0.5.jar;C:\Users\user\.m2\repository\com\sun\istack\istack-commons-runtime\4.1.2\istack-commons-runtime-4.1.2.jar;C:\Users\user\.m2\repository\jakarta\inject\jakarta.inject-api\2.0.1\jakarta.inject-api-2.0.1.jar;C:\Users\user\.m2\repository\org\antlr\antlr4-runtime\4.13.0\antlr4-runtime-4.13.0.jar;C:\Users\user\.m2\repository\org\springframework\data\spring-data-jpa\3.2.5\spring-data-jpa-3.2.5.jar;C:\Users\user\.m2\repository\org\springframework\data\spring-data-commons\3.2.5\spring-data-commons-3.2.5.jar;C:\Users\user\.m2\repository\org\springframework\spring-orm\6.1.6\spring-orm-6.1.6.jar;C:\Users\user\.m2\repository\org\springframework\spring-context\6.1.6\spring-context-6.1.6.jar;C:\Users\user\.m2\repository\org\springframework\spring-tx\6.1.6\spring-tx-6.1.6.jar;C:\Users\user\.m2\repository\org\springframework\spring-beans\6.1.6\spring-beans-6.1.6.jar;C:\Users\user\.m2\repository\jakarta\annotation\jakarta.annotation-api\2.1.1\jakarta.annotation-api-2.1.1.jar;C:\Users\user\.m2\repository\org\slf4j\slf4j-api\2.0.13\slf4j-api-2.0.13.jar;C:\Users\user\.m2\repository\org\springframework\spring-aspects\6.1.6\spring-aspects-6.1.6.jar;C:\Users\user\.m2\repository\org\springframework\boot\spring-boot-starter-web\3.2.5\spring-boot-starter-web-3.2.5.jar;C:\Users\user\.m2\repository\org\springframework\boot\spring-boot-starter\3.2.5\spring-boot-starter-3.2.5.jar;C:\Users\user\.m2\repository\org\springframework\boot\spring-boot\3.2.5\spring-boot-3.2.5.jar;C:\Users\user\.m2\repository\org\springframework\boot\spring-boot-autoconfigure\3.2.5\spring-boot-autoconfigure-3.2.5.jar;C:\Users\user\.m2\repository\org\springframework\boot\spring-boot-starter-logging\3.2.5\spring-boot-starter-logging-3.2.5.jar;C:\Users\user\.m2\repository\ch\qos\logback\logback-classic\1.4.14\logback-classic-1.4.14.jar;C:\Users\user\.m2\repository\ch\qos\logback\logback-core\1.4.14\logback-core-1.4.14.jar;C:\Users\user\.m2\repository\org\apache\logging\log4j\log4j-to-slf4j\2.21.1\log4j-to-slf4j-2.21.1.jar;C:\Users\user\.m2\repository\org\apache\logging\log4j\log4j-api\2.21.1\log4j-api-2.21.1.jar;C:\Users\user\.m2\repository\org\slf4j\jul-to-slf4j\2.0.13\jul-to-slf4j-2.0.13.jar;C:\Users\user\.m2\repository\org\yaml\snakeyaml\2.2\snakeyaml-2.2.jar;C:\Users\user\.m2\repository\org\springframework\boot\spring-boot-starter-json\3.2.5\spring-boot-starter-json-3.2.5.jar;C:\Users\user\.m2\repository\com\fasterxml\jackson\datatype\jackson-datatype-jdk8\2.15.4\jackson-datatype-jdk8-2.15.4.jar;C:\Users\user\.m2\repository\com\fasterxml\jackson\datatype\jackson-datatype-jsr310\2.15.4\jackson-datatype-jsr310-2.15.4.jar;C:\Users\user\.m2\repository\com\fasterxml\jackson\module\jackson-module-parameter-names\2.15.4\jackson-module-parameter-names-2.15.4.jar;C:\Users\user\.m2\repository\org\springframework\boot\spring-boot-starter-tomcat\3.2.5\spring-boot-starter-tomcat-3.2.5.jar;C:\Users\user\.m2\repository\org\apache\tomcat\embed\tomcat-embed-core\10.1.20\tomcat-embed-core-10.1.20.jar;C:\Users\user\.m2\repository\org\apache\tomcat\embed\tomcat-embed-el\10.1.20\tomcat-embed-el-10.1.20.jar;C:\Users\user\.m2\repository\org\apache\tomcat\embed\tomcat-embed-websocket\10.1.20\tomcat-embed-websocket-10.1.20.jar;C:\Users\user\.m2\repository\org\springframework\spring-web\6.1.6\spring-web-6.1.6.jar;C:\Users\user\.m2\repository\io\micrometer\micrometer-observation\1.12.5\micrometer-observation-1.12.5.jar;C:\Users\user\.m2\repository\io\micrometer\micrometer-commons\1.12.5\micrometer-commons-1.12.5.jar;C:\Users\user\.m2\repository\org\springframework\spring-webmvc\6.1.6\spring-webmvc-6.1.6.jar;C:\Users\user\.m2\repository\org\springframework\spring-expression\6.1.6\spring-expression-6.1.6.jar;C:\Users\user\.m2\repository\org\springframework\boot\spring-boot-starter-security\3.2.5\spring-boot-starter-security-3.2.5.jar;C:\Users\user\.m2\repository\org\springframework\spring-aop\6.1.6\spring-aop-6.1.6.jar;C:\Users\user\.m2\repository\org\springframework\security\spring-security-config\6.2.4\spring-security-config-6.2.4.jar;C:\Users\user\.m2\repository\org\springframework\security\spring-security-web\6.2.4\spring-security-web-6.2.4.jar;C:\Users\user\.m2\repository\org\springframework\boot\spring-boot-starter-thymeleaf\3.2.5\spring-boot-starter-thymeleaf-3.2.5.jar;C:\Users\user\.m2\repository\org\thymeleaf\thymeleaf-spring6\3.1.2.RELEASE\thymeleaf-spring6-3.1.2.RELEASE.jar;C:\Users\user\.m2\repository\org\thymeleaf\thymeleaf\3.1.2.RELEASE\thymeleaf-3.1.2.RELEASE.jar;C:\Users\user\.m2\repository\org\attoparser\attoparser\2.0.7.RELEASE\attoparser-2.0.7.RELEASE.jar;C:\Users\user\.m2\repository\org\unbescape\unbescape\1.1.6.RELEASE\unbescape-1.1.6.RELEASE.jar;C:\Users\user\.m2\repository\com\auth0\auth0\1.38.0\auth0-1.38.0.jar;C:\Users\user\.m2\repository\com\squareup\okhttp3\okhttp\4.12.0\okhttp-4.12.0.jar;C:\Users\user\.m2\repository\com\squareup\okio\okio\3.6.0\okio-3.6.0.jar;C:\Users\user\.m2\repository\com\squareup\okio\okio-jvm\3.6.0\okio-jvm-3.6.0.jar;C:\Users\user\.m2\repository\org\jetbrains\kotlin\kotlin-stdlib-common\1.9.23\kotlin-stdlib-common-1.9.23.jar;C:\Users\user\.m2\repository\org\jetbrains\kotlin\kotlin-stdlib-jdk8\1.9.23\kotlin-stdlib-jdk8-1.9.23.jar;C:\Users\user\.m2\repository\org\jetbrains\kotlin\kotlin-stdlib\1.9.23\kotlin-stdlib-1.9.23.jar;C:\Users\user\.m2\repository\org\jetbrains\annotations\13.0\annotations-13.0.jar;C:\Users\user\.m2\repository\org\jetbrains\kotlin\kotlin-stdlib-jdk7\1.9.23\kotlin-stdlib-jdk7-1.9.23.jar;C:\Users\user\.m2\repository\com\squareup\okhttp3\logging-interceptor\4.12.0\logging-interceptor-4.12.0.jar;C:\Users\user\.m2\repository\com\fasterxml\jackson\core\jackson-databind\2.15.4\jackson-databind-2.15.4.jar;C:\Users\user\.m2\repository\com\fasterxml\jackson\core\jackson-annotations\2.15.4\jackson-annotations-2.15.4.jar;C:\Users\user\.m2\repository\com\fasterxml\jackson\core\jackson-core\2.15.4\jackson-core-2.15.4.jar;C:\Users\user\.m2\repository\com\auth0\java-jwt\3.18.3\java-jwt-3.18.3.jar;C:\Users\user\.m2\repository\net\jodah\failsafe\2.4.1\failsafe-2.4.1.jar;C:\Users\user\.m2\repository\org\projectlombok\lombok\1.18.30\lombok-1.18.30.jar;C:\Users\user\.m2\repository\org\postgresql\postgresql\42.6.2\postgresql-42.6.2.jar;C:\Users\user\.m2\repository\org\checkerframework\checker-qual\3.31.0\checker-qual-3.31.0.jar;C:\Users\user\.m2\repository\org\springframework\boot\spring-boot-starter-oauth2-resource-server\3.2.5\spring-boot-starter-oauth2-resource-server-3.2.5.jar;C:\Users\user\.m2\repository\org\springframework\security\spring-security-core\6.2.4\spring-security-core-6.2.4.jar;C:\Users\user\.m2\repository\org\springframework\security\spring-security-crypto\6.2.4\spring-security-crypto-6.2.4.jar;C:\Users\user\.m2\repository\org\springframework\security\spring-security-oauth2-resource-server\6.2.4\spring-security-oauth2-resource-server-6.2.4.jar;C:\Users\user\.m2\repository\org\springframework\security\spring-security-oauth2-core\6.2.4\spring-security-oauth2-core-6.2.4.jar;C:\Users\user\.m2\repository\org\springframework\security\spring-security-oauth2-jose\6.2.4\spring-security-oauth2-jose-6.2.4.jar;C:\Users\user\.m2\repository\com\nimbusds\nimbus-jose-jwt\9.24.4\nimbus-jose-jwt-9.24.4.jar;C:\Users\user\.m2\repository\com\github\stephenc\jcip\jcip-annotations\1.0-1\jcip-annotations-1.0-1.jar;C:\Users\user\.m2\repository\org\springframework\boot\spring-boot-starter-oauth2-client\3.2.5\spring-boot-starter-oauth2-client-3.2.5.jar;C:\Users\user\.m2\repository\org\springframework\security\spring-security-oauth2-client\6.2.4\spring-security-oauth2-client-6.2.4.jar;C:\Users\user\.m2\repository\com\nimbusds\oauth2-oidc-sdk\9.43.3\oauth2-oidc-sdk-9.43.3.jar;C:\Users\user\.m2\repository\com\nimbusds\content-type\2.2\content-type-2.2.jar;C:\Users\user\.m2\repository\com\nimbusds\lang-tag\1.7\lang-tag-1.7.jar;C:\Users\user\.m2\repository\org\springframework\boot\spring-boot-starter-test\3.2.5\spring-boot-starter-test-3.2.5.jar;C:\Users\user\.m2\repository\org\springframework\boot\spring-boot-test\3.2.5\spring-boot-test-3.2.5.jar;C:\Users\user\.m2\repository\org\springframework\boot\spring-boot-test-autoconfigure\3.2.5\spring-boot-test-autoconfigure-3.2.5.jar;C:\Users\user\.m2\repository\com\jayway\jsonpath\json-path\2.9.0\json-path-2.9.0.jar;C:\Users\user\.m2\repository\jakarta\xml\bind\jakarta.xml.bind-api\4.0.2\jakarta.xml.bind-api-4.0.2.jar;C:\Users\user\.m2\repository\jakarta\activation\jakarta.activation-api\2.1.3\jakarta.activation-api-2.1.3.jar;C:\Users\user\.m2\repository\net\minidev\json-smart\2.5.1\json-smart-2.5.1.jar;C:\Users\user\.m2\repository\net\minidev\accessors-smart\2.5.1\accessors-smart-2.5.1.jar;C:\Users\user\.m2\repository\org\ow2\asm\asm\9.6\asm-9.6.jar;C:\Users\user\.m2\repository\org\assertj\assertj-core\3.24.2\assertj-core-3.24.2.jar;C:\Users\user\.m2\repository\org\awaitility\awaitility\4.2.1\awaitility-4.2.1.jar;C:\Users\user\.m2\repository\org\hamcrest\hamcrest\2.2\hamcrest-2.2.jar;C:\Users\user\.m2\repository\org\junit\jupiter\junit-jupiter\5.10.2\junit-jupiter-5.10.2.jar;C:\Users\user\.m2\repository\org\junit\jupiter\junit-jupiter-api\5.10.2\junit-jupiter-api-5.10.2.jar;C:\Users\user\.m2\repository\org\opentest4j\opentest4j\1.3.0\opentest4j-1.3.0.jar;C:\Users\user\.m2\repository\org\junit\platform\junit-platform-commons\1.10.2\junit-platform-commons-1.10.2.jar;C:\Users\user\.m2\repository\org\apiguardian\apiguardian-api\1.1.2\apiguardian-api-1.1.2.jar;C:\Users\user\.m2\repository\org\junit\jupiter\junit-jupiter-params\5.10.2\junit-jupiter-params-5.10.2.jar;C:\Users\user\.m2\repository\org\junit\jupiter\junit-jupiter-engine\5.10.2\junit-jupiter-engine-5.10.2.jar;C:\Users\user\.m2\repository\org\junit\platform\junit-platform-engine\1.10.2\junit-platform-engine-1.10.2.jar;C:\Users\user\.m2\repository\org\mockito\mockito-junit-jupiter\5.7.0\mockito-junit-jupiter-5.7.0.jar;C:\Users\user\.m2\repository\org\skyscreamer\jsonassert\1.5.1\jsonassert-1.5.1.jar;C:\Users\user\.m2\repository\com\vaadin\external\google\android-json\0.0.20131108.vaadin1\android-json-0.0.20131108.vaadin1.jar;C:\Users\user\.m2\repository\org\springframework\spring-core\6.1.6\spring-core-6.1.6.jar;C:\Users\user\.m2\repository\org\springframework\spring-jcl\6.1.6\spring-jcl-6.1.6.jar;C:\Users\user\.m2\repository\org\springframework\spring-test\6.1.6\spring-test-6.1.6.jar;C:\Users\user\.m2\repository\org\xmlunit\xmlunit-core\2.9.1\xmlunit-core-2.9.1.jar;C:\Users\user\.m2\repository\javax\servlet\javax.servlet-api\4.0.1\javax.servlet-api-4.0.1.jar;C:\Users\user\.m2\repository\org\springframework\security\spring-security-test\6.2.4\spring-security-test-6.2.4.jar;C:\Users\user\.m2\repository\org\hibernate\validator\hibernate-validator\8.0.0.Final\hibernate-validator-8.0.0.Final.jar;C:\Users\user\.m2\repository\jakarta\validation\jakarta.validation-api\3.0.2\jakarta.validation-api-3.0.2.jar;C:\Users\user\.m2\repository\org\jboss\logging\jboss-logging\3.5.3.Final\jboss-logging-3.5.3.Final.jar;C:\Users\user\.m2\repository\com\fasterxml\classmate\1.6.0\classmate-1.6.0.jar;C:\Users\user\.m2\repository\com\h2database\h2\2.1.214\h2-2.1.214.jar;C:\Users\user\.m2\repository\org\mockito\mockito-core\5.7.0\mockito-core-5.7.0.jar;C:\Users\user\.m2\repository\net\bytebuddy\byte-buddy\1.14.13\byte-buddy-1.14.13.jar;C:\Users\user\.m2\repository\net\bytebuddy\byte-buddy-agent\1.14.13\byte-buddy-agent-1.14.13.jar;C:\Users\user\.m2\repository\org\objenesis\objenesis\3.3\objenesis-3.3.jar;, java.vm.vendor=Oracle Corporation, sun.arch.data.model=64, user.variant=, java.vendor.url=https://java.oracle.com/, user.timezone=Asia/Singapore, jakarta.persistence.sharedCache.mode=UNSPECIFIED, org.jboss.logging.provider=slf4j, java.vm.specification.version=21, os.name=Windows 10, jakarta.persistence.nonJtaDataSource=HikariDataSource (HikariPool-1), sun.java.launcher=SUN_STANDARD, user.country=US, sun.boot.library.path=C:\Program Files\Java\jdk-21.0.4\bin, sun.java.command=C:\Users\user\AppData\Local\Temp\surefire6384689264957392786\surefirebooter-20250502121449896_3.jar C:\Users\user\AppData\Local\Temp\surefire6384689264957392786 2025-05-02T12-14-49_701-jvmRun1 surefire-20250502121449896_1tmp surefire_0-20250502121449896_2tmp, javax.persistence.nonJtaDataSource=HikariDataSource (HikariPool-1), hibernate.transaction.jta.platform=org.hibernate.engine.transaction.jta.platform.internal.NoJtaPlatform@20914835, jdk.debug=release, surefire.test.class.path=C:\Naga\HCL\HCL-FullStack-Gov_Task\medical-register-app-2\target\test-classes;C:\Naga\HCL\HCL-FullStack-Gov_Task\medical-register-app-2\target\classes;C:\Users\user\.m2\repository\org\springframework\boot\spring-boot-starter-data-jpa\3.2.5\spring-boot-starter-data-jpa-3.2.5.jar;C:\Users\user\.m2\repository\org\springframework\boot\spring-boot-starter-aop\3.2.5\spring-boot-starter-aop-3.2.5.jar;C:\Users\user\.m2\repository\org\aspectj\aspectjweaver\1.9.22\aspectjweaver-1.9.22.jar;C:\Users\user\.m2\repository\org\springframework\boot\spring-boot-starter-jdbc\3.2.5\spring-boot-starter-jdbc-3.2.5.jar;C:\Users\user\.m2\repository\com\zaxxer\HikariCP\5.0.1\HikariCP-5.0.1.jar;C:\Users\user\.m2\repository\org\springframework\spring-jdbc\6.1.6\spring-jdbc-6.1.6.jar;C:\Users\user\.m2\repository\org\hibernate\orm\hibernate-core\6.4.4.Final\hibernate-core-6.4.4.Final.jar;C:\Users\user\.m2\repository\jakarta\persistence\jakarta.persistence-api\3.1.0\jakarta.persistence-api-3.1.0.jar;C:\Users\user\.m2\repository\jakarta\transaction\jakarta.transaction-api\2.0.1\jakarta.transaction-api-2.0.1.jar;C:\Users\user\.m2\repository\org\hibernate\common\hibernate-commons-annotations\6.0.6.Final\hibernate-commons-annotations-6.0.6.Final.jar;C:\Users\user\.m2\repository\io\smallrye\jandex\3.1.2\jandex-3.1.2.jar;C:\Users\user\.m2\repository\org\glassfish\jaxb\jaxb-runtime\4.0.5\jaxb-runtime-4.0.5.jar;C:\Users\user\.m2\repository\org\glassfish\jaxb\jaxb-core\4.0.5\jaxb-core-4.0.5.jar;C:\Users\user\.m2\repository\org\eclipse\angus\angus-activation\2.0.2\angus-activation-2.0.2.jar;C:\Users\user\.m2\repository\org\glassfish\jaxb\txw2\4.0.5\txw2-4.0.5.jar;C:\Users\user\.m2\repository\com\sun\istack\istack-commons-runtime\4.1.2\istack-commons-runtime-4.1.2.jar;C:\Users\user\.m2\repository\jakarta\inject\jakarta.inject-api\2.0.1\jakarta.inject-api-2.0.1.jar;C:\Users\user\.m2\repository\org\antlr\antlr4-runtime\4.13.0\antlr4-runtime-4.13.0.jar;C:\Users\user\.m2\repository\org\springframework\data\spring-data-jpa\3.2.5\spring-data-jpa-3.2.5.jar;C:\Users\user\.m2\repository\org\springframework\data\spring-data-commons\3.2.5\spring-data-commons-3.2.5.jar;C:\Users\user\.m2\repository\org\springframework\spring-orm\6.1.6\spring-orm-6.1.6.jar;C:\Users\user\.m2\repository\org\springframework\spring-context\6.1.6\spring-context-6.1.6.jar;C:\Users\user\.m2\repository\org\springframework\spring-tx\6.1.6\spring-tx-6.1.6.jar;C:\Users\user\.m2\repository\org\springframework\spring-beans\6.1.6\spring-beans-6.1.6.jar;C:\Users\user\.m2\repository\jakarta\annotation\jakarta.annotation-api\2.1.1\jakarta.annotation-api-2.1.1.jar;C:\Users\user\.m2\repository\org\slf4j\slf4j-api\2.0.13\slf4j-api-2.0.13.jar;C:\Users\user\.m2\repository\org\springframework\spring-aspects\6.1.6\spring-aspects-6.1.6.jar;C:\Users\user\.m2\repository\org\springframework\boot\spring-boot-starter-web\3.2.5\spring-boot-starter-web-3.2.5.jar;C:\Users\user\.m2\repository\org\springframework\boot\spring-boot-starter\3.2.5\spring-boot-starter-3.2.5.jar;C:\Users\user\.m2\repository\org\springframework\boot\spring-boot\3.2.5\spring-boot-3.2.5.jar;C:\Users\user\.m2\repository\org\springframework\boot\spring-boot-autoconfigure\3.2.5\spring-boot-autoconfigure-3.2.5.jar;C:\Users\user\.m2\repository\org\springframework\boot\spring-boot-starter-logging\3.2.5\spring-boot-starter-logging-3.2.5.jar;C:\Users\user\.m2\repository\ch\qos\logback\logback-classic\1.4.14\logback-classic-1.4.14.jar;C:\Users\user\.m2\repository\ch\qos\logback\logback-core\1.4.14\logback-core-1.4.14.jar;C:\Users\user\.m2\repository\org\apache\logging\log4j\log4j-to-slf4j\2.21.1\log4j-to-slf4j-2.21.1.jar;C:\Users\user\.m2\repository\org\apache\logging\log4j\log4j-api\2.21.1\log4j-api-2.21.1.jar;C:\Users\user\.m2\repository\org\slf4j\jul-to-slf4j\2.0.13\jul-to-slf4j-2.0.13.jar;C:\Users\user\.m2\repository\org\yaml\snakeyaml\2.2\snakeyaml-2.2.jar;C:\Users\user\.m2\repository\org\springframework\boot\spring-boot-starter-json\3.2.5\spring-boot-starter-json-3.2.5.jar;C:\Users\user\.m2\repository\com\fasterxml\jackson\datatype\jackson-datatype-jdk8\2.15.4\jackson-datatype-jdk8-2.15.4.jar;C:\Users\user\.m2\repository\com\fasterxml\jackson\datatype\jackson-datatype-jsr310\2.15.4\jackson-datatype-jsr310-2.15.4.jar;C:\Users\user\.m2\repository\com\fasterxml\jackson\module\jackson-module-parameter-names\2.15.4\jackson-module-parameter-names-2.15.4.jar;C:\Users\user\.m2\repository\org\springframework\boot\spring-boot-starter-tomcat\3.2.5\spring-boot-starter-tomcat-3.2.5.jar;C:\Users\user\.m2\repository\org\apache\tomcat\embed\tomcat-embed-core\10.1.20\tomcat-embed-core-10.1.20.jar;C:\Users\user\.m2\repository\org\apache\tomcat\embed\tomcat-embed-el\10.1.20\tomcat-embed-el-10.1.20.jar;C:\Users\user\.m2\repository\org\apache\tomcat\embed\tomcat-embed-websocket\10.1.20\tomcat-embed-websocket-10.1.20.jar;C:\Users\user\.m2\repository\org\springframework\spring-web\6.1.6\spring-web-6.1.6.jar;C:\Users\user\.m2\repository\io\micrometer\micrometer-observation\1.12.5\micrometer-observation-1.12.5.jar;C:\Users\user\.m2\repository\io\micrometer\micrometer-commons\1.12.5\micrometer-commons-1.12.5.jar;C:\Users\user\.m2\repository\org\springframework\spring-webmvc\6.1.6\spring-webmvc-6.1.6.jar;C:\Users\user\.m2\repository\org\springframework\spring-expression\6.1.6\spring-expression-6.1.6.jar;C:\Users\user\.m2\repository\org\springframework\boot\spring-boot-starter-security\3.2.5\spring-boot-starter-security-3.2.5.jar;C:\Users\user\.m2\repository\org\springframework\spring-aop\6.1.6\spring-aop-6.1.6.jar;C:\Users\user\.m2\repository\org\springframework\security\spring-security-config\6.2.4\spring-security-config-6.2.4.jar;C:\Users\user\.m2\repository\org\springframework\security\spring-security-web\6.2.4\spring-security-web-6.2.4.jar;C:\Users\user\.m2\repository\org\springframework\boot\spring-boot-starter-thymeleaf\3.2.5\spring-boot-starter-thymeleaf-3.2.5.jar;C:\Users\user\.m2\repository\org\thymeleaf\thymeleaf-spring6\3.1.2.RELEASE\thymeleaf-spring6-3.1.2.RELEASE.jar;C:\Users\user\.m2\repository\org\thymeleaf\thymeleaf\3.1.2.RELEASE\thymeleaf-3.1.2.RELEASE.jar;C:\Users\user\.m2\repository\org\attoparser\attoparser\2.0.7.RELEASE\attoparser-2.0.7.RELEASE.jar;C:\Users\user\.m2\repository\org\unbescape\unbescape\1.1.6.RELEASE\unbescape-1.1.6.RELEASE.jar;C:\Users\user\.m2\repository\com\auth0\auth0\1.38.0\auth0-1.38.0.jar;C:\Users\user\.m2\repository\com\squareup\okhttp3\okhttp\4.12.0\okhttp-4.12.0.jar;C:\Users\user\.m2\repository\com\squareup\okio\okio\3.6.0\okio-3.6.0.jar;C:\Users\user\.m2\repository\com\squareup\okio\okio-jvm\3.6.0\okio-jvm-3.6.0.jar;C:\Users\user\.m2\repository\org\jetbrains\kotlin\kotlin-stdlib-common\1.9.23\kotlin-stdlib-common-1.9.23.jar;C:\Users\user\.m2\repository\org\jetbrains\kotlin\kotlin-stdlib-jdk8\1.9.23\kotlin-stdlib-jdk8-1.9.23.jar;C:\Users\user\.m2\repository\org\jetbrains\kotlin\kotlin-stdlib\1.9.23\kotlin-stdlib-1.9.23.jar;C:\Users\user\.m2\repository\org\jetbrains\annotations\13.0\annotations-13.0.jar;C:\Users\user\.m2\repository\org\jetbrains\kotlin\kotlin-stdlib-jdk7\1.9.23\kotlin-stdlib-jdk7-1.9.23.jar;C:\Users\user\.m2\repository\com\squareup\okhttp3\logging-interceptor\4.12.0\logging-interceptor-4.12.0.jar;C:\Users\user\.m2\repository\com\fasterxml\jackson\core\jackson-databind\2.15.4\jackson-databind-2.15.4.jar;C:\Users\user\.m2\repository\com\fasterxml\jackson\core\jackson-annotations\2.15.4\jackson-annotations-2.15.4.jar;C:\Users\user\.m2\repository\com\fasterxml\jackson\core\jackson-core\2.15.4\jackson-core-2.15.4.jar;C:\Users\user\.m2\repository\com\auth0\java-jwt\3.18.3\java-jwt-3.18.3.jar;C:\Users\user\.m2\repository\net\jodah\failsafe\2.4.1\failsafe-2.4.1.jar;C:\Users\user\.m2\repository\org\projectlombok\lombok\1.18.30\lombok-1.18.30.jar;C:\Users\user\.m2\repository\org\postgresql\postgresql\42.6.2\postgresql-42.6.2.jar;C:\Users\user\.m2\repository\org\checkerframework\checker-qual\3.31.0\checker-qual-3.31.0.jar;C:\Users\user\.m2\repository\org\springframework\boot\spring-boot-starter-oauth2-resource-server\3.2.5\spring-boot-starter-oauth2-resource-server-3.2.5.jar;C:\Users\user\.m2\repository\org\springframework\security\spring-security-core\6.2.4\spring-security-core-6.2.4.jar;C:\Users\user\.m2\repository\org\springframework\security\spring-security-crypto\6.2.4\spring-security-crypto-6.2.4.jar;C:\Users\user\.m2\repository\org\springframework\security\spring-security-oauth2-resource-server\6.2.4\spring-security-oauth2-resource-server-6.2.4.jar;C:\Users\user\.m2\repository\org\springframework\security\spring-security-oauth2-core\6.2.4\spring-security-oauth2-core-6.2.4.jar;C:\Users\user\.m2\repository\org\springframework\security\spring-security-oauth2-jose\6.2.4\spring-security-oauth2-jose-6.2.4.jar;C:\Users\user\.m2\repository\com\nimbusds\nimbus-jose-jwt\9.24.4\nimbus-jose-jwt-9.24.4.jar;C:\Users\user\.m2\repository\com\github\stephenc\jcip\jcip-annotations\1.0-1\jcip-annotations-1.0-1.jar;C:\Users\user\.m2\repository\org\springframework\boot\spring-boot-starter-oauth2-client\3.2.5\spring-boot-starter-oauth2-client-3.2.5.jar;C:\Users\user\.m2\repository\org\springframework\security\spring-security-oauth2-client\6.2.4\spring-security-oauth2-client-6.2.4.jar;C:\Users\user\.m2\repository\com\nimbusds\oauth2-oidc-sdk\9.43.3\oauth2-oidc-sdk-9.43.3.jar;C:\Users\user\.m2\repository\com\nimbusds\content-type\2.2\content-type-2.2.jar;C:\Users\user\.m2\repository\com\nimbusds\lang-tag\1.7\lang-tag-1.7.jar;C:\Users\user\.m2\repository\org\springframework\boot\spring-boot-starter-test\3.2.5\spring-boot-starter-test-3.2.5.jar;C:\Users\user\.m2\repository\org\springframework\boot\spring-boot-test\3.2.5\spring-boot-test-3.2.5.jar;C:\Users\user\.m2\repository\org\springframework\boot\spring-boot-test-autoconfigure\3.2.5\spring-boot-test-autoconfigure-3.2.5.jar;C:\Users\user\.m2\repository\com\jayway\jsonpath\json-path\2.9.0\json-path-2.9.0.jar;C:\Users\user\.m2\repository\jakarta\xml\bind\jakarta.xml.bind-api\4.0.2\jakarta.xml.bind-api-4.0.2.jar;C:\Users\user\.m2\repository\jakarta\activation\jakarta.activation-api\2.1.3\jakarta.activation-api-2.1.3.jar;C:\Users\user\.m2\repository\net\minidev\json-smart\2.5.1\json-smart-2.5.1.jar;C:\Users\user\.m2\repository\net\minidev\accessors-smart\2.5.1\accessors-smart-2.5.1.jar;C:\Users\user\.m2\repository\org\ow2\asm\asm\9.6\asm-9.6.jar;C:\Users\user\.m2\repository\org\assertj\assertj-core\3.24.2\assertj-core-3.24.2.jar;C:\Users\user\.m2\repository\org\awaitility\awaitility\4.2.1\awaitility-4.2.1.jar;C:\Users\user\.m2\repository\org\hamcrest\hamcrest\2.2\hamcrest-2.2.jar;C:\Users\user\.m2\repository\org\junit\jupiter\junit-jupiter\5.10.2\junit-jupiter-5.10.2.jar;C:\Users\user\.m2\repository\org\junit\jupiter\junit-jupiter-api\5.10.2\junit-jupiter-api-5.10.2.jar;C:\Users\user\.m2\repository\org\opentest4j\opentest4j\1.3.0\opentest4j-1.3.0.jar;C:\Users\user\.m2\repository\org\junit\platform\junit-platform-commons\1.10.2\junit-platform-commons-1.10.2.jar;C:\Users\user\.m2\repository\org\apiguardian\apiguardian-api\1.1.2\apiguardian-api-1.1.2.jar;C:\Users\user\.m2\repository\org\junit\jupiter\junit-jupiter-params\5.10.2\junit-jupiter-params-5.10.2.jar;C:\Users\user\.m2\repository\org\junit\jupiter\junit-jupiter-engine\5.10.2\junit-jupiter-engine-5.10.2.jar;C:\Users\user\.m2\repository\org\junit\platform\junit-platform-engine\1.10.2\junit-platform-engine-1.10.2.jar;C:\Users\user\.m2\repository\org\mockito\mockito-junit-jupiter\5.7.0\mockito-junit-jupiter-5.7.0.jar;C:\Users\user\.m2\repository\org\skyscreamer\jsonassert\1.5.1\jsonassert-1.5.1.jar;C:\Users\user\.m2\repository\com\vaadin\external\google\android-json\0.0.20131108.vaadin1\android-json-0.0.20131108.vaadin1.jar;C:\Users\user\.m2\repository\org\springframework\spring-core\6.1.6\spring-core-6.1.6.jar;C:\Users\user\.m2\repository\org\springframework\spring-jcl\6.1.6\spring-jcl-6.1.6.jar;C:\Users\user\.m2\repository\org\springframework\spring-test\6.1.6\spring-test-6.1.6.jar;C:\Users\user\.m2\repository\org\xmlunit\xmlunit-core\2.9.1\xmlunit-core-2.9.1.jar;C:\Users\user\.m2\repository\javax\servlet\javax.servlet-api\4.0.1\javax.servlet-api-4.0.1.jar;C:\Users\user\.m2\repository\org\springframework\security\spring-security-test\6.2.4\spring-security-test-6.2.4.jar;C:\Users\user\.m2\repository\org\hibernate\validator\hibernate-validator\8.0.0.Final\hibernate-validator-8.0.0.Final.jar;C:\Users\user\.m2\repository\jakarta\validation\jakarta.validation-api\3.0.2\jakarta.validation-api-3.0.2.jar;C:\Users\user\.m2\repository\org\jboss\logging\jboss-logging\3.5.3.Final\jboss-logging-3.5.3.Final.jar;C:\Users\user\.m2\repository\com\fasterxml\classmate\1.6.0\classmate-1.6.0.jar;C:\Users\user\.m2\repository\com\h2database\h2\2.1.214\h2-2.1.214.jar;C:\Users\user\.m2\repository\org\mockito\mockito-core\5.7.0\mockito-core-5.7.0.jar;C:\Users\user\.m2\repository\net\bytebuddy\byte-buddy\1.14.13\byte-buddy-1.14.13.jar;C:\Users\user\.m2\repository\net\bytebuddy\byte-buddy-agent\1.14.13\byte-buddy-agent-1.14.13.jar;C:\Users\user\.m2\repository\org\objenesis\objenesis\3.3\objenesis-3.3.jar;, sun.cpu.endian=little, hibernate.cdi.extensions=true, user.home=C:\Users\user, user.language=en, java.specification.vendor=Oracle Corporation, java.version.date=2024-07-16, java.home=C:\Program Files\Java\jdk-21.0.4, file.separator=\, basedir=C:\Naga\HCL\HCL-FullStack-Gov_Task\medical-register-app-2, java.vm.compressedOopsMode=32-bit, line.separator=
, hibernate.persistenceUnitName=default, java.vm.specification.vendor=Oracle Corporation, java.specification.name=Java Platform API Specification, FILE_LOG_CHARSET=UTF-8, hibernate.transaction.coordinator_class=class org.hibernate.resource.transaction.backend.jdbc.internal.JdbcResourceLocalTransactionCoordinatorBuilderImpl, java.awt.headless=true, surefire.real.class.path=C:\Users\user\AppData\Local\Temp\surefire6384689264957392786\surefirebooter-20250502121449896_3.jar, jakarta.persistence.validation.mode=AUTO, hibernate.hbm2ddl.auto=update, user.script=, sun.management.compiler=HotSpot 64-Bit Tiered Compilers, java.runtime.version=21.0.4+8-LTS-274, user.name=user, stdout.encoding=Cp1252, path.separator=;, os.version=10.0, java.runtime.name=Java(TM) SE Runtime Environment, file.encoding=UTF-8, java.vm.name=Java HotSpot(TM) 64-Bit Server VM, hibernate.show_sql=true, localRepository=C:\Users\user\.m2\repository, java.vendor.url.bug=https://bugreport.java.com/bugreport/, java.io.tmpdir=C:\Users\user\AppData\Local\Temp\, java.version=21.0.4, hibernate.physical_naming_strategy=org.hibernate.boot.model.naming.CamelCaseToUnderscoresNamingStrategy, user.dir=C:\Naga\HCL\HCL-FullStack-Gov_Task\medical-register-app-2, os.arch=amd64, java.vm.specification.name=Java Virtual Machine Specification, PID=15108, sun.os.patch.level=, CONSOLE_LOG_CHARSET=UTF-8, hibernate.boot.CfgXmlAccessService.key=org.hibernate.boot.registry.StandardServiceRegistryBuilder$1@615c4ea4, native.encoding=Cp1252, java.library.path=C:\Program Files\Java\jdk-21.0.4\bin;C:\WINDOWS\Sun\Java\bin;C:\WINDOWS\system32;C:\WINDOWS;C:\Users\user\anaconda3;C:\Users\user\anaconda3\Library\mingw-w64\bin;C:\Users\user\anaconda3\Library\usr\bin;C:\Users\user\anaconda3\Library\bin;C:\Users\user\anaconda3\Scripts;C:\Users\user\anaconda3\bin;C:\Users\user\anaconda3\condabin;C:\Program Files\Eclipse Adoptium\jdk-21.0.2.13-hotspot\bin;C:\WINDOWS\system32;C:\WINDOWS;C:\WINDOWS\System32\Wbem;C:\WINDOWS\System32\WindowsPowerShell\v1.0;C:\WINDOWS\System32\OpenSSH;C:\Program Files\nodejs;C:\Program Files\Git\cmd;C:\Program Files\apache-maven-3.9.9-bin\apache-maven-3.9.9\bin;C:\Program Files\Java\jdk-21.0.4\bin;C:\Naga\ReactJS_Practice\ReactJS_SpringBoot_13092024\Reddis\Redis-x64-3.0.504;C:\Program Files\Docker\Docker\resources\bin;C:\Program Files\Kubernetes\Minikube;C:\Users\user\anaconda3\Scripts;C:\Users\user\anaconda3\Library\bin;C:\Users\user\anaconda3;C:\Users\user\AppData\Local\Programs\Python\Python313\Scripts;C:\Users\user\AppData\Local\Programs\Python\Python313;C:\Users\user\AppData\Local\Programs\Python\Launcher;C:\Users\user\AppData\Local\Programs\Python\Python312\Scripts;C:\Users\user\AppData\Local\Programs\Python\Python312;C:\Users\user\AppData\Local\Microsoft\WindowsApps;C:\Users\user\AppData\Local\JetBrains\IntelliJ IDEA 2024.1.3\bin;.;C:\Users\user\AppData\Roaming\npm;C:\Graddle\gradle-8.6-bin\gradle-8.6\bin;C:\Users\user\AppData\Local\Programs\Microsoft VS Code\bin;C:\Program Files\JetBrains\PyCharm Community Edition 2024.2.3\bin;.;C:\Program Files\JetBrains\RubyMine 2024.2.3\bin;.;., stderr.encoding=Cp1252, java.vendor=Oracle Corporation, java.vm.info=mixed mode, sharing, java.vm.version=21.0.4+8-LTS-274, sun.io.unicode.encoding=UnicodeLittle, hibernate.archive.scanner=org.hibernate.boot.archive.scan.internal.DisabledScanner, hibernate.connection.datasource=HikariDataSource (HikariPool-1), java.class.version=65.0}
2025-05-02 12:14:56 [main] DEBUG o.h.internal.SessionFactoryImpl - Session factory constructed with filter configurations : {}
2025-05-02 12:14:56 [main] DEBUG o.h.v.i.x.config.ValidationXmlParser - Trying to load META-INF/validation.xml for XML based Validator configuration.
2025-05-02 12:14:56 [main] DEBUG o.h.v.i.x.c.ResourceLoaderHelper - Trying to load META-INF/validation.xml via TCCL
2025-05-02 12:14:56 [main] DEBUG o.h.v.i.x.c.ResourceLoaderHelper - Trying to load META-INF/validation.xml via Hibernate Validator's class loader
2025-05-02 12:14:56 [main] DEBUG o.h.v.i.x.config.ValidationXmlParser - No META-INF/validation.xml found. Using annotation based configuration only.
2025-05-02 12:14:56 [main] DEBUG o.h.v.i.e.r.TraversableResolvers - Found jakarta.persistence.Persistence on classpath containing 'getPersistenceUtil'. Assuming JPA 2 environment. Trying to instantiate JPA aware TraversableResolver
2025-05-02 12:14:56 [main] DEBUG o.h.v.i.e.r.TraversableResolvers - Instantiated JPA aware TraversableResolver of type org.hibernate.validator.internal.engine.resolver.JPATraversableResolver.
2025-05-02 12:14:56 [main] DEBUG o.h.v.m.ResourceBundleMessageInterpolator - Loaded expression factory via original TCCL
2025-05-02 12:14:56 [main] DEBUG o.h.v.i.e.ValidatorFactoryConfigurationHelper - HV000252: Using org.hibernate.validator.internal.engine.DefaultPropertyNodeNameProvider as property node name provider.
2025-05-02 12:14:56 [main] DEBUG o.h.v.i.e.ValidatorFactoryConfigurationHelper - HV000234: Using org.hibernate.validator.messageinterpolation.ResourceBundleMessageInterpolator as ValidatorFactory-scoped message interpolator.
2025-05-02 12:14:56 [main] DEBUG o.h.v.i.e.ValidatorFactoryConfigurationHelper - HV000234: Using org.hibernate.validator.internal.engine.resolver.JPATraversableResolver as ValidatorFactory-scoped traversable resolver.
2025-05-02 12:14:56 [main] DEBUG o.h.v.i.e.ValidatorFactoryConfigurationHelper - HV000234: Using org.hibernate.validator.internal.util.ExecutableParameterNameProvider as ValidatorFactory-scoped parameter name provider.
2025-05-02 12:14:56 [main] DEBUG o.h.v.i.e.ValidatorFactoryConfigurationHelper - HV000234: Using org.hibernate.validator.internal.engine.DefaultClockProvider as ValidatorFactory-scoped clock provider.
2025-05-02 12:14:56 [main] DEBUG o.h.v.i.e.ValidatorFactoryConfigurationHelper - HV000234: Using org.hibernate.validator.internal.engine.scripting.DefaultScriptEvaluatorFactory as ValidatorFactory-scoped script evaluator factory.
2025-05-02 12:14:56 [main] DEBUG o.h.b.internal.ClassLoaderAccessImpl - Not known whether passed class name [com.example.model.MedicalRecord] is safe
2025-05-02 12:14:56 [main] DEBUG o.h.b.internal.ClassLoaderAccessImpl - No temp ClassLoader provided; using live ClassLoader for loading potentially unsafe class : com.example.model.MedicalRecord
2025-05-02 12:14:57 [main] DEBUG o.h.b.internal.ClassLoaderAccessImpl - Not known whether passed class name [com.example.model.AuditLog] is safe
2025-05-02 12:14:57 [main] DEBUG o.h.b.internal.ClassLoaderAccessImpl - No temp ClassLoader provided; using live ClassLoader for loading potentially unsafe class : com.example.model.AuditLog
2025-05-02 12:14:57 [main] DEBUG o.h.s.i.SessionFactoryServiceRegistryImpl - EventListenerRegistry access via ServiceRegistry is deprecated.  Use `sessionFactory.getEventEngine().getListenerRegistry()` instead
2025-05-02 12:14:57 [main] DEBUG o.h.q.s.function.SqmFunctionRegistry - Registered SqmFunctionTemplate [NamedSqmFunctionTemplate(max)] under max; prior registration was null
2025-05-02 12:14:57 [main] DEBUG o.h.q.s.function.SqmFunctionRegistry - Registered SqmFunctionTemplate [NamedSqmFunctionTemplate(min)] under min; prior registration was null
2025-05-02 12:14:57 [main] DEBUG o.h.q.s.function.SqmFunctionRegistry - Registered SqmFunctionTemplate [NamedSqmFunctionTemplate(sum)] under sum; prior registration was null
2025-05-02 12:14:57 [main] DEBUG o.h.q.s.function.SqmFunctionRegistry - Registered SqmFunctionTemplate [NamedSqmFunctionTemplate(avg)] under avg; prior registration was null
2025-05-02 12:14:57 [main] DEBUG o.h.q.s.function.SqmFunctionRegistry - Registered SqmFunctionTemplate [org.hibernate.dialect.function.CountFunction@5d22ed6c] under count; prior registration was null
2025-05-02 12:14:57 [main] DEBUG o.h.q.s.function.SqmFunctionRegistry - Registered SqmFunctionTemplate [org.hibernate.dialect.function.EveryAnyEmulation@24c84e65] under every; prior registration was null
2025-05-02 12:14:57 [main] DEBUG o.h.q.s.function.SqmFunctionRegistry - Registered SqmFunctionTemplate [org.hibernate.dialect.function.EveryAnyEmulation@7337bd2e] under any; prior registration was null
2025-05-02 12:14:57 [main] DEBUG o.h.q.s.function.SqmFunctionRegistry - Registered SqmFunctionTemplate [NamedSqmFunctionTemplate(floor)] under floor; prior registration was null
2025-05-02 12:14:57 [main] DEBUG o.h.q.s.function.SqmFunctionRegistry - Registered SqmFunctionTemplate [NamedSqmFunctionTemplate(ceiling)] under ceiling; prior registration was null
2025-05-02 12:14:57 [main] DEBUG o.h.q.s.function.SqmFunctionRegistry - Registered SqmFunctionTemplate [NamedSqmFunctionTemplate(mod)] under mod; prior registration was null
2025-05-02 12:14:57 [main] DEBUG o.h.q.s.function.SqmFunctionRegistry - Registered SqmFunctionTemplate [NamedSqmFunctionTemplate(abs)] under abs; prior registration was null
2025-05-02 12:14:57 [main] DEBUG o.h.q.s.function.SqmFunctionRegistry - Registered SqmFunctionTemplate [NamedSqmFunctionTemplate(sign)] under sign; prior registration was null
2025-05-02 12:14:57 [main] DEBUG o.h.q.s.function.SqmFunctionRegistry - Registered SqmFunctionTemplate [NamedSqmFunctionTemplate(sqrt)] under sqrt; prior registration was null
2025-05-02 12:14:57 [main] DEBUG o.h.q.s.function.SqmFunctionRegistry - Registered SqmFunctionTemplate [NamedSqmFunctionTemplate(ln)] under ln; prior registration was null
2025-05-02 12:14:57 [main] DEBUG o.h.q.s.function.SqmFunctionRegistry - Registered SqmFunctionTemplate [NamedSqmFunctionTemplate(exp)] under exp; prior registration was null
2025-05-02 12:14:57 [main] DEBUG o.h.q.s.function.SqmFunctionRegistry - Registered SqmFunctionTemplate [NamedSqmFunctionTemplate(power)] under power; prior registration was null
2025-05-02 12:14:57 [main] DEBUG o.h.q.s.function.SqmFunctionRegistry - Registered SqmFunctionTemplate [NamedSqmFunctionTemplate(round)] under round; prior registration was null
2025-05-02 12:14:57 [main] DEBUG o.h.q.s.function.SqmFunctionRegistry - Registered SqmFunctionTemplate [NamedSqmFunctionTemplate(sin)] under sin; prior registration was null
2025-05-02 12:14:57 [main] DEBUG o.h.q.s.function.SqmFunctionRegistry - Registered SqmFunctionTemplate [NamedSqmFunctionTemplate(cos)] under cos; prior registration was null
2025-05-02 12:14:57 [main] DEBUG o.h.q.s.function.SqmFunctionRegistry - Registered SqmFunctionTemplate [NamedSqmFunctionTemplate(tan)] under tan; prior registration was null
2025-05-02 12:14:57 [main] DEBUG o.h.q.s.function.SqmFunctionRegistry - Registered SqmFunctionTemplate [NamedSqmFunctionTemplate(asin)] under asin; prior registration was null
2025-05-02 12:14:57 [main] DEBUG o.h.q.s.function.SqmFunctionRegistry - Registered SqmFunctionTemplate [NamedSqmFunctionTemplate(acos)] under acos; prior registration was null
2025-05-02 12:14:57 [main] DEBUG o.h.q.s.function.SqmFunctionRegistry - Registered SqmFunctionTemplate [NamedSqmFunctionTemplate(atan)] under atan; prior registration was null
2025-05-02 12:14:57 [main] DEBUG o.h.q.s.function.SqmFunctionRegistry - Registered SqmFunctionTemplate [NamedSqmFunctionTemplate(atan2)] under atan2; prior registration was null
2025-05-02 12:14:57 [main] DEBUG o.h.q.s.function.SqmFunctionRegistry - Registered SqmFunctionTemplate [org.hibernate.query.sqm.function.PatternBasedSqmFunctionDescriptor@4a47bc9c] under sinh; prior registration was null
2025-05-02 12:14:57 [main] DEBUG o.h.q.s.function.SqmFunctionRegistry - Registered SqmFunctionTemplate [org.hibernate.query.sqm.function.PatternBasedSqmFunctionDescriptor@5100c143] under cosh; prior registration was null
2025-05-02 12:14:57 [main] DEBUG o.h.q.s.function.SqmFunctionRegistry - Registered SqmFunctionTemplate [org.hibernate.query.sqm.function.PatternBasedSqmFunctionDescriptor@12404f9d] under tanh; prior registration was null
2025-05-02 12:14:57 [main] DEBUG o.h.q.s.function.SqmFunctionRegistry - Registered SqmFunctionTemplate [org.hibernate.query.sqm.function.PatternBasedSqmFunctionDescriptor@3b42b729] under pi; prior registration was null
2025-05-02 12:14:57 [main] DEBUG o.h.q.s.function.SqmFunctionRegistry - Registered SqmFunctionTemplate [org.hibernate.query.sqm.function.PatternBasedSqmFunctionDescriptor@4c164f81] under log; prior registration was null
2025-05-02 12:14:57 [main] DEBUG o.h.q.s.function.SqmFunctionRegistry - Registered SqmFunctionTemplate [NamedSqmFunctionTemplate(coalesce)] under coalesce; prior registration was null
2025-05-02 12:14:57 [main] DEBUG o.h.q.s.function.SqmFunctionRegistry - Registered SqmFunctionTemplate [NamedSqmFunctionTemplate(nullif)] under nullif; prior registration was null
2025-05-02 12:14:57 [main] DEBUG o.h.q.s.function.SqmFunctionRegistry - Registered SqmFunctionTemplate [NamedSqmFunctionTemplate(left)] under left; prior registration was null
2025-05-02 12:14:57 [main] DEBUG o.h.q.s.function.SqmFunctionRegistry - Registered SqmFunctionTemplate [NamedSqmFunctionTemplate(right)] under right; prior registration was null
2025-05-02 12:14:57 [main] DEBUG o.h.q.s.function.SqmFunctionRegistry - Registered SqmFunctionTemplate [NamedSqmFunctionTemplate(replace)] under replace; prior registration was null
2025-05-02 12:14:57 [main] DEBUG o.h.q.s.function.SqmFunctionRegistry - Registered SqmFunctionTemplate [NamedSqmFunctionTemplate(concat)] under concat; prior registration was null
2025-05-02 12:14:57 [main] DEBUG o.h.q.s.function.SqmFunctionRegistry - Registered SqmFunctionTemplate [NamedSqmFunctionTemplate(lower)] under lower; prior registration was null
2025-05-02 12:14:57 [main] DEBUG o.h.q.s.function.SqmFunctionRegistry - Registered SqmFunctionTemplate [NamedSqmFunctionTemplate(upper)] under upper; prior registration was null
2025-05-02 12:14:57 [main] DEBUG o.h.q.s.function.SqmFunctionRegistry - Registered SqmFunctionTemplate [NamedSqmFunctionTemplate(substring)] under substring; prior registration was null
2025-05-02 12:14:57 [main] DEBUG o.h.q.s.function.SqmFunctionRegistry - Registered SqmFunctionTemplate [NamedSqmFunctionTemplate(locate)] under locate; prior registration was null
2025-05-02 12:14:57 [main] DEBUG o.h.q.s.function.SqmFunctionRegistry - Registered SqmFunctionTemplate [NamedSqmFunctionTemplate(character_length)] under character_length; prior registration was null
2025-05-02 12:14:57 [main] DEBUG o.h.q.s.function.SqmFunctionRegistry - Registering alternate key : length -> character_length
2025-05-02 12:14:57 [main] DEBUG o.h.q.s.function.SqmFunctionRegistry - Registered SqmFunctionTemplate [org.hibernate.dialect.function.LocatePositionEmulation@11dbcb3b] under position; prior registration was null
2025-05-02 12:14:57 [main] DEBUG o.h.q.s.function.SqmFunctionRegistry - Registered SqmFunctionTemplate [org.hibernate.dialect.function.InsertSubstringOverlayEmulation@2f262474] under overlay; prior registration was null
2025-05-02 12:14:57 [main] DEBUG o.h.q.s.function.SqmFunctionRegistry - Registered SqmFunctionTemplate [org.hibernate.dialect.function.TrimFunction@983050b] under trim; prior registration was null
2025-05-02 12:14:57 [main] DEBUG o.h.q.s.function.SqmFunctionRegistry - Registered SqmFunctionTemplate [org.hibernate.dialect.function.CastFunction@5621a671] under cast; prior registration was null
2025-05-02 12:14:57 [main] DEBUG o.h.q.s.function.SqmFunctionRegistry - Registered SqmFunctionTemplate [org.hibernate.query.sqm.function.PatternBasedSqmFunctionDescriptor@2006fdaa] under collate; prior registration was null
2025-05-02 12:14:57 [main] DEBUG o.h.q.s.function.SqmFunctionRegistry - Registered SqmFunctionTemplate [org.hibernate.dialect.function.ExtractFunction@29592929] under extract; prior registration was null
2025-05-02 12:14:57 [main] DEBUG o.h.q.s.function.SqmFunctionRegistry - Registered SqmFunctionTemplate [NamedSqmFunctionTemplate(least)] under least; prior registration was null
2025-05-02 12:14:57 [main] DEBUG o.h.q.s.function.SqmFunctionRegistry - Registered SqmFunctionTemplate [NamedSqmFunctionTemplate(greatest)] under greatest; prior registration was null
2025-05-02 12:14:57 [main] DEBUG o.h.q.s.function.SqmFunctionRegistry - Registered SqmFunctionTemplate [org.hibernate.dialect.function.CoalesceIfnullEmulation@3e595da3] under ifnull; prior registration was null
2025-05-02 12:14:57 [main] DEBUG o.h.q.s.function.SqmFunctionRegistry - Registered SqmFunctionTemplate [NamedSqmFunctionTemplate(lpad)] under lpad; prior registration was null
2025-05-02 12:14:57 [main] DEBUG o.h.q.s.function.SqmFunctionRegistry - Registered SqmFunctionTemplate [NamedSqmFunctionTemplate(rpad)] under rpad; prior registration was null
2025-05-02 12:14:57 [main] DEBUG o.h.q.s.function.SqmFunctionRegistry - Registered SqmFunctionTemplate [org.hibernate.dialect.function.LpadRpadPadEmulation@303fbc4] under pad; prior registration was null
2025-05-02 12:14:57 [main] DEBUG o.h.q.s.function.SqmFunctionRegistry - Registered SqmFunctionTemplate [org.hibernate.dialect.function.CastStrEmulation@79e90571] under str; prior registration was null
2025-05-02 12:14:57 [main] DEBUG o.h.q.s.function.SqmFunctionRegistry - Registered SqmFunctionTemplate [org.hibernate.dialect.function.FormatFunction@6651efa4] under format; prior registration was null
2025-05-02 12:14:57 [main] DEBUG o.h.q.s.function.SqmFunctionRegistry - Registered SqmFunctionTemplate [org.hibernate.dialect.function.TimestampaddFunction@120d13ae] under timestampadd; prior registration was null
2025-05-02 12:14:57 [main] DEBUG o.h.q.s.function.SqmFunctionRegistry - Registered SqmFunctionTemplate [org.hibernate.dialect.function.TimestampdiffFunction@b3004e] under timestampdiff; prior registration was null
2025-05-02 12:14:57 [main] DEBUG o.h.q.s.function.SqmFunctionRegistry - Registering alternate key : dateadd -> timestampadd
2025-05-02 12:14:57 [main] DEBUG o.h.q.s.function.SqmFunctionRegistry - Registering alternate key : datediff -> timestampdiff
2025-05-02 12:14:57 [main] DEBUG o.h.q.s.function.SqmFunctionRegistry - Registered SqmFunctionTemplate [org.hibernate.dialect.function.CurrentFunction@5b55c3d6] under current_date; prior registration was null
2025-05-02 12:14:57 [main] DEBUG o.h.q.s.function.SqmFunctionRegistry - Registered SqmFunctionTemplate [org.hibernate.dialect.function.CurrentFunction@6c8e5ac4] under current_time; prior registration was null
2025-05-02 12:14:57 [main] DEBUG o.h.q.s.function.SqmFunctionRegistry - Registered SqmFunctionTemplate [org.hibernate.dialect.function.CurrentFunction@1800c1e3] under current_timestamp; prior registration was null
2025-05-02 12:14:57 [main] DEBUG o.h.q.s.function.SqmFunctionRegistry - Registering alternate key : current date -> current_date
2025-05-02 12:14:57 [main] DEBUG o.h.q.s.function.SqmFunctionRegistry - Registering alternate key : current time -> current_time
2025-05-02 12:14:57 [main] DEBUG o.h.q.s.function.SqmFunctionRegistry - Registering alternate key : current timestamp -> current_timestamp
2025-05-02 12:14:57 [main] DEBUG o.h.q.s.function.SqmFunctionRegistry - Registered SqmFunctionTemplate [org.hibernate.dialect.function.CurrentFunction@3b8b4846] under local_date; prior registration was null
2025-05-02 12:14:57 [main] DEBUG o.h.q.s.function.SqmFunctionRegistry - Registered SqmFunctionTemplate [org.hibernate.dialect.function.CurrentFunction@4e357792] under local_time; prior registration was null
2025-05-02 12:14:57 [main] DEBUG o.h.q.s.function.SqmFunctionRegistry - Registered SqmFunctionTemplate [org.hibernate.dialect.function.CurrentFunction@50734cea] under local_datetime; prior registration was null
2025-05-02 12:14:57 [main] DEBUG o.h.q.s.function.SqmFunctionRegistry - Registered SqmFunctionTemplate [org.hibernate.dialect.function.CurrentFunction@4e6280de] under offset_datetime; prior registration was null
2025-05-02 12:14:57 [main] DEBUG o.h.q.s.function.SqmFunctionRegistry - Registering alternate key : local date -> local_date
2025-05-02 12:14:57 [main] DEBUG o.h.q.s.function.SqmFunctionRegistry - Registering alternate key : local time -> local_time
2025-05-02 12:14:57 [main] DEBUG o.h.q.s.function.SqmFunctionRegistry - Registering alternate key : local datetime -> local_datetime
2025-05-02 12:14:57 [main] DEBUG o.h.q.s.function.SqmFunctionRegistry - Registering alternate key : offset datetime -> offset_datetime
2025-05-02 12:14:57 [main] DEBUG o.h.q.s.function.SqmFunctionRegistry - Registered SqmFunctionTemplate [org.hibernate.dialect.function.CurrentFunction@2fca282c] under instant; prior registration was null
2025-05-02 12:14:57 [main] DEBUG o.h.q.s.function.SqmFunctionRegistry - Registering alternate key : current_instant -> instant
2025-05-02 12:14:57 [main] DEBUG o.h.q.s.function.SqmFunctionRegistry - Registered SqmFunctionTemplate [org.hibernate.dialect.function.SqlFunction@24b38e8f] under sql; prior registration was null
2025-05-02 12:14:57 [main] DEBUG o.h.q.s.function.SqmFunctionRegistry - Registered SqmFunctionTemplate [NamedSqmFunctionTemplate(max)] under max; prior registration was NamedSqmFunctionTemplate(max)
2025-05-02 12:14:57 [main] DEBUG o.h.q.s.function.SqmFunctionRegistry - Registered SqmFunctionTemplate [NamedSqmFunctionTemplate(min)] under min; prior registration was NamedSqmFunctionTemplate(min)
2025-05-02 12:14:57 [main] DEBUG o.h.q.s.function.SqmFunctionRegistry - Registered SqmFunctionTemplate [NamedSqmFunctionTemplate(sum)] under sum; prior registration was NamedSqmFunctionTemplate(sum)
2025-05-02 12:14:57 [main] DEBUG o.h.q.s.function.SqmFunctionRegistry - Registered SqmFunctionTemplate [NamedSqmFunctionTemplate(avg)] under avg; prior registration was NamedSqmFunctionTemplate(avg)
2025-05-02 12:14:57 [main] DEBUG o.h.q.s.function.SqmFunctionRegistry - Registered SqmFunctionTemplate [org.hibernate.dialect.function.CountFunction@5cf072ea] under count; prior registration was org.hibernate.dialect.function.CountFunction@5d22ed6c
2025-05-02 12:14:57 [main] DEBUG o.h.q.s.function.SqmFunctionRegistry - Registered SqmFunctionTemplate [org.hibernate.dialect.function.AvgFunction@11069eac] under avg; prior registration was NamedSqmFunctionTemplate(avg)
2025-05-02 12:14:57 [main] DEBUG o.h.q.s.function.SqmFunctionRegistry - Registered SqmFunctionTemplate [NamedSqmFunctionTemplate(pi)] under pi; prior registration was org.hibernate.query.sqm.function.PatternBasedSqmFunctionDescriptor@3b42b729
2025-05-02 12:14:57 [main] DEBUG o.h.q.s.function.SqmFunctionRegistry - Registered SqmFunctionTemplate [NamedSqmFunctionTemplate(cot)] under cot; prior registration was null
2025-05-02 12:14:57 [main] DEBUG o.h.q.s.function.SqmFunctionRegistry - Registered SqmFunctionTemplate [NamedSqmFunctionTemplate(radians)] under radians; prior registration was null
2025-05-02 12:14:57 [main] DEBUG o.h.q.s.function.SqmFunctionRegistry - Registered SqmFunctionTemplate [NamedSqmFunctionTemplate(degrees)] under degrees; prior registration was null
2025-05-02 12:14:57 [main] DEBUG o.h.q.s.function.SqmFunctionRegistry - Registered SqmFunctionTemplate [NamedSqmFunctionTemplate(log10)] under log10; prior registration was null
2025-05-02 12:14:57 [main] DEBUG o.h.q.s.function.SqmFunctionRegistry - Registered SqmFunctionTemplate [org.hibernate.query.sqm.function.PatternBasedSqmFunctionDescriptor@5909285b] under mod; prior registration was NamedSqmFunctionTemplate(mod)
2025-05-02 12:14:57 [main] DEBUG o.h.q.s.function.SqmFunctionRegistry - Registered SqmFunctionTemplate [NamedSqmFunctionTemplate(rand)] under rand; prior registration was null
2025-05-02 12:14:57 [main] DEBUG o.h.q.s.function.SqmFunctionRegistry - Registered SqmFunctionTemplate [NamedSqmFunctionTemplate(soundex)] under soundex; prior registration was null
2025-05-02 12:14:57 [main] DEBUG o.h.q.s.function.SqmFunctionRegistry - Registered SqmFunctionTemplate [NamedSqmFunctionTemplate(translate)] under translate; prior registration was null
2025-05-02 12:14:57 [main] DEBUG o.h.q.s.function.SqmFunctionRegistry - Registered SqmFunctionTemplate [NamedSqmFunctionTemplate(bitand)] under bitand; prior registration was null
2025-05-02 12:14:57 [main] DEBUG o.h.q.s.function.SqmFunctionRegistry - Registered SqmFunctionTemplate [NamedSqmFunctionTemplate(bitor)] under bitor; prior registration was null
2025-05-02 12:14:57 [main] DEBUG o.h.q.s.function.SqmFunctionRegistry - Registered SqmFunctionTemplate [NamedSqmFunctionTemplate(bitxor)] under bitxor; prior registration was null
2025-05-02 12:14:57 [main] DEBUG o.h.q.s.function.SqmFunctionRegistry - Registered SqmFunctionTemplate [NamedSqmFunctionTemplate(bit_and)] under bit_and; prior registration was null
2025-05-02 12:14:57 [main] DEBUG o.h.q.s.function.SqmFunctionRegistry - Registered SqmFunctionTemplate [NamedSqmFunctionTemplate(bit_or)] under bit_or; prior registration was null
2025-05-02 12:14:57 [main] DEBUG o.h.q.s.function.SqmFunctionRegistry - Registered SqmFunctionTemplate [NamedSqmFunctionTemplate(day)] under day; prior registration was null
2025-05-02 12:14:57 [main] DEBUG o.h.q.s.function.SqmFunctionRegistry - Registered SqmFunctionTemplate [NamedSqmFunctionTemplate(month)] under month; prior registration was null
2025-05-02 12:14:57 [main] DEBUG o.h.q.s.function.SqmFunctionRegistry - Registered SqmFunctionTemplate [NamedSqmFunctionTemplate(year)] under year; prior registration was null
2025-05-02 12:14:57 [main] DEBUG o.h.q.s.function.SqmFunctionRegistry - Registered SqmFunctionTemplate [NamedSqmFunctionTemplate(hour)] under hour; prior registration was null
2025-05-02 12:14:57 [main] DEBUG o.h.q.s.function.SqmFunctionRegistry - Registered SqmFunctionTemplate [NamedSqmFunctionTemplate(minute)] under minute; prior registration was null
2025-05-02 12:14:57 [main] DEBUG o.h.q.s.function.SqmFunctionRegistry - Registered SqmFunctionTemplate [NamedSqmFunctionTemplate(second)] under second; prior registration was null
2025-05-02 12:14:57 [main] DEBUG o.h.q.s.function.SqmFunctionRegistry - Registered SqmFunctionTemplate [NamedSqmFunctionTemplate(microsecond)] under microsecond; prior registration was null
2025-05-02 12:14:57 [main] DEBUG o.h.q.s.function.SqmFunctionRegistry - Registered SqmFunctionTemplate [NamedSqmFunctionTemplate(day_of_week)] under day_of_week; prior registration was null
2025-05-02 12:14:57 [main] DEBUG o.h.q.s.function.SqmFunctionRegistry - Registered SqmFunctionTemplate [NamedSqmFunctionTemplate(day_of_month)] under day_of_month; prior registration was null
2025-05-02 12:14:57 [main] DEBUG o.h.q.s.function.SqmFunctionRegistry - Registering alternate key : day -> day_of_month
2025-05-02 12:14:57 [main] DEBUG o.h.q.s.function.SqmFunctionRegistry - Registered SqmFunctionTemplate [NamedSqmFunctionTemplate(day_of_year)] under day_of_year; prior registration was null
2025-05-02 12:14:57 [main] DEBUG o.h.q.s.function.SqmFunctionRegistry - Registered SqmFunctionTemplate [NamedSqmFunctionTemplate(week)] under week; prior registration was null
2025-05-02 12:14:57 [main] DEBUG o.h.q.s.function.SqmFunctionRegistry - Registered SqmFunctionTemplate [NamedSqmFunctionTemplate(quarter)] under quarter; prior registration was null
2025-05-02 12:14:57 [main] DEBUG o.h.q.s.function.SqmFunctionRegistry - Registered SqmFunctionTemplate [NamedSqmFunctionTemplate(monthname)] under monthname; prior registration was null
2025-05-02 12:14:57 [main] DEBUG o.h.q.s.function.SqmFunctionRegistry - Registered SqmFunctionTemplate [NamedSqmFunctionTemplate(dayname)] under dayname; prior registration was null
2025-05-02 12:14:57 [main] DEBUG o.h.q.s.function.SqmFunctionRegistry - Registered SqmFunctionTemplate [NamedSqmFunctionTemplate(localtime)] under localtime; prior registration was null
2025-05-02 12:14:57 [main] DEBUG o.h.q.s.function.SqmFunctionRegistry - Registered SqmFunctionTemplate [NamedSqmFunctionTemplate(localtimestamp)] under localtimestamp; prior registration was null
2025-05-02 12:14:57 [main] DEBUG o.h.q.s.function.SqmFunctionRegistry - Registered SqmFunctionTemplate [NamedSqmFunctionTemplate(localtime)] under local_time; prior registration was org.hibernate.dialect.function.CurrentFunction@4e357792
2025-05-02 12:14:57 [main] DEBUG o.h.q.s.function.SqmFunctionRegistry - Registered SqmFunctionTemplate [NamedSqmFunctionTemplate(localtimestamp)] under local_datetime; prior registration was org.hibernate.dialect.function.CurrentFunction@50734cea
2025-05-02 12:14:57 [main] DEBUG o.h.q.s.function.SqmFunctionRegistry - Registered SqmFunctionTemplate [org.hibernate.dialect.function.TruncFunction@35af1558] under trunc; prior registration was null
2025-05-02 12:14:57 [main] DEBUG o.h.q.s.function.SqmFunctionRegistry - Registering alternate key : truncate -> trunc
2025-05-02 12:14:57 [main] DEBUG o.h.q.s.function.SqmFunctionRegistry - Registered SqmFunctionTemplate [org.hibernate.query.sqm.function.PatternBasedSqmFunctionDescriptor@2361365c] under date_trunc; prior registration was null
2025-05-02 12:14:57 [main] DEBUG o.h.q.s.function.SqmFunctionRegistry - Registered SqmFunctionTemplate [NamedSqmFunctionTemplate(bit_length)] under bit_length; prior registration was null
2025-05-02 12:14:57 [main] DEBUG o.h.q.s.function.SqmFunctionRegistry - Registered SqmFunctionTemplate [NamedSqmFunctionTemplate(octet_length)] under octet_length; prior registration was null
2025-05-02 12:14:57 [main] DEBUG o.h.q.s.function.SqmFunctionRegistry - Registered SqmFunctionTemplate [NamedSqmFunctionTemplate(ascii)] under ascii; prior registration was null
2025-05-02 12:14:57 [main] DEBUG o.h.q.s.function.SqmFunctionRegistry - Registered SqmFunctionTemplate [NamedSqmFunctionTemplate(octet_length)] under octet_length; prior registration was NamedSqmFunctionTemplate(octet_length)
2025-05-02 12:14:57 [main] DEBUG o.h.q.s.function.SqmFunctionRegistry - Registered SqmFunctionTemplate [NamedSqmFunctionTemplate(space)] under space; prior registration was null
2025-05-02 12:14:57 [main] DEBUG o.h.q.s.function.SqmFunctionRegistry - Registered SqmFunctionTemplate [NamedSqmFunctionTemplate(repeat)] under repeat; prior registration was null
2025-05-02 12:14:57 [main] DEBUG o.h.q.s.function.SqmFunctionRegistry - Registered SqmFunctionTemplate [NamedSqmFunctionTemplate(char)] under char; prior registration was null
2025-05-02 12:14:57 [main] DEBUG o.h.q.s.function.SqmFunctionRegistry - Registering alternate key : chr -> char
2025-05-02 12:14:57 [main] DEBUG o.h.q.s.function.SqmFunctionRegistry - Registered SqmFunctionTemplate [NamedSqmFunctionTemplate(instr)] under instr; prior registration was null
2025-05-02 12:14:57 [main] DEBUG o.h.q.s.function.SqmFunctionRegistry - Registered SqmFunctionTemplate [NamedSqmFunctionTemplate(substr)] under substr; prior registration was null
2025-05-02 12:14:57 [main] DEBUG o.h.q.s.function.SqmFunctionRegistry - Registered SqmFunctionTemplate [org.hibernate.query.sqm.function.PatternBasedSqmFunctionDescriptor@59b853aa] under position; prior registration was org.hibernate.dialect.function.LocatePositionEmulation@11dbcb3b
2025-05-02 12:14:57 [main] DEBUG o.h.q.s.function.SqmFunctionRegistry - Registered SqmFunctionTemplate [NamedSqmFunctionTemplate(ltrim)] under ltrim; prior registration was null
2025-05-02 12:14:57 [main] DEBUG o.h.q.s.function.SqmFunctionRegistry - Registered SqmFunctionTemplate [NamedSqmFunctionTemplate(rtrim)] under rtrim; prior registration was null
2025-05-02 12:14:57 [main] DEBUG o.h.q.s.function.SqmFunctionRegistry - Registered SqmFunctionTemplate [org.hibernate.query.sqm.function.PatternBasedSqmFunctionDescriptor@4ab90d01] under concat; prior registration was NamedSqmFunctionTemplate(concat)
2025-05-02 12:14:57 [main] DEBUG o.h.q.s.function.SqmFunctionRegistry - Registered SqmFunctionTemplate [NamedSqmFunctionTemplate(curtime)] under curtime; prior registration was null
2025-05-02 12:14:57 [main] DEBUG o.h.q.s.function.SqmFunctionRegistry - Registered SqmFunctionTemplate [NamedSqmFunctionTemplate(curdate)] under curdate; prior registration was null
2025-05-02 12:14:57 [main] DEBUG o.h.q.s.function.SqmFunctionRegistry - Registered SqmFunctionTemplate [NamedSqmFunctionTemplate(now)] under now; prior registration was null
2025-05-02 12:14:57 [main] DEBUG o.h.q.s.function.SqmFunctionRegistry - Registered SqmFunctionTemplate [NamedSqmFunctionTemplate(sysdate)] under sysdate; prior registration was null
2025-05-02 12:14:57 [main] DEBUG o.h.q.s.function.SqmFunctionRegistry - Registered SqmFunctionTemplate [NamedSqmFunctionTemplate(insert)] under insert; prior registration was null
2025-05-02 12:14:57 [main] DEBUG o.h.q.s.function.SqmFunctionRegistry - Registered SqmFunctionTemplate [NamedSqmFunctionTemplate(bool_and)] under bool_and; prior registration was null
2025-05-02 12:14:57 [main] DEBUG o.h.q.s.function.SqmFunctionRegistry - Registering alternate key : every -> bool_and
2025-05-02 12:14:57 [main] DEBUG o.h.q.s.function.SqmFunctionRegistry - Registered SqmFunctionTemplate [NamedSqmFunctionTemplate(bool_or)] under bool_or; prior registration was null
2025-05-02 12:14:57 [main] DEBUG o.h.q.s.function.SqmFunctionRegistry - Registering alternate key : any -> bool_or
2025-05-02 12:14:57 [main] DEBUG o.h.q.s.function.SqmFunctionRegistry - Registered SqmFunctionTemplate [NamedSqmFunctionTemplate(median)] under median; prior registration was null
2025-05-02 12:14:57 [main] DEBUG o.h.q.s.function.SqmFunctionRegistry - Registered SqmFunctionTemplate [NamedSqmFunctionTemplate(stddev_pop)] under stddev_pop; prior registration was null
2025-05-02 12:14:57 [main] DEBUG o.h.q.s.function.SqmFunctionRegistry - Registered SqmFunctionTemplate [NamedSqmFunctionTemplate(stddev_samp)] under stddev_samp; prior registration was null
2025-05-02 12:14:57 [main] DEBUG o.h.q.s.function.SqmFunctionRegistry - Registered SqmFunctionTemplate [NamedSqmFunctionTemplate(var_pop)] under var_pop; prior registration was null
2025-05-02 12:14:57 [main] DEBUG o.h.q.s.function.SqmFunctionRegistry - Registered SqmFunctionTemplate [NamedSqmFunctionTemplate(var_samp)] under var_samp; prior registration was null
2025-05-02 12:14:57 [main] DEBUG o.h.q.s.function.SqmFunctionRegistry - Registered SqmFunctionTemplate [org.hibernate.dialect.function.FormatFunction@771d4db] under format; prior registration was org.hibernate.dialect.function.FormatFunction@6651efa4
2025-05-02 12:14:57 [main] DEBUG o.h.q.s.function.SqmFunctionRegistry - Registered SqmFunctionTemplate [NamedSqmFunctionTemplate(rownum)] under rownum; prior registration was null
2025-05-02 12:14:57 [main] DEBUG o.h.q.s.function.SqmFunctionRegistry - Registered SqmFunctionTemplate [NamedSqmFunctionTemplate(row_number)] under row_number; prior registration was null
2025-05-02 12:14:57 [main] DEBUG o.h.q.s.function.SqmFunctionRegistry - Registered SqmFunctionTemplate [NamedSqmFunctionTemplate(lag)] under lag; prior registration was null
2025-05-02 12:14:57 [main] DEBUG o.h.q.s.function.SqmFunctionRegistry - Registered SqmFunctionTemplate [NamedSqmFunctionTemplate(lead)] under lead; prior registration was null
2025-05-02 12:14:57 [main] DEBUG o.h.q.s.function.SqmFunctionRegistry - Registered SqmFunctionTemplate [NamedSqmFunctionTemplate(first_value)] under first_value; prior registration was null
2025-05-02 12:14:57 [main] DEBUG o.h.q.s.function.SqmFunctionRegistry - Registered SqmFunctionTemplate [NamedSqmFunctionTemplate(last_value)] under last_value; prior registration was null
2025-05-02 12:14:57 [main] DEBUG o.h.q.s.function.SqmFunctionRegistry - Registered SqmFunctionTemplate [NamedSqmFunctionTemplate(nth_value)] under nth_value; prior registration was null
2025-05-02 12:14:57 [main] DEBUG o.h.q.s.function.SqmFunctionRegistry - Registered SqmFunctionTemplate [org.hibernate.dialect.function.ListaggFunction@56d5460f] under listagg; prior registration was null
2025-05-02 12:14:57 [main] DEBUG o.h.q.s.function.SqmFunctionRegistry - Registered SqmFunctionTemplate [org.hibernate.dialect.function.InverseDistributionFunction@12bcf7c6] under mode; prior registration was null
2025-05-02 12:14:57 [main] DEBUG o.h.q.s.function.SqmFunctionRegistry - Registered SqmFunctionTemplate [org.hibernate.dialect.function.InverseDistributionFunction@5e763c07] under percentile_cont; prior registration was null
2025-05-02 12:14:57 [main] DEBUG o.h.q.s.function.SqmFunctionRegistry - Registered SqmFunctionTemplate [org.hibernate.dialect.function.InverseDistributionFunction@2066e897] under percentile_disc; prior registration was null
2025-05-02 12:14:57 [main] DEBUG o.h.q.s.function.SqmFunctionRegistry - Registered SqmFunctionTemplate [org.hibernate.dialect.function.HypotheticalSetFunction@1c98fe6f] under rank; prior registration was null
2025-05-02 12:14:57 [main] DEBUG o.h.q.s.function.SqmFunctionRegistry - Registered SqmFunctionTemplate [org.hibernate.dialect.function.HypotheticalSetFunction@1397b141] under dense_rank; prior registration was null
2025-05-02 12:14:57 [main] DEBUG o.h.q.s.function.SqmFunctionRegistry - Registered SqmFunctionTemplate [org.hibernate.dialect.function.HypotheticalSetFunction@579dde54] under percent_rank; prior registration was null
2025-05-02 12:14:57 [main] DEBUG o.h.q.s.function.SqmFunctionRegistry - Registered SqmFunctionTemplate [org.hibernate.dialect.function.HypotheticalSetFunction@30b9728f] under cume_dist; prior registration was null
2025-05-02 12:14:57 [main] DEBUG o.h.q.s.function.SqmFunctionRegistry - Registered SqmFunctionTemplate [org.hibernate.dialect.function.array.ArrayConstructorFunction@20155dae] under array; prior registration was null
2025-05-02 12:14:57 [main] DEBUG o.h.q.s.function.SqmFunctionRegistry - Registered SqmFunctionTemplate [org.hibernate.dialect.function.array.ArrayConstructorFunction@6c49ea0c] under array_list; prior registration was null
2025-05-02 12:14:57 [main] DEBUG o.h.q.s.function.SqmFunctionRegistry - Registered SqmFunctionTemplate [org.hibernate.dialect.function.array.ArrayAggFunction@9763e61] under array_agg; prior registration was null
2025-05-02 12:14:57 [main] DEBUG o.h.q.s.function.SqmFunctionRegistry - Registered SqmFunctionTemplate [org.hibernate.dialect.function.array.H2ArrayPositionFunction@128a188a] under array_position; prior registration was null
2025-05-02 12:14:57 [main] DEBUG o.h.q.s.function.SqmFunctionRegistry - Registered SqmFunctionTemplate [org.hibernate.dialect.function.array.H2ArrayPositionsFunction@38394dc3] under array_positions; prior registration was null
2025-05-02 12:14:57 [main] DEBUG o.h.q.s.function.SqmFunctionRegistry - Registered SqmFunctionTemplate [org.hibernate.dialect.function.array.H2ArrayPositionsFunction@414e8b31] under array_positions_list; prior registration was null
2025-05-02 12:14:57 [main] DEBUG o.h.q.s.function.SqmFunctionRegistry - Registered SqmFunctionTemplate [org.hibernate.query.sqm.function.PatternBasedSqmFunctionDescriptor@b90c5a5] under array_length; prior registration was null
2025-05-02 12:14:57 [main] DEBUG o.h.q.s.function.SqmFunctionRegistry - Registered SqmFunctionTemplate [org.hibernate.dialect.function.array.ArrayConcatFunction@3164d5aa] under array_concat; prior registration was null
2025-05-02 12:14:57 [main] DEBUG o.h.q.s.function.SqmFunctionRegistry - Registered SqmFunctionTemplate [org.hibernate.dialect.function.array.ArrayConcatElementFunction@5383bf08] under array_prepend; prior registration was null
2025-05-02 12:14:57 [main] DEBUG o.h.q.s.function.SqmFunctionRegistry - Registered SqmFunctionTemplate [org.hibernate.dialect.function.array.ArrayConcatElementFunction@2586e878] under array_append; prior registration was null
2025-05-02 12:14:57 [main] DEBUG o.h.q.s.function.SqmFunctionRegistry - Registered SqmFunctionTemplate [org.hibernate.dialect.function.array.H2ArrayContainsFunction@f08f8a9] under array_contains; prior registration was null
2025-05-02 12:14:57 [main] DEBUG o.h.q.s.function.SqmFunctionRegistry - Registered SqmFunctionTemplate [org.hibernate.dialect.function.array.H2ArrayContainsFunction@5ebf776c] under array_contains_nullable; prior registration was null
2025-05-02 12:14:57 [main] DEBUG o.h.q.s.function.SqmFunctionRegistry - Registered SqmFunctionTemplate [org.hibernate.dialect.function.array.H2ArrayOverlapsFunction@3a0baec0] under array_overlaps; prior registration was null
2025-05-02 12:14:57 [main] DEBUG o.h.q.s.function.SqmFunctionRegistry - Registered SqmFunctionTemplate [org.hibernate.dialect.function.array.H2ArrayOverlapsFunction@50c2ef56] under array_overlaps_nullable; prior registration was null
2025-05-02 12:14:57 [main] DEBUG o.h.q.s.function.SqmFunctionRegistry - Registered SqmFunctionTemplate [org.hibernate.query.sqm.function.PatternBasedSqmFunctionDescriptor@15f11bfb] under array_get; prior registration was null
2025-05-02 12:14:57 [main] DEBUG o.h.q.s.function.SqmFunctionRegistry - Registered SqmFunctionTemplate [org.hibernate.dialect.function.array.H2ArraySetFunction@720ffab4] under array_set; prior registration was null
2025-05-02 12:14:57 [main] DEBUG o.h.q.s.function.SqmFunctionRegistry - Registered SqmFunctionTemplate [org.hibernate.dialect.function.array.H2ArrayRemoveFunction@58b03029] under array_remove; prior registration was null
2025-05-02 12:14:57 [main] DEBUG o.h.q.s.function.SqmFunctionRegistry - Registered SqmFunctionTemplate [org.hibernate.dialect.function.array.H2ArrayRemoveIndexFunction@44e79e9e] under array_remove_index; prior registration was null
2025-05-02 12:14:57 [main] DEBUG o.h.q.s.function.SqmFunctionRegistry - Registered SqmFunctionTemplate [org.hibernate.query.sqm.function.PatternBasedSqmFunctionDescriptor@5bc14211] under array_slice; prior registration was null
2025-05-02 12:14:57 [main] DEBUG o.h.q.s.function.SqmFunctionRegistry - Registered SqmFunctionTemplate [org.hibernate.dialect.function.array.H2ArrayReplaceFunction@570299e3] under array_replace; prior registration was null
2025-05-02 12:14:57 [main] DEBUG o.h.q.s.function.SqmFunctionRegistry - Registered SqmFunctionTemplate [org.hibernate.query.sqm.function.PatternBasedSqmFunctionDescriptor@bff764c] under array_trim; prior registration was null
2025-05-02 12:14:57 [main] DEBUG o.h.q.s.function.SqmFunctionRegistry - Registered SqmFunctionTemplate [org.hibernate.dialect.function.array.H2ArrayFillFunction@21eedcde] under array_fill; prior registration was null
2025-05-02 12:14:57 [main] DEBUG o.h.q.s.function.SqmFunctionRegistry - Registered SqmFunctionTemplate [org.hibernate.dialect.function.array.H2ArrayFillFunction@67396475] under array_fill_list; prior registration was null
2025-05-02 12:14:57 [main] DEBUG o.h.q.s.function.SqmFunctionRegistry - Registered SqmFunctionTemplate [org.hibernate.dialect.function.array.H2ArrayToStringFunction@6315bb4] under array_to_string; prior registration was null
2025-05-02 12:14:57 [main] DEBUG org.hibernate.HQL_FUNCTIONS - abs(NUMERIC arg)
2025-05-02 12:14:57 [main] DEBUG org.hibernate.HQL_FUNCTIONS - Double acos(NUMERIC arg)
2025-05-02 12:14:57 [main] DEBUG org.hibernate.HQL_FUNCTIONS - Boolean any(BOOLEAN predicate)
2025-05-02 12:14:57 [main] DEBUG org.hibernate.HQL_FUNCTIONS - array( ... )
2025-05-02 12:14:57 [main] DEBUG org.hibernate.HQL_FUNCTIONS - array_agg(arg)
2025-05-02 12:14:57 [main] DEBUG org.hibernate.HQL_FUNCTIONS - array_append( ... )
2025-05-02 12:14:57 [main] DEBUG org.hibernate.HQL_FUNCTIONS - array_concat( ... )
2025-05-02 12:14:57 [main] DEBUG org.hibernate.HQL_FUNCTIONS - Boolean array_contains(ARRAY haystackArray, OBJECT needleElementOrArray)
2025-05-02 12:14:57 [main] DEBUG org.hibernate.HQL_FUNCTIONS - Boolean array_contains_nullable(ARRAY haystackArray, OBJECT needleElementOrArray)
2025-05-02 12:14:57 [main] DEBUG org.hibernate.HQL_FUNCTIONS - array_fill(OBJECT element, INTEGER elementCount)
2025-05-02 12:14:57 [main] DEBUG org.hibernate.HQL_FUNCTIONS - array_fill_list(OBJECT element, INTEGER elementCount)
2025-05-02 12:14:57 [main] DEBUG org.hibernate.HQL_FUNCTIONS - array_get(ARRAY array, INTEGER index)
2025-05-02 12:14:57 [main] DEBUG org.hibernate.HQL_FUNCTIONS - Integer array_length(ARRAY array)
2025-05-02 12:14:57 [main] DEBUG org.hibernate.HQL_FUNCTIONS - array_list( ... )
2025-05-02 12:14:57 [main] DEBUG org.hibernate.HQL_FUNCTIONS - Boolean array_overlaps(ARRAY array0, OBJECT array1)
2025-05-02 12:14:57 [main] DEBUG org.hibernate.HQL_FUNCTIONS - Boolean array_overlaps_nullable(ARRAY array0, OBJECT array1)
2025-05-02 12:14:57 [main] DEBUG org.hibernate.HQL_FUNCTIONS - Integer array_position(ARRAY array, OBJECT element[, INTEGER startPosition])
2025-05-02 12:14:57 [main] DEBUG org.hibernate.HQL_FUNCTIONS - int[] array_positions(ARRAY array, OBJECT element)
2025-05-02 12:14:57 [main] DEBUG org.hibernate.HQL_FUNCTIONS - List array_positions_list(ARRAY array, OBJECT element)
2025-05-02 12:14:57 [main] DEBUG org.hibernate.HQL_FUNCTIONS - array_prepend( ... )
2025-05-02 12:14:57 [main] DEBUG org.hibernate.HQL_FUNCTIONS - array_remove( ... )
2025-05-02 12:14:57 [main] DEBUG org.hibernate.HQL_FUNCTIONS - array_remove_index( ... )
2025-05-02 12:14:57 [main] DEBUG org.hibernate.HQL_FUNCTIONS - array_replace( ... )
2025-05-02 12:14:57 [main] DEBUG org.hibernate.HQL_FUNCTIONS - array_set( ... )
2025-05-02 12:14:57 [main] DEBUG org.hibernate.HQL_FUNCTIONS - array_slice(ARRAY array, INTEGER start, INTEGER end)
2025-05-02 12:14:57 [main] DEBUG org.hibernate.HQL_FUNCTIONS - String array_to_string( ... )
2025-05-02 12:14:57 [main] DEBUG org.hibernate.HQL_FUNCTIONS - array_trim(ARRAY array, INTEGER elementsToRemove)
2025-05-02 12:14:57 [main] DEBUG org.hibernate.HQL_FUNCTIONS - Integer ascii(STRING arg)
2025-05-02 12:14:57 [main] DEBUG org.hibernate.HQL_FUNCTIONS - Double asin(NUMERIC arg)
2025-05-02 12:14:57 [main] DEBUG org.hibernate.HQL_FUNCTIONS - Double atan(NUMERIC arg)
2025-05-02 12:14:57 [main] DEBUG org.hibernate.HQL_FUNCTIONS - Double atan2(NUMERIC arg0, NUMERIC arg1)
2025-05-02 12:14:57 [main] DEBUG org.hibernate.HQL_FUNCTIONS - avg(NUMERIC arg)
2025-05-02 12:14:57 [main] DEBUG org.hibernate.HQL_FUNCTIONS - bit_and(arg)
2025-05-02 12:14:57 [main] DEBUG org.hibernate.HQL_FUNCTIONS - Integer bit_length(STRING_OR_CLOB arg)
2025-05-02 12:14:57 [main] DEBUG org.hibernate.HQL_FUNCTIONS - bit_or(arg)
2025-05-02 12:14:57 [main] DEBUG org.hibernate.HQL_FUNCTIONS - bitand(arg0, arg1)
2025-05-02 12:14:57 [main] DEBUG org.hibernate.HQL_FUNCTIONS - bitor(arg0, arg1)
2025-05-02 12:14:57 [main] DEBUG org.hibernate.HQL_FUNCTIONS - bitxor(arg0, arg1)
2025-05-02 12:14:57 [main] DEBUG org.hibernate.HQL_FUNCTIONS - Boolean bool_and(BOOLEAN predicate)
2025-05-02 12:14:57 [main] DEBUG org.hibernate.HQL_FUNCTIONS - Boolean bool_or(BOOLEAN predicate)
2025-05-02 12:14:57 [main] DEBUG org.hibernate.HQL_FUNCTIONS - cast(arg as Type)
2025-05-02 12:14:57 [main] DEBUG org.hibernate.HQL_FUNCTIONS - ceiling(NUMERIC arg)
2025-05-02 12:14:57 [main] DEBUG org.hibernate.HQL_FUNCTIONS - Character char(INTEGER arg)
2025-05-02 12:14:57 [main] DEBUG org.hibernate.HQL_FUNCTIONS - Integer character_length(STRING_OR_CLOB arg)
2025-05-02 12:14:57 [main] DEBUG org.hibernate.HQL_FUNCTIONS - Character chr(INTEGER arg)
2025-05-02 12:14:57 [main] DEBUG org.hibernate.HQL_FUNCTIONS - coalesce(arg0[, arg1[, ...]])
2025-05-02 12:14:57 [main] DEBUG org.hibernate.HQL_FUNCTIONS - String collate(STRING string as COLLATION collation)
2025-05-02 12:14:57 [main] DEBUG org.hibernate.HQL_FUNCTIONS - String concat(STRING string0[, STRING string1[, ...]])
2025-05-02 12:14:57 [main] DEBUG org.hibernate.HQL_FUNCTIONS - Double cos(NUMERIC arg)
2025-05-02 12:14:57 [main] DEBUG org.hibernate.HQL_FUNCTIONS - Double cosh(NUMERIC arg)
2025-05-02 12:14:57 [main] DEBUG org.hibernate.HQL_FUNCTIONS - Double cot(NUMERIC arg)
2025-05-02 12:14:57 [main] DEBUG org.hibernate.HQL_FUNCTIONS - Long count([distinct ]{arg|*})
2025-05-02 12:14:57 [main] DEBUG org.hibernate.HQL_FUNCTIONS - Double cume_dist([arg0[, ...]])
2025-05-02 12:14:57 [main] DEBUG org.hibernate.HQL_FUNCTIONS - Date curdate()
2025-05-02 12:14:57 [main] DEBUG org.hibernate.HQL_FUNCTIONS - Date current date
2025-05-02 12:14:57 [main] DEBUG org.hibernate.HQL_FUNCTIONS - Time current time
2025-05-02 12:14:57 [main] DEBUG org.hibernate.HQL_FUNCTIONS - Timestamp current timestamp
2025-05-02 12:14:57 [main] DEBUG org.hibernate.HQL_FUNCTIONS - Date current_date
2025-05-02 12:14:57 [main] DEBUG org.hibernate.HQL_FUNCTIONS - Instant current_instant
2025-05-02 12:14:57 [main] DEBUG org.hibernate.HQL_FUNCTIONS - Time current_time
2025-05-02 12:14:57 [main] DEBUG org.hibernate.HQL_FUNCTIONS - Timestamp current_timestamp
2025-05-02 12:14:57 [main] DEBUG org.hibernate.HQL_FUNCTIONS - Time curtime()
2025-05-02 12:14:57 [main] DEBUG org.hibernate.HQL_FUNCTIONS - date_trunc(STRING field, TEMPORAL datetime)
2025-05-02 12:14:57 [main] DEBUG org.hibernate.HQL_FUNCTIONS - dateadd(TEMPORAL_UNIT field, INTEGER magnitude, TEMPORAL datetime)
2025-05-02 12:14:57 [main] DEBUG org.hibernate.HQL_FUNCTIONS - basicType@2(java.lang.Long,-5)|basicType@15(java.lang.Double,8) datediff(TEMPORAL_UNIT field, TEMPORAL start, TEMPORAL end)
2025-05-02 12:14:57 [main] DEBUG org.hibernate.HQL_FUNCTIONS - Integer day(DATE arg)
2025-05-02 12:14:57 [main] DEBUG org.hibernate.HQL_FUNCTIONS - Integer day_of_month(DATE arg)
2025-05-02 12:14:57 [main] DEBUG org.hibernate.HQL_FUNCTIONS - Integer day_of_week(DATE arg)
2025-05-02 12:14:57 [main] DEBUG org.hibernate.HQL_FUNCTIONS - Integer day_of_year(DATE arg)
2025-05-02 12:14:57 [main] DEBUG org.hibernate.HQL_FUNCTIONS - String dayname(DATE arg)
2025-05-02 12:14:57 [main] DEBUG org.hibernate.HQL_FUNCTIONS - Double degrees(NUMERIC arg)
2025-05-02 12:14:57 [main] DEBUG org.hibernate.HQL_FUNCTIONS - Long dense_rank([arg0[, ...]])
2025-05-02 12:14:57 [main] DEBUG org.hibernate.HQL_FUNCTIONS - Boolean every(BOOLEAN predicate)
2025-05-02 12:14:57 [main] DEBUG org.hibernate.HQL_FUNCTIONS - Double exp(NUMERIC arg)
2025-05-02 12:14:57 [main] DEBUG org.hibernate.HQL_FUNCTIONS - extract(TEMPORAL_UNIT field from TEMPORAL arg)
2025-05-02 12:14:57 [main] DEBUG org.hibernate.HQL_FUNCTIONS - first_valueANY value
2025-05-02 12:14:57 [main] DEBUG org.hibernate.HQL_FUNCTIONS - floor(NUMERIC arg)
2025-05-02 12:14:57 [main] DEBUG org.hibernate.HQL_FUNCTIONS - String format(TEMPORAL datetime as STRING pattern)
2025-05-02 12:14:57 [main] DEBUG org.hibernate.HQL_FUNCTIONS - greatest(COMPARABLE arg0, COMPARABLE arg1[, arg2[, ...]])
2025-05-02 12:14:57 [main] DEBUG org.hibernate.HQL_FUNCTIONS - Integer hour(TIME arg)
2025-05-02 12:14:57 [main] DEBUG org.hibernate.HQL_FUNCTIONS - ifnull(arg0, arg1)
2025-05-02 12:14:57 [main] DEBUG org.hibernate.HQL_FUNCTIONS - String insert(STRING string, INTEGER start, INTEGER length, STRING replacement)
2025-05-02 12:14:57 [main] DEBUG org.hibernate.HQL_FUNCTIONS - Instant instant
2025-05-02 12:14:57 [main] DEBUG org.hibernate.HQL_FUNCTIONS - Integer instr(STRING string, STRING pattern[, INTEGER start[, INTEGER occurrence]])
2025-05-02 12:14:57 [main] DEBUG org.hibernate.HQL_FUNCTIONS - lagANY value[, INTEGER offset[, ANY default]]
2025-05-02 12:14:57 [main] DEBUG org.hibernate.HQL_FUNCTIONS - last_valueANY value
2025-05-02 12:14:57 [main] DEBUG org.hibernate.HQL_FUNCTIONS - leadANY value[, INTEGER offset[, ANY default]]
2025-05-02 12:14:57 [main] DEBUG org.hibernate.HQL_FUNCTIONS - least(COMPARABLE arg0, COMPARABLE arg1[, arg2[, ...]])
2025-05-02 12:14:57 [main] DEBUG org.hibernate.HQL_FUNCTIONS - String left(STRING string, INTEGER length)
2025-05-02 12:14:57 [main] DEBUG org.hibernate.HQL_FUNCTIONS - Integer length(STRING_OR_CLOB arg)
2025-05-02 12:14:57 [main] DEBUG org.hibernate.HQL_FUNCTIONS - String listagg(STRING arg0, STRING arg1)
2025-05-02 12:14:57 [main] DEBUG org.hibernate.HQL_FUNCTIONS - Double ln(NUMERIC arg)
2025-05-02 12:14:57 [main] DEBUG org.hibernate.HQL_FUNCTIONS - LocalDate local date
2025-05-02 12:14:57 [main] DEBUG org.hibernate.HQL_FUNCTIONS - LocalDateTime local datetime
2025-05-02 12:14:57 [main] DEBUG org.hibernate.HQL_FUNCTIONS - LocalTime local time
2025-05-02 12:14:57 [main] DEBUG org.hibernate.HQL_FUNCTIONS - LocalDate local_date
2025-05-02 12:14:57 [main] DEBUG org.hibernate.HQL_FUNCTIONS - LocalDateTime local_datetime
2025-05-02 12:14:57 [main] DEBUG org.hibernate.HQL_FUNCTIONS - LocalTime local_time
2025-05-02 12:14:57 [main] DEBUG org.hibernate.HQL_FUNCTIONS - Time localtime
2025-05-02 12:14:57 [main] DEBUG org.hibernate.HQL_FUNCTIONS - Timestamp localtimestamp
2025-05-02 12:14:57 [main] DEBUG org.hibernate.HQL_FUNCTIONS - Integer locate(STRING pattern, STRING string[, INTEGER start])
2025-05-02 12:14:57 [main] DEBUG org.hibernate.HQL_FUNCTIONS - Double log(NUMERIC base, NUMERIC arg)
2025-05-02 12:14:57 [main] DEBUG org.hibernate.HQL_FUNCTIONS - Double log10(NUMERIC arg)
2025-05-02 12:14:57 [main] DEBUG org.hibernate.HQL_FUNCTIONS - String lower(STRING string)
2025-05-02 12:14:57 [main] DEBUG org.hibernate.HQL_FUNCTIONS - String lpad(STRING string, INTEGER length[, STRING padding])
2025-05-02 12:14:57 [main] DEBUG org.hibernate.HQL_FUNCTIONS - String ltrim(STRING string)
2025-05-02 12:14:57 [main] DEBUG org.hibernate.HQL_FUNCTIONS - max(COMPARABLE arg)
2025-05-02 12:14:57 [main] DEBUG org.hibernate.HQL_FUNCTIONS - Double median(NUMERIC arg)
2025-05-02 12:14:57 [main] DEBUG org.hibernate.HQL_FUNCTIONS - Integer microsecond(TIME arg)
2025-05-02 12:14:57 [main] DEBUG org.hibernate.HQL_FUNCTIONS - min(COMPARABLE arg)
2025-05-02 12:14:57 [main] DEBUG org.hibernate.HQL_FUNCTIONS - Integer minute(TIME arg)
2025-05-02 12:14:57 [main] DEBUG org.hibernate.HQL_FUNCTIONS - Integer mod(INTEGER arg0, INTEGER arg1)
2025-05-02 12:14:57 [main] DEBUG org.hibernate.HQL_FUNCTIONS - mode()
2025-05-02 12:14:57 [main] DEBUG org.hibernate.HQL_FUNCTIONS - Integer month(DATE arg)
2025-05-02 12:14:57 [main] DEBUG org.hibernate.HQL_FUNCTIONS - String monthname(DATE arg)
2025-05-02 12:14:57 [main] DEBUG org.hibernate.HQL_FUNCTIONS - Timestamp now()
2025-05-02 12:14:57 [main] DEBUG org.hibernate.HQL_FUNCTIONS - nth_valueANY value, INTEGER nth
2025-05-02 12:14:57 [main] DEBUG org.hibernate.HQL_FUNCTIONS - nullif(arg0, arg1)
2025-05-02 12:14:57 [main] DEBUG org.hibernate.HQL_FUNCTIONS - Integer octet_length(STRING_OR_CLOB arg)
2025-05-02 12:14:57 [main] DEBUG org.hibernate.HQL_FUNCTIONS - OffsetDateTime offset datetime
2025-05-02 12:14:57 [main] DEBUG org.hibernate.HQL_FUNCTIONS - OffsetDateTime offset_datetime
2025-05-02 12:14:57 [main] DEBUG org.hibernate.HQL_FUNCTIONS - String overlay(STRING string placing STRING replacement from INTEGER start[ for INTEGER length])
2025-05-02 12:14:57 [main] DEBUG org.hibernate.HQL_FUNCTIONS - String pad(STRING string with INTEGER length {leading|trailing}[ STRING character])
2025-05-02 12:14:57 [main] DEBUG org.hibernate.HQL_FUNCTIONS - Double percent_rank([arg0[, ...]])
2025-05-02 12:14:57 [main] DEBUG org.hibernate.HQL_FUNCTIONS - percentile_cont(NUMERIC arg)
2025-05-02 12:14:57 [main] DEBUG org.hibernate.HQL_FUNCTIONS - percentile_disc(NUMERIC arg)
2025-05-02 12:14:57 [main] DEBUG org.hibernate.HQL_FUNCTIONS - Double pi
2025-05-02 12:14:57 [main] DEBUG org.hibernate.HQL_FUNCTIONS - Integer position(STRING pattern in STRING string)
2025-05-02 12:14:57 [main] DEBUG org.hibernate.HQL_FUNCTIONS - Double power(NUMERIC arg0, NUMERIC arg1)
2025-05-02 12:14:57 [main] DEBUG org.hibernate.HQL_FUNCTIONS - Integer quarter(DATE arg)
2025-05-02 12:14:57 [main] DEBUG org.hibernate.HQL_FUNCTIONS - Double radians(NUMERIC arg)
2025-05-02 12:14:57 [main] DEBUG org.hibernate.HQL_FUNCTIONS - Double rand([INTEGER seed])
2025-05-02 12:14:57 [main] DEBUG org.hibernate.HQL_FUNCTIONS - Long rank([arg0[, ...]])
2025-05-02 12:14:57 [main] DEBUG org.hibernate.HQL_FUNCTIONS - String repeat(STRING string, INTEGER times)
2025-05-02 12:14:57 [main] DEBUG org.hibernate.HQL_FUNCTIONS - String replace(STRING string, STRING pattern, STRING replacement)
2025-05-02 12:14:57 [main] DEBUG org.hibernate.HQL_FUNCTIONS - String right(STRING string, INTEGER length)
2025-05-02 12:14:57 [main] DEBUG org.hibernate.HQL_FUNCTIONS - round(NUMERIC number[, INTEGER places])
2025-05-02 12:14:57 [main] DEBUG org.hibernate.HQL_FUNCTIONS - Long row_number()
2025-05-02 12:14:57 [main] DEBUG org.hibernate.HQL_FUNCTIONS - Long rownum()
2025-05-02 12:14:57 [main] DEBUG org.hibernate.HQL_FUNCTIONS - String rpad(STRING string, INTEGER length[, STRING padding])
2025-05-02 12:14:57 [main] DEBUG org.hibernate.HQL_FUNCTIONS - String rtrim(STRING string)
2025-05-02 12:14:57 [main] DEBUG org.hibernate.HQL_FUNCTIONS - Integer second(TIME arg)
2025-05-02 12:14:57 [main] DEBUG org.hibernate.HQL_FUNCTIONS - Integer sign(NUMERIC arg)
2025-05-02 12:14:57 [main] DEBUG org.hibernate.HQL_FUNCTIONS - Double sin(NUMERIC arg)
2025-05-02 12:14:57 [main] DEBUG org.hibernate.HQL_FUNCTIONS - Double sinh(NUMERIC arg)
2025-05-02 12:14:57 [main] DEBUG org.hibernate.HQL_FUNCTIONS - String soundex(arg)
2025-05-02 12:14:57 [main] DEBUG org.hibernate.HQL_FUNCTIONS - String space(INTEGER arg)
2025-05-02 12:14:57 [main] DEBUG org.hibernate.HQL_FUNCTIONS - Object sql
2025-05-02 12:14:57 [main] DEBUG org.hibernate.HQL_FUNCTIONS - Double sqrt(NUMERIC arg)
2025-05-02 12:14:57 [main] DEBUG org.hibernate.HQL_FUNCTIONS - Double stddev_pop(NUMERIC arg)
2025-05-02 12:14:57 [main] DEBUG org.hibernate.HQL_FUNCTIONS - Double stddev_samp(NUMERIC arg)
2025-05-02 12:14:57 [main] DEBUG org.hibernate.HQL_FUNCTIONS - String str(arg)
2025-05-02 12:14:57 [main] DEBUG org.hibernate.HQL_FUNCTIONS - String substr(STRING string, INTEGER start[, INTEGER length])
2025-05-02 12:14:57 [main] DEBUG org.hibernate.HQL_FUNCTIONS - String substring(STRING string{ from|,} INTEGER start[{ for|,} INTEGER length])
2025-05-02 12:14:57 [main] DEBUG org.hibernate.HQL_FUNCTIONS - sum(arg)
2025-05-02 12:14:57 [main] DEBUG org.hibernate.HQL_FUNCTIONS - Timestamp sysdate
2025-05-02 12:14:57 [main] DEBUG org.hibernate.HQL_FUNCTIONS - Double tan(NUMERIC arg)
2025-05-02 12:14:57 [main] DEBUG org.hibernate.HQL_FUNCTIONS - Double tanh(NUMERIC arg)
2025-05-02 12:14:57 [main] DEBUG org.hibernate.HQL_FUNCTIONS - timestampadd(TEMPORAL_UNIT field, INTEGER magnitude, TEMPORAL datetime)
2025-05-02 12:14:57 [main] DEBUG org.hibernate.HQL_FUNCTIONS - basicType@2(java.lang.Long,-5)|basicType@15(java.lang.Double,8) timestampdiff(TEMPORAL_UNIT field, TEMPORAL start, TEMPORAL end)
2025-05-02 12:14:57 [main] DEBUG org.hibernate.HQL_FUNCTIONS - String translate(STRING arg0, STRING arg1, STRING arg2)
2025-05-02 12:14:57 [main] DEBUG org.hibernate.HQL_FUNCTIONS - String trim([[{leading|trailing|both} ][STRING arg0 ]from] STRING arg1)
2025-05-02 12:14:57 [main] DEBUG org.hibernate.HQL_FUNCTIONS - trunc( ... )
2025-05-02 12:14:57 [main] DEBUG org.hibernate.HQL_FUNCTIONS - truncate( ... )
2025-05-02 12:14:57 [main] DEBUG org.hibernate.HQL_FUNCTIONS - String upper(STRING string)
2025-05-02 12:14:57 [main] DEBUG org.hibernate.HQL_FUNCTIONS - Double var_pop(NUMERIC arg)
2025-05-02 12:14:57 [main] DEBUG org.hibernate.HQL_FUNCTIONS - Double var_samp(NUMERIC arg)
2025-05-02 12:14:57 [main] DEBUG org.hibernate.HQL_FUNCTIONS - Integer week(DATE arg)
2025-05-02 12:14:57 [main] DEBUG org.hibernate.HQL_FUNCTIONS - Integer year(DATE arg)
2025-05-02 12:14:57 [main] DEBUG org.hibernate.orm.query.plan.cache - Starting QueryInterpretationCache(2048)
2025-05-02 12:14:57 [main] DEBUG o.h.s.i.SessionFactoryServiceRegistryImpl - EventListenerRegistry access via ServiceRegistry is deprecated.  Use `sessionFactory.getEventEngine().getListenerRegistry()` instead
2025-05-02 12:14:57 [main] DEBUG o.h.e.i.EntityCopyObserverFactoryInitiator - Configured EntityCopyObserver strategy: disallow
2025-05-02 12:14:57 [main] DEBUG o.h.b.internal.ClassLoaderAccessImpl - Not known whether passed class name [com.example.model.MedicalRecord] is safe
2025-05-02 12:14:57 [main] DEBUG o.h.b.internal.ClassLoaderAccessImpl - No temp ClassLoader provided; using live ClassLoader for loading potentially unsafe class : com.example.model.MedicalRecord
2025-05-02 12:14:57 [main] DEBUG o.h.b.i.b.BytecodeProviderImpl - HHH000513: Unable to create the ReflectionOptimizer for [com.example.model.MedicalRecord]: private accessor [age]
2025-05-02 12:14:57 [main] DEBUG o.h.b.internal.ClassLoaderAccessImpl - Not known whether passed class name [com.example.model.AuditLog] is safe
2025-05-02 12:14:57 [main] DEBUG o.h.b.internal.ClassLoaderAccessImpl - No temp ClassLoader provided; using live ClassLoader for loading potentially unsafe class : com.example.model.AuditLog
2025-05-02 12:14:57 [main] DEBUG o.h.b.i.b.BytecodeProviderImpl - HHH000513: Unable to create the ReflectionOptimizer for [com.example.model.AuditLog]: private accessor [action]
2025-05-02 12:14:57 [main] DEBUG o.h.orm.model.mapping.creation - Starting post-init callbacks
2025-05-02 12:14:57 [main] DEBUG o.h.orm.model.mapping.creation - Starting PostInitCallbackEntry : Entity(com.example.model.MedicalRecord) `staticFetchableList` generator
2025-05-02 12:14:57 [main] DEBUG o.h.orm.model.mapping.creation - Starting PostInitCallbackEntry : Entity(com.example.model.AuditLog) `staticFetchableList` generator
2025-05-02 12:14:57 [main] DEBUG org.hibernate.orm.sql.ast.create - Created new SQL alias : mr1_0
2025-05-02 12:14:57 [main] DEBUG org.hibernate.orm.sql.ast.create - Registration of TableGroup [StandardTableGroup(com.example.model.MedicalRecord)] with identifierForTableGroup [com.example.model.MedicalRecord] for NavigablePath [com.example.model.MedicalRecord] 
2025-05-02 12:14:57 [main] DEBUG org.hibernate.orm.results.graph.AST - DomainResult Graph:
 \-EntityResultImpl [com.example.model.MedicalRecord]
 |  +-BasicFetch [com.example.model.MedicalRecord.age]
 |  +-BasicFetch [com.example.model.MedicalRecord.medicalHistory]
 |  \-BasicFetch [com.example.model.MedicalRecord.name]

2025-05-02 12:14:57 [main] DEBUG org.hibernate.orm.sql.ast.tree - SQL AST Tree:
    SelectStatement {
      FromClause {
        StandardTableGroup (mr1 : com.example.model.MedicalRecord) {
          primaryTableReference : medical_record as mr1_0
        }
      }
    }

2025-05-02 12:14:58 [main] DEBUG o.h.p.entity.AbstractEntityPersister - Static SQL for entity: com.example.model.MedicalRecord
2025-05-02 12:14:58 [main] DEBUG o.h.p.entity.AbstractEntityPersister -  Version select: select id from medical_record where id=?
2025-05-02 12:14:58 [main] DEBUG o.h.p.entity.AbstractEntityPersister -  Insert (0): insert into medical_record (age,medical_history,name,id) values (?,?,?,default)
2025-05-02 12:14:58 [main] DEBUG o.h.p.entity.AbstractEntityPersister -  Update (0): update medical_record set age=?,medical_history=?,name=? where id=?
2025-05-02 12:14:58 [main] DEBUG o.h.p.entity.AbstractEntityPersister -  Delete (0): delete from medical_record where id=?
2025-05-02 12:14:58 [main] DEBUG org.hibernate.orm.sql.ast.create - Created new SQL alias : al1_0
2025-05-02 12:14:58 [main] DEBUG org.hibernate.orm.sql.ast.create - Registration of TableGroup [StandardTableGroup(com.example.model.AuditLog)] with identifierForTableGroup [com.example.model.AuditLog] for NavigablePath [com.example.model.AuditLog] 
2025-05-02 12:14:58 [main] DEBUG org.hibernate.orm.results.graph.AST - DomainResult Graph:
 \-EntityResultImpl [com.example.model.AuditLog]
 |  +-BasicFetch [com.example.model.AuditLog.action]
 |  +-BasicFetch [com.example.model.AuditLog.details]
 |  +-BasicFetch [com.example.model.AuditLog.timestamp]
 |  \-BasicFetch [com.example.model.AuditLog.username]

2025-05-02 12:14:58 [main] DEBUG org.hibernate.orm.sql.ast.tree - SQL AST Tree:
    SelectStatement {
      FromClause {
        StandardTableGroup (al1 : com.example.model.AuditLog) {
          primaryTableReference : audit_log as al1_0
        }
      }
    }

2025-05-02 12:14:58 [main] DEBUG o.h.p.entity.AbstractEntityPersister - Static SQL for entity: com.example.model.AuditLog
2025-05-02 12:14:58 [main] DEBUG o.h.p.entity.AbstractEntityPersister -  Version select: select id from audit_log where id=?
2025-05-02 12:14:58 [main] DEBUG o.h.p.entity.AbstractEntityPersister -  Insert (0): insert into audit_log (action,details,timestamp,username,id) values (?,?,?,?,default)
2025-05-02 12:14:58 [main] DEBUG o.h.p.entity.AbstractEntityPersister -  Update (0): update audit_log set action=?,details=?,timestamp=?,username=? where id=?
2025-05-02 12:14:58 [main] DEBUG o.h.p.entity.AbstractEntityPersister -  Delete (0): delete from audit_log where id=?
2025-05-02 12:14:58 [main] INFO  o.h.e.t.j.p.i.JtaPlatformInitiator - HHH000489: No JTA platform available (set 'hibernate.transaction.jta.platform' to enable JTA platform integration)
2025-05-02 12:14:58 [main] DEBUG o.h.type.spi.TypeConfiguration$Scope - Scoping TypeConfiguration [org.hibernate.type.spi.TypeConfiguration@195498aa] to SessionFactoryImplementor [org.hibernate.internal.SessionFactoryImpl@772bc4c9]
2025-05-02 12:14:58 [main] DEBUG o.h.q.named.NamedObjectRepository - Checking 0 named HQL queries
2025-05-02 12:14:58 [main] DEBUG o.h.q.named.NamedObjectRepository - Checking 0 named SQL queries
2025-05-02 12:14:58 [main] DEBUG org.hibernate.SQL - create table audit_log (id bigint generated by default as identity, action varchar(255), details varchar(255), timestamp timestamp(6), username varchar(255), primary key (id))
Hibernate: create table audit_log (id bigint generated by default as identity, action varchar(255), details varchar(255), timestamp timestamp(6), username varchar(255), primary key (id))
2025-05-02 12:14:58 [main] DEBUG org.hibernate.SQL - create table medical_record (id bigint generated by default as identity, age integer not null, medical_history varchar(500), name varchar(100) not null, primary key (id))
Hibernate: create table medical_record (id bigint generated by default as identity, age integer not null, medical_history varchar(500), name varchar(100) not null, primary key (id))
2025-05-02 12:14:58 [main] DEBUG o.h.internal.SessionFactoryRegistry - Initializing SessionFactoryRegistry : org.hibernate.internal.SessionFactoryRegistry@1bcf2c64
2025-05-02 12:14:58 [main] DEBUG o.h.internal.SessionFactoryRegistry - Registering SessionFactory: 1f6a8e90-94cb-4d75-9049-fc55cff3326e (<unnamed>)
2025-05-02 12:14:58 [main] DEBUG o.h.internal.SessionFactoryRegistry - Not binding SessionFactory to JNDI, no JNDI name configured
2025-05-02 12:14:58 [main] DEBUG o.h.internal.SessionFactoryImpl - Instantiated SessionFactory
2025-05-02 12:14:58 [main] INFO  o.s.o.j.LocalContainerEntityManagerFactoryBean - Initialized JPA EntityManagerFactory for persistence unit 'default'
2025-05-02 12:14:58 [main] DEBUG o.h.s.internal.StatisticsInitiator - Statistics initialized [enabled=false]
2025-05-02 12:14:58 [main] WARN  o.s.b.a.o.j.JpaBaseConfiguration$JpaWebConfiguration - spring.jpa.open-in-view is enabled by default. Therefore, database queries may be performed during view rendering. Explicitly configure spring.jpa.open-in-view to disable this warning
2025-05-02 12:14:58 [main] DEBUG o.s.s.c.a.a.c.AuthenticationConfiguration$DefaultPasswordEncoderAuthenticationManagerBuilder - No authenticationProviders and no parentAuthenticationManager defined. Returning null.
2025-05-02 12:14:58 [main] INFO  o.s.b.a.w.s.WelcomePageHandlerMapping - Adding welcome page template: index
2025-05-02 12:14:58 [main] DEBUG _.s.w.s.HandlerMapping.Mappings - 
	c.e.c.CustomErrorController:
	{ [/error]}: handleError(WebRequest,Model)
2025-05-02 12:14:58 [main] DEBUG _.s.w.s.HandlerMapping.Mappings - 
	c.e.c.HomeController:
	{DELETE [/delete/{id}]}: deleteRecord(Long)
	{GET [/]}: home(Model)
	{POST [/save]}: saveRecord(MedicalRecord,BindingResult,Model)
	{GET [/add]}: showAddForm(Model)
	{GET [/edit/{id}]}: showEditForm(Long,Model)
2025-05-02 12:14:58 [main] DEBUG _.s.w.s.HandlerMapping.Mappings - 
	c.e.c.LogoutController:
	{GET [/logout]}: logout()
2025-05-02 12:14:58 [main] DEBUG _.s.w.s.HandlerMapping.Mappings - 
	c.e.c.MedicalRecordController:
	{DELETE [/api/medical-records/{id}]}: deleteRecord(Long)
	{GET [/api/medical-records/{id}]}: getRecordById(Long)
	{PUT [/api/medical-records/{id}]}: updateRecord(Long,MedicalRecord)
	{GET [/api/medical-records]}: getAllRecords()
	{POST [/api/medical-records]}: addRecord(MedicalRecord)
2025-05-02 12:14:58 [main] DEBUG o.s.w.s.m.m.a.RequestMappingHandlerMapping - 12 mappings in 'requestMappingHandlerMapping'
2025-05-02 12:14:58 [main] DEBUG _.s.w.s.HandlerMapping.Mappings - 'beanNameHandlerMapping' {}
2025-05-02 12:14:59 [main] DEBUG _.s.w.s.HandlerMapping.Mappings - 'resourceHandlerMapping' {/webjars/**=ResourceHttpRequestHandler [classpath [META-INF/resources/webjars/]], /**=ResourceHttpRequestHandler [classpath [META-INF/resources/], classpath [resources/], classpath [static/], classpath [public/], ServletContext [/]]}
2025-05-02 12:14:59 [main] INFO  o.s.s.web.DefaultSecurityFilterChain - Will secure any request with [org.springframework.security.web.session.DisableEncodeUrlFilter@4f4b7a2e, org.springframework.security.web.context.request.async.WebAsyncManagerIntegrationFilter@334ac669, org.springframework.security.web.context.SecurityContextHolderFilter@4c7b4a31, org.springframework.security.web.header.HeaderWriterFilter@6cee52e2, org.springframework.web.filter.CorsFilter@77430c79, org.springframework.security.web.csrf.CsrfFilter@195d4780, org.springframework.security.web.authentication.logout.LogoutFilter@48543f11, org.springframework.security.oauth2.client.web.OAuth2AuthorizationRequestRedirectFilter@5101b9, org.springframework.security.oauth2.client.web.OAuth2LoginAuthenticationFilter@7da40bf4, org.springframework.security.web.session.ConcurrentSessionFilter@94b5fe3, org.springframework.security.oauth2.server.resource.web.authentication.BearerTokenAuthenticationFilter@52c2d1e8, org.springframework.security.web.savedrequest.RequestCacheAwareFilter@235d46b2, org.springframework.security.web.servletapi.SecurityContextHolderAwareRequestFilter@1644cc2d, org.springframework.security.web.authentication.AnonymousAuthenticationFilter@506654fa, org.springframework.security.web.session.SessionManagementFilter@7cb4d4ee, org.springframework.security.web.access.ExceptionTranslationFilter@698daff6, org.springframework.security.web.access.intercept.AuthorizationFilter@2fb24ad8]
2025-05-02 12:14:59 [main] DEBUG o.a.c.core.AprLifecycleListener - The Apache Tomcat Native library could not be found using names [tcnative-2, libtcnative-2, tcnative-1, libtcnative-1] on the java.library.path [C:\Program Files\Java\jdk-21.0.4\bin;C:\WINDOWS\Sun\Java\bin;C:\WINDOWS\system32;C:\WINDOWS;C:\Users\user\anaconda3;C:\Users\user\anaconda3\Library\mingw-w64\bin;C:\Users\user\anaconda3\Library\usr\bin;C:\Users\user\anaconda3\Library\bin;C:\Users\user\anaconda3\Scripts;C:\Users\user\anaconda3\bin;C:\Users\user\anaconda3\condabin;C:\Program Files\Eclipse Adoptium\jdk-21.0.2.13-hotspot\bin;C:\WINDOWS\system32;C:\WINDOWS;C:\WINDOWS\System32\Wbem;C:\WINDOWS\System32\WindowsPowerShell\v1.0;C:\WINDOWS\System32\OpenSSH;C:\Program Files\nodejs;C:\Program Files\Git\cmd;C:\Program Files\apache-maven-3.9.9-bin\apache-maven-3.9.9\bin;C:\Program Files\Java\jdk-21.0.4\bin;C:\Naga\ReactJS_Practice\ReactJS_SpringBoot_13092024\Reddis\Redis-x64-3.0.504;C:\Program Files\Docker\Docker\resources\bin;C:\Program Files\Kubernetes\Minikube;C:\Users\user\anaconda3\Scripts;C:\Users\user\anaconda3\Library\bin;C:\Users\user\anaconda3;C:\Users\user\AppData\Local\Programs\Python\Python313\Scripts;C:\Users\user\AppData\Local\Programs\Python\Python313;C:\Users\user\AppData\Local\Programs\Python\Launcher;C:\Users\user\AppData\Local\Programs\Python\Python312\Scripts;C:\Users\user\AppData\Local\Programs\Python\Python312;C:\Users\user\AppData\Local\Microsoft\WindowsApps;C:\Users\user\AppData\Local\JetBrains\IntelliJ IDEA 2024.1.3\bin;.;C:\Users\user\AppData\Roaming\npm;C:\Graddle\gradle-8.6-bin\gradle-8.6\bin;C:\Users\user\AppData\Local\Programs\Microsoft VS Code\bin;C:\Program Files\JetBrains\PyCharm Community Edition 2024.2.3\bin;.;C:\Program Files\JetBrains\RubyMine 2024.2.3\bin;.;.]. The errors reported were [Can't load library: C:\Naga\HCL\HCL-FullStack-Gov_Task\medical-register-app-2\bin\tcnative-2.dll, Can't load library: C:\Naga\HCL\HCL-FullStack-Gov_Task\medical-register-app-2\bin\libtcnative-2.dll, Can't load library: C:\Naga\HCL\HCL-FullStack-Gov_Task\medical-register-app-2\bin\tcnative-1.dll, Can't load library: C:\Naga\HCL\HCL-FullStack-Gov_Task\medical-register-app-2\bin\libtcnative-1.dll, no tcnative-2 in java.library.path: C:\Program Files\Java\jdk-21.0.4\bin;C:\WINDOWS\Sun\Java\bin;C:\WINDOWS\system32;C:\WINDOWS;C:\Users\user\anaconda3;C:\Users\user\anaconda3\Library\mingw-w64\bin;C:\Users\user\anaconda3\Library\usr\bin;C:\Users\user\anaconda3\Library\bin;C:\Users\user\anaconda3\Scripts;C:\Users\user\anaconda3\bin;C:\Users\user\anaconda3\condabin;C:\Program Files\Eclipse Adoptium\jdk-21.0.2.13-hotspot\bin;C:\WINDOWS\system32;C:\WINDOWS;C:\WINDOWS\System32\Wbem;C:\WINDOWS\System32\WindowsPowerShell\v1.0;C:\WINDOWS\System32\OpenSSH;C:\Program Files\nodejs;C:\Program Files\Git\cmd;C:\Program Files\apache-maven-3.9.9-bin\apache-maven-3.9.9\bin;C:\Program Files\Java\jdk-21.0.4\bin;C:\Naga\ReactJS_Practice\ReactJS_SpringBoot_13092024\Reddis\Redis-x64-3.0.504;C:\Program Files\Docker\Docker\resources\bin;C:\Program Files\Kubernetes\Minikube;C:\Users\user\anaconda3\Scripts;C:\Users\user\anaconda3\Library\bin;C:\Users\user\anaconda3;C:\Users\user\AppData\Local\Programs\Python\Python313\Scripts;C:\Users\user\AppData\Local\Programs\Python\Python313;C:\Users\user\AppData\Local\Programs\Python\Launcher;C:\Users\user\AppData\Local\Programs\Python\Python312\Scripts;C:\Users\user\AppData\Local\Programs\Python\Python312;C:\Users\user\AppData\Local\Microsoft\WindowsApps;C:\Users\user\AppData\Local\JetBrains\IntelliJ IDEA 2024.1.3\bin;.;C:\Users\user\AppData\Roaming\npm;C:\Graddle\gradle-8.6-bin\gradle-8.6\bin;C:\Users\user\AppData\Local\Programs\Microsoft VS Code\bin;C:\Program Files\JetBrains\PyCharm Community Edition 2024.2.3\bin;.;C:\Program Files\JetBrains\RubyMine 2024.2.3\bin;.;., no libtcnative-2 in java.library.path: C:\Program Files\Java\jdk-21.0.4\bin;C:\WINDOWS\Sun\Java\bin;C:\WINDOWS\system32;C:\WINDOWS;C:\Users\user\anaconda3;C:\Users\user\anaconda3\Library\mingw-w64\bin;C:\Users\user\anaconda3\Library\usr\bin;C:\Users\user\anaconda3\Library\bin;C:\Users\user\anaconda3\Scripts;C:\Users\user\anaconda3\bin;C:\Users\user\anaconda3\condabin;C:\Program Files\Eclipse Adoptium\jdk-21.0.2.13-hotspot\bin;C:\WINDOWS\system32;C:\WINDOWS;C:\WINDOWS\System32\Wbem;C:\WINDOWS\System32\WindowsPowerShell\v1.0;C:\WINDOWS\System32\OpenSSH;C:\Program Files\nodejs;C:\Program Files\Git\cmd;C:\Program Files\apache-maven-3.9.9-bin\apache-maven-3.9.9\bin;C:\Program Files\Java\jdk-21.0.4\bin;C:\Naga\ReactJS_Practice\ReactJS_SpringBoot_13092024\Reddis\Redis-x64-3.0.504;C:\Program Files\Docker\Docker\resources\bin;C:\Program Files\Kubernetes\Minikube;C:\Users\user\anaconda3\Scripts;C:\Users\user\anaconda3\Library\bin;C:\Users\user\anaconda3;C:\Users\user\AppData\Local\Programs\Python\Python313\Scripts;C:\Users\user\AppData\Local\Programs\Python\Python313;C:\Users\user\AppData\Local\Programs\Python\Launcher;C:\Users\user\AppData\Local\Programs\Python\Python312\Scripts;C:\Users\user\AppData\Local\Programs\Python\Python312;C:\Users\user\AppData\Local\Microsoft\WindowsApps;C:\Users\user\AppData\Local\JetBrains\IntelliJ IDEA 2024.1.3\bin;.;C:\Users\user\AppData\Roaming\npm;C:\Graddle\gradle-8.6-bin\gradle-8.6\bin;C:\Users\user\AppData\Local\Programs\Microsoft VS Code\bin;C:\Program Files\JetBrains\PyCharm Community Edition 2024.2.3\bin;.;C:\Program Files\JetBrains\RubyMine 2024.2.3\bin;.;., no tcnative-1 in java.library.path: C:\Program Files\Java\jdk-21.0.4\bin;C:\WINDOWS\Sun\Java\bin;C:\WINDOWS\system32;C:\WINDOWS;C:\Users\user\anaconda3;C:\Users\user\anaconda3\Library\mingw-w64\bin;C:\Users\user\anaconda3\Library\usr\bin;C:\Users\user\anaconda3\Library\bin;C:\Users\user\anaconda3\Scripts;C:\Users\user\anaconda3\bin;C:\Users\user\anaconda3\condabin;C:\Program Files\Eclipse Adoptium\jdk-21.0.2.13-hotspot\bin;C:\WINDOWS\system32;C:\WINDOWS;C:\WINDOWS\System32\Wbem;C:\WINDOWS\System32\WindowsPowerShell\v1.0;C:\WINDOWS\System32\OpenSSH;C:\Program Files\nodejs;C:\Program Files\Git\cmd;C:\Program Files\apache-maven-3.9.9-bin\apache-maven-3.9.9\bin;C:\Program Files\Java\jdk-21.0.4\bin;C:\Naga\ReactJS_Practice\ReactJS_SpringBoot_13092024\Reddis\Redis-x64-3.0.504;C:\Program Files\Docker\Docker\resources\bin;C:\Program Files\Kubernetes\Minikube;C:\Users\user\anaconda3\Scripts;C:\Users\user\anaconda3\Library\bin;C:\Users\user\anaconda3;C:\Users\user\AppData\Local\Programs\Python\Python313\Scripts;C:\Users\user\AppData\Local\Programs\Python\Python313;C:\Users\user\AppData\Local\Programs\Python\Launcher;C:\Users\user\AppData\Local\Programs\Python\Python312\Scripts;C:\Users\user\AppData\Local\Programs\Python\Python312;C:\Users\user\AppData\Local\Microsoft\WindowsApps;C:\Users\user\AppData\Local\JetBrains\IntelliJ IDEA 2024.1.3\bin;.;C:\Users\user\AppData\Roaming\npm;C:\Graddle\gradle-8.6-bin\gradle-8.6\bin;C:\Users\user\AppData\Local\Programs\Microsoft VS Code\bin;C:\Program Files\JetBrains\PyCharm Community Edition 2024.2.3\bin;.;C:\Program Files\JetBrains\RubyMine 2024.2.3\bin;.;., no libtcnative-1 in java.library.path: C:\Program Files\Java\jdk-21.0.4\bin;C:\WINDOWS\Sun\Java\bin;C:\WINDOWS\system32;C:\WINDOWS;C:\Users\user\anaconda3;C:\Users\user\anaconda3\Library\mingw-w64\bin;C:\Users\user\anaconda3\Library\usr\bin;C:\Users\user\anaconda3\Library\bin;C:\Users\user\anaconda3\Scripts;C:\Users\user\anaconda3\bin;C:\Users\user\anaconda3\condabin;C:\Program Files\Eclipse Adoptium\jdk-21.0.2.13-hotspot\bin;C:\WINDOWS\system32;C:\WINDOWS;C:\WINDOWS\System32\Wbem;C:\WINDOWS\System32\WindowsPowerShell\v1.0;C:\WINDOWS\System32\OpenSSH;C:\Program Files\nodejs;C:\Program Files\Git\cmd;C:\Program Files\apache-maven-3.9.9-bin\apache-maven-3.9.9\bin;C:\Program Files\Java\jdk-21.0.4\bin;C:\Naga\ReactJS_Practice\ReactJS_SpringBoot_13092024\Reddis\Redis-x64-3.0.504;C:\Program Files\Docker\Docker\resources\bin;C:\Program Files\Kubernetes\Minikube;C:\Users\user\anaconda3\Scripts;C:\Users\user\anaconda3\Library\bin;C:\Users\user\anaconda3;C:\Users\user\AppData\Local\Programs\Python\Python313\Scripts;C:\Users\user\AppData\Local\Programs\Python\Python313;C:\Users\user\AppData\Local\Programs\Python\Launcher;C:\Users\user\AppData\Local\Programs\Python\Python312\Scripts;C:\Users\user\AppData\Local\Programs\Python\Python312;C:\Users\user\AppData\Local\Microsoft\WindowsApps;C:\Users\user\AppData\Local\JetBrains\IntelliJ IDEA 2024.1.3\bin;.;C:\Users\user\AppData\Roaming\npm;C:\Graddle\gradle-8.6-bin\gradle-8.6\bin;C:\Users\user\AppData\Local\Programs\Microsoft VS Code\bin;C:\Program Files\JetBrains\PyCharm Community Edition 2024.2.3\bin;.;C:\Program Files\JetBrains\RubyMine 2024.2.3\bin;.;.]
org.apache.tomcat.jni.LibraryNotFoundError: Can't load library: C:\Naga\HCL\HCL-FullStack-Gov_Task\medical-register-app-2\bin\tcnative-2.dll, Can't load library: C:\Naga\HCL\HCL-FullStack-Gov_Task\medical-register-app-2\bin\libtcnative-2.dll, Can't load library: C:\Naga\HCL\HCL-FullStack-Gov_Task\medical-register-app-2\bin\tcnative-1.dll, Can't load library: C:\Naga\HCL\HCL-FullStack-Gov_Task\medical-register-app-2\bin\libtcnative-1.dll, no tcnative-2 in java.library.path: C:\Program Files\Java\jdk-21.0.4\bin;C:\WINDOWS\Sun\Java\bin;C:\WINDOWS\system32;C:\WINDOWS;C:\Users\user\anaconda3;C:\Users\user\anaconda3\Library\mingw-w64\bin;C:\Users\user\anaconda3\Library\usr\bin;C:\Users\user\anaconda3\Library\bin;C:\Users\user\anaconda3\Scripts;C:\Users\user\anaconda3\bin;C:\Users\user\anaconda3\condabin;C:\Program Files\Eclipse Adoptium\jdk-21.0.2.13-hotspot\bin;C:\WINDOWS\system32;C:\WINDOWS;C:\WINDOWS\System32\Wbem;C:\WINDOWS\System32\WindowsPowerShell\v1.0;C:\WINDOWS\System32\OpenSSH;C:\Program Files\nodejs;C:\Program Files\Git\cmd;C:\Program Files\apache-maven-3.9.9-bin\apache-maven-3.9.9\bin;C:\Program Files\Java\jdk-21.0.4\bin;C:\Naga\ReactJS_Practice\ReactJS_SpringBoot_13092024\Reddis\Redis-x64-3.0.504;C:\Program Files\Docker\Docker\resources\bin;C:\Program Files\Kubernetes\Minikube;C:\Users\user\anaconda3\Scripts;C:\Users\user\anaconda3\Library\bin;C:\Users\user\anaconda3;C:\Users\user\AppData\Local\Programs\Python\Python313\Scripts;C:\Users\user\AppData\Local\Programs\Python\Python313;C:\Users\user\AppData\Local\Programs\Python\Launcher;C:\Users\user\AppData\Local\Programs\Python\Python312\Scripts;C:\Users\user\AppData\Local\Programs\Python\Python312;C:\Users\user\AppData\Local\Microsoft\WindowsApps;C:\Users\user\AppData\Local\JetBrains\IntelliJ IDEA 2024.1.3\bin;.;C:\Users\user\AppData\Roaming\npm;C:\Graddle\gradle-8.6-bin\gradle-8.6\bin;C:\Users\user\AppData\Local\Programs\Microsoft VS Code\bin;C:\Program Files\JetBrains\PyCharm Community Edition 2024.2.3\bin;.;C:\Program Files\JetBrains\RubyMine 2024.2.3\bin;.;., no libtcnative-2 in java.library.path: C:\Program Files\Java\jdk-21.0.4\bin;C:\WINDOWS\Sun\Java\bin;C:\WINDOWS\system32;C:\WINDOWS;C:\Users\user\anaconda3;C:\Users\user\anaconda3\Library\mingw-w64\bin;C:\Users\user\anaconda3\Library\usr\bin;C:\Users\user\anaconda3\Library\bin;C:\Users\user\anaconda3\Scripts;C:\Users\user\anaconda3\bin;C:\Users\user\anaconda3\condabin;C:\Program Files\Eclipse Adoptium\jdk-21.0.2.13-hotspot\bin;C:\WINDOWS\system32;C:\WINDOWS;C:\WINDOWS\System32\Wbem;C:\WINDOWS\System32\WindowsPowerShell\v1.0;C:\WINDOWS\System32\OpenSSH;C:\Program Files\nodejs;C:\Program Files\Git\cmd;C:\Program Files\apache-maven-3.9.9-bin\apache-maven-3.9.9\bin;C:\Program Files\Java\jdk-21.0.4\bin;C:\Naga\ReactJS_Practice\ReactJS_SpringBoot_13092024\Reddis\Redis-x64-3.0.504;C:\Program Files\Docker\Docker\resources\bin;C:\Program Files\Kubernetes\Minikube;C:\Users\user\anaconda3\Scripts;C:\Users\user\anaconda3\Library\bin;C:\Users\user\anaconda3;C:\Users\user\AppData\Local\Programs\Python\Python313\Scripts;C:\Users\user\AppData\Local\Programs\Python\Python313;C:\Users\user\AppData\Local\Programs\Python\Launcher;C:\Users\user\AppData\Local\Programs\Python\Python312\Scripts;C:\Users\user\AppData\Local\Programs\Python\Python312;C:\Users\user\AppData\Local\Microsoft\WindowsApps;C:\Users\user\AppData\Local\JetBrains\IntelliJ IDEA 2024.1.3\bin;.;C:\Users\user\AppData\Roaming\npm;C:\Graddle\gradle-8.6-bin\gradle-8.6\bin;C:\Users\user\AppData\Local\Programs\Microsoft VS Code\bin;C:\Program Files\JetBrains\PyCharm Community Edition 2024.2.3\bin;.;C:\Program Files\JetBrains\RubyMine 2024.2.3\bin;.;., no tcnative-1 in java.library.path: C:\Program Files\Java\jdk-21.0.4\bin;C:\WINDOWS\Sun\Java\bin;C:\WINDOWS\system32;C:\WINDOWS;C:\Users\user\anaconda3;C:\Users\user\anaconda3\Library\mingw-w64\bin;C:\Users\user\anaconda3\Library\usr\bin;C:\Users\user\anaconda3\Library\bin;C:\Users\user\anaconda3\Scripts;C:\Users\user\anaconda3\bin;C:\Users\user\anaconda3\condabin;C:\Program Files\Eclipse Adoptium\jdk-21.0.2.13-hotspot\bin;C:\WINDOWS\system32;C:\WINDOWS;C:\WINDOWS\System32\Wbem;C:\WINDOWS\System32\WindowsPowerShell\v1.0;C:\WINDOWS\System32\OpenSSH;C:\Program Files\nodejs;C:\Program Files\Git\cmd;C:\Program Files\apache-maven-3.9.9-bin\apache-maven-3.9.9\bin;C:\Program Files\Java\jdk-21.0.4\bin;C:\Naga\ReactJS_Practice\ReactJS_SpringBoot_13092024\Reddis\Redis-x64-3.0.504;C:\Program Files\Docker\Docker\resources\bin;C:\Program Files\Kubernetes\Minikube;C:\Users\user\anaconda3\Scripts;C:\Users\user\anaconda3\Library\bin;C:\Users\user\anaconda3;C:\Users\user\AppData\Local\Programs\Python\Python313\Scripts;C:\Users\user\AppData\Local\Programs\Python\Python313;C:\Users\user\AppData\Local\Programs\Python\Launcher;C:\Users\user\AppData\Local\Programs\Python\Python312\Scripts;C:\Users\user\AppData\Local\Programs\Python\Python312;C:\Users\user\AppData\Local\Microsoft\WindowsApps;C:\Users\user\AppData\Local\JetBrains\IntelliJ IDEA 2024.1.3\bin;.;C:\Users\user\AppData\Roaming\npm;C:\Graddle\gradle-8.6-bin\gradle-8.6\bin;C:\Users\user\AppData\Local\Programs\Microsoft VS Code\bin;C:\Program Files\JetBrains\PyCharm Community Edition 2024.2.3\bin;.;C:\Program Files\JetBrains\RubyMine 2024.2.3\bin;.;., no libtcnative-1 in java.library.path: C:\Program Files\Java\jdk-21.0.4\bin;C:\WINDOWS\Sun\Java\bin;C:\WINDOWS\system32;C:\WINDOWS;C:\Users\user\anaconda3;C:\Users\user\anaconda3\Library\mingw-w64\bin;C:\Users\user\anaconda3\Library\usr\bin;C:\Users\user\anaconda3\Library\bin;C:\Users\user\anaconda3\Scripts;C:\Users\user\anaconda3\bin;C:\Users\user\anaconda3\condabin;C:\Program Files\Eclipse Adoptium\jdk-21.0.2.13-hotspot\bin;C:\WINDOWS\system32;C:\WINDOWS;C:\WINDOWS\System32\Wbem;C:\WINDOWS\System32\WindowsPowerShell\v1.0;C:\WINDOWS\System32\OpenSSH;C:\Program Files\nodejs;C:\Program Files\Git\cmd;C:\Program Files\apache-maven-3.9.9-bin\apache-maven-3.9.9\bin;C:\Program Files\Java\jdk-21.0.4\bin;C:\Naga\ReactJS_Practice\ReactJS_SpringBoot_13092024\Reddis\Redis-x64-3.0.504;C:\Program Files\Docker\Docker\resources\bin;C:\Program Files\Kubernetes\Minikube;C:\Users\user\anaconda3\Scripts;C:\Users\user\anaconda3\Library\bin;C:\Users\user\anaconda3;C:\Users\user\AppData\Local\Programs\Python\Python313\Scripts;C:\Users\user\AppData\Local\Programs\Python\Python313;C:\Users\user\AppData\Local\Programs\Python\Launcher;C:\Users\user\AppData\Local\Programs\Python\Python312\Scripts;C:\Users\user\AppData\Local\Programs\Python\Python312;C:\Users\user\AppData\Local\Microsoft\WindowsApps;C:\Users\user\AppData\Local\JetBrains\IntelliJ IDEA 2024.1.3\bin;.;C:\Users\user\AppData\Roaming\npm;C:\Graddle\gradle-8.6-bin\gradle-8.6\bin;C:\Users\user\AppData\Local\Programs\Microsoft VS Code\bin;C:\Program Files\JetBrains\PyCharm Community Edition 2024.2.3\bin;.;C:\Program Files\JetBrains\RubyMine 2024.2.3\bin;.;.
	at org.apache.tomcat.jni.Library.<init>(Library.java:91)
	at org.apache.tomcat.jni.Library.initialize(Library.java:147)
	at org.apache.catalina.core.AprLifecycleListener.init(AprLifecycleListener.java:189)
	at org.apache.catalina.core.AprLifecycleListener.isAprAvailable(AprLifecycleListener.java:106)
	at org.springframework.boot.web.embedded.tomcat.TomcatServletWebServerFactory.getDefaultServerLifecycleListeners(TomcatServletWebServerFactory.java:189)
	at org.springframework.boot.web.embedded.tomcat.TomcatServletWebServerFactory.<init>(TomcatServletWebServerFactory.java:136)
	at org.springframework.boot.autoconfigure.web.servlet.ServletWebServerFactoryConfiguration$EmbeddedTomcat.tomcatServletWebServerFactory(ServletWebServerFactoryConfiguration.java:73)
	at java.base/jdk.internal.reflect.DirectMethodHandleAccessor.invoke(DirectMethodHandleAccessor.java:103)
	at java.base/java.lang.reflect.Method.invoke(Method.java:580)
	at org.springframework.beans.factory.support.SimpleInstantiationStrategy.instantiate(SimpleInstantiationStrategy.java:140)
	at org.springframework.beans.factory.support.ConstructorResolver.instantiate(ConstructorResolver.java:644)
	at org.springframework.beans.factory.support.ConstructorResolver.instantiateUsingFactoryMethod(ConstructorResolver.java:636)
	at org.springframework.beans.factory.support.AbstractAutowireCapableBeanFactory.instantiateUsingFactoryMethod(AbstractAutowireCapableBeanFactory.java:1335)
	at org.springframework.beans.factory.support.AbstractAutowireCapableBeanFactory.createBeanInstance(AbstractAutowireCapableBeanFactory.java:1165)
	at org.springframework.beans.factory.support.AbstractAutowireCapableBeanFactory.doCreateBean(AbstractAutowireCapableBeanFactory.java:562)
	at org.springframework.beans.factory.support.AbstractAutowireCapableBeanFactory.createBean(AbstractAutowireCapableBeanFactory.java:522)
	at org.springframework.beans.factory.support.AbstractBeanFactory.lambda$doGetBean$0(AbstractBeanFactory.java:326)
	at org.springframework.beans.factory.support.DefaultSingletonBeanRegistry.getSingleton(DefaultSingletonBeanRegistry.java:234)
	at org.springframework.beans.factory.support.AbstractBeanFactory.doGetBean(AbstractBeanFactory.java:324)
	at org.springframework.beans.factory.support.AbstractBeanFactory.getBean(AbstractBeanFactory.java:200)
	at org.springframework.beans.factory.support.DefaultListableBeanFactory.preInstantiateSingletons(DefaultListableBeanFactory.java:975)
	at org.springframework.context.support.AbstractApplicationContext.finishBeanFactoryInitialization(AbstractApplicationContext.java:962)
	at org.springframework.context.support.AbstractApplicationContext.refresh(AbstractApplicationContext.java:624)
	at org.springframework.boot.SpringApplication.refresh(SpringApplication.java:754)
	at org.springframework.boot.SpringApplication.refreshContext(SpringApplication.java:456)
	at org.springframework.boot.SpringApplication.run(SpringApplication.java:334)
	at org.springframework.boot.test.context.SpringBootContextLoader.lambda$loadContext$3(SpringBootContextLoader.java:137)
	at org.springframework.util.function.ThrowingSupplier.get(ThrowingSupplier.java:58)
	at org.springframework.util.function.ThrowingSupplier.get(ThrowingSupplier.java:46)
	at org.springframework.boot.SpringApplication.withHook(SpringApplication.java:1454)
	at org.springframework.boot.test.context.SpringBootContextLoader$ContextLoaderHook.run(SpringBootContextLoader.java:553)
	at org.springframework.boot.test.context.SpringBootContextLoader.loadContext(SpringBootContextLoader.java:137)
	at org.springframework.boot.test.context.SpringBootContextLoader.loadContext(SpringBootContextLoader.java:108)
	at org.springframework.test.context.cache.DefaultCacheAwareContextLoaderDelegate.loadContextInternal(DefaultCacheAwareContextLoaderDelegate.java:225)
	at org.springframework.test.context.cache.DefaultCacheAwareContextLoaderDelegate.loadContext(DefaultCacheAwareContextLoaderDelegate.java:152)
	at org.springframework.test.context.support.DefaultTestContext.getApplicationContext(DefaultTestContext.java:130)
	at org.springframework.test.context.web.ServletTestExecutionListener.setUpRequestContextIfNecessary(ServletTestExecutionListener.java:191)
	at org.springframework.test.context.web.ServletTestExecutionListener.prepareTestInstance(ServletTestExecutionListener.java:130)
	at org.springframework.test.context.TestContextManager.prepareTestInstance(TestContextManager.java:260)
	at org.springframework.test.context.junit.jupiter.SpringExtension.postProcessTestInstance(SpringExtension.java:163)
	at org.junit.jupiter.engine.descriptor.ClassBasedTestDescriptor.lambda$invokeTestInstancePostProcessors$10(ClassBasedTestDescriptor.java:378)
	at org.junit.jupiter.engine.descriptor.ClassBasedTestDescriptor.executeAndMaskThrowable(ClassBasedTestDescriptor.java:383)
	at org.junit.jupiter.engine.descriptor.ClassBasedTestDescriptor.lambda$invokeTestInstancePostProcessors$11(ClassBasedTestDescriptor.java:378)
	at java.base/java.util.stream.ReferencePipeline$3$1.accept(ReferencePipeline.java:197)
	at java.base/java.util.stream.ReferencePipeline$2$1.accept(ReferencePipeline.java:179)
	at java.base/java.util.ArrayList$ArrayListSpliterator.forEachRemaining(ArrayList.java:1708)
	at java.base/java.util.stream.AbstractPipeline.copyInto(AbstractPipeline.java:509)
	at java.base/java.util.stream.AbstractPipeline.wrapAndCopyInto(AbstractPipeline.java:499)
	at java.base/java.util.stream.StreamSpliterators$WrappingSpliterator.forEachRemaining(StreamSpliterators.java:310)
	at java.base/java.util.stream.Streams$ConcatSpliterator.forEachRemaining(Streams.java:735)
	at java.base/java.util.stream.Streams$ConcatSpliterator.forEachRemaining(Streams.java:734)
	at java.base/java.util.stream.ReferencePipeline$Head.forEach(ReferencePipeline.java:762)
	at org.junit.jupiter.engine.descriptor.ClassBasedTestDescriptor.invokeTestInstancePostProcessors(ClassBasedTestDescriptor.java:377)
	at org.junit.jupiter.engine.descriptor.ClassBasedTestDescriptor.lambda$instantiateAndPostProcessTestInstance$6(ClassBasedTestDescriptor.java:290)
	at org.junit.platform.engine.support.hierarchical.ThrowableCollector.execute(ThrowableCollector.java:73)
	at org.junit.jupiter.engine.descriptor.ClassBasedTestDescriptor.instantiateAndPostProcessTestInstance(ClassBasedTestDescriptor.java:289)
	at org.junit.jupiter.engine.descriptor.ClassBasedTestDescriptor.lambda$testInstancesProvider$4(ClassBasedTestDescriptor.java:279)
	at java.base/java.util.Optional.orElseGet(Optional.java:364)
	at org.junit.jupiter.engine.descriptor.ClassBasedTestDescriptor.lambda$testInstancesProvider$5(ClassBasedTestDescriptor.java:278)
	at org.junit.jupiter.engine.execution.TestInstancesProvider.getTestInstances(TestInstancesProvider.java:31)
	at org.junit.jupiter.engine.descriptor.TestMethodTestDescriptor.lambda$prepare$0(TestMethodTestDescriptor.java:106)
	at org.junit.platform.engine.support.hierarchical.ThrowableCollector.execute(ThrowableCollector.java:73)
	at org.junit.jupiter.engine.descriptor.TestMethodTestDescriptor.prepare(TestMethodTestDescriptor.java:105)
	at org.junit.jupiter.engine.descriptor.TestMethodTestDescriptor.prepare(TestMethodTestDescriptor.java:69)
	at org.junit.platform.engine.support.hierarchical.NodeTestTask.lambda$prepare$2(NodeTestTask.java:123)
	at org.junit.platform.engine.support.hierarchical.ThrowableCollector.execute(ThrowableCollector.java:73)
	at org.junit.platform.engine.support.hierarchical.NodeTestTask.prepare(NodeTestTask.java:123)
	at org.junit.platform.engine.support.hierarchical.NodeTestTask.execute(NodeTestTask.java:90)
	at java.base/java.util.ArrayList.forEach(ArrayList.java:1596)
	at org.junit.platform.engine.support.hierarchical.SameThreadHierarchicalTestExecutorService.invokeAll(SameThreadHierarchicalTestExecutorService.java:41)
	at org.junit.platform.engine.support.hierarchical.NodeTestTask.lambda$executeRecursively$6(NodeTestTask.java:155)
	at org.junit.platform.engine.support.hierarchical.ThrowableCollector.execute(ThrowableCollector.java:73)
	at org.junit.platform.engine.support.hierarchical.NodeTestTask.lambda$executeRecursively$8(NodeTestTask.java:141)
	at org.junit.platform.engine.support.hierarchical.Node.around(Node.java:137)
	at org.junit.platform.engine.support.hierarchical.NodeTestTask.lambda$executeRecursively$9(NodeTestTask.java:139)
	at org.junit.platform.engine.support.hierarchical.ThrowableCollector.execute(ThrowableCollector.java:73)
	at org.junit.platform.engine.support.hierarchical.NodeTestTask.executeRecursively(NodeTestTask.java:138)
	at org.junit.platform.engine.support.hierarchical.NodeTestTask.execute(NodeTestTask.java:95)
	at java.base/java.util.ArrayList.forEach(ArrayList.java:1596)
	at org.junit.platform.engine.support.hierarchical.SameThreadHierarchicalTestExecutorService.invokeAll(SameThreadHierarchicalTestExecutorService.java:41)
	at org.junit.platform.engine.support.hierarchical.NodeTestTask.lambda$executeRecursively$6(NodeTestTask.java:155)
	at org.junit.platform.engine.support.hierarchical.ThrowableCollector.execute(ThrowableCollector.java:73)
	at org.junit.platform.engine.support.hierarchical.NodeTestTask.lambda$executeRecursively$8(NodeTestTask.java:141)
	at org.junit.platform.engine.support.hierarchical.Node.around(Node.java:137)
	at org.junit.platform.engine.support.hierarchical.NodeTestTask.lambda$executeRecursively$9(NodeTestTask.java:139)
	at org.junit.platform.engine.support.hierarchical.ThrowableCollector.execute(ThrowableCollector.java:73)
	at org.junit.platform.engine.support.hierarchical.NodeTestTask.executeRecursively(NodeTestTask.java:138)
	at org.junit.platform.engine.support.hierarchical.NodeTestTask.execute(NodeTestTask.java:95)
	at org.junit.platform.engine.support.hierarchical.SameThreadHierarchicalTestExecutorService.submit(SameThreadHierarchicalTestExecutorService.java:35)
	at org.junit.platform.engine.support.hierarchical.HierarchicalTestExecutor.execute(HierarchicalTestExecutor.java:57)
	at org.junit.platform.engine.support.hierarchical.HierarchicalTestEngine.execute(HierarchicalTestEngine.java:54)
	at org.junit.platform.launcher.core.EngineExecutionOrchestrator.execute(EngineExecutionOrchestrator.java:198)
	at org.junit.platform.launcher.core.EngineExecutionOrchestrator.execute(EngineExecutionOrchestrator.java:169)
	at org.junit.platform.launcher.core.EngineExecutionOrchestrator.execute(EngineExecutionOrchestrator.java:93)
	at org.junit.platform.launcher.core.EngineExecutionOrchestrator.lambda$execute$0(EngineExecutionOrchestrator.java:58)
	at org.junit.platform.launcher.core.EngineExecutionOrchestrator.withInterceptedStreams(EngineExecutionOrchestrator.java:141)
	at org.junit.platform.launcher.core.EngineExecutionOrchestrator.execute(EngineExecutionOrchestrator.java:57)
	at org.junit.platform.launcher.core.DefaultLauncher.execute(DefaultLauncher.java:103)
	at org.junit.platform.launcher.core.DefaultLauncher.execute(DefaultLauncher.java:85)
	at org.junit.platform.launcher.core.DelegatingLauncher.execute(DelegatingLauncher.java:47)
	at org.apache.maven.surefire.junitplatform.LazyLauncher.execute(LazyLauncher.java:56)
	at org.apache.maven.surefire.junitplatform.JUnitPlatformProvider.execute(JUnitPlatformProvider.java:184)
	at org.apache.maven.surefire.junitplatform.JUnitPlatformProvider.invokeAllTests(JUnitPlatformProvider.java:148)
	at org.apache.maven.surefire.junitplatform.JUnitPlatformProvider.invoke(JUnitPlatformProvider.java:122)
	at org.apache.maven.surefire.booter.ForkedBooter.runSuitesInProcess(ForkedBooter.java:385)
	at org.apache.maven.surefire.booter.ForkedBooter.execute(ForkedBooter.java:162)
	at org.apache.maven.surefire.booter.ForkedBooter.run(ForkedBooter.java:507)
	at org.apache.maven.surefire.booter.ForkedBooter.main(ForkedBooter.java:495)
2025-05-02 12:14:59 [main] DEBUG o.h.v.m.ResourceBundleMessageInterpolator - Loaded expression factory via original TCCL
2025-05-02 12:14:59 [main] DEBUG o.h.v.i.e.AbstractConfigurationImpl - Setting custom MessageInterpolator of type org.springframework.validation.beanvalidation.LocaleContextMessageInterpolator
2025-05-02 12:14:59 [main] DEBUG o.h.v.i.e.AbstractConfigurationImpl - Setting custom ConstraintValidatorFactory of type org.springframework.validation.beanvalidation.SpringConstraintValidatorFactory
2025-05-02 12:14:59 [main] DEBUG o.h.v.i.x.config.ValidationXmlParser - Trying to load META-INF/validation.xml for XML based Validator configuration.
2025-05-02 12:14:59 [main] DEBUG o.h.v.i.x.c.ResourceLoaderHelper - Trying to load META-INF/validation.xml via user class loader
2025-05-02 12:14:59 [main] DEBUG o.h.v.i.x.c.ResourceLoaderHelper - Trying to load META-INF/validation.xml via TCCL
2025-05-02 12:14:59 [main] DEBUG o.h.v.i.x.c.ResourceLoaderHelper - Trying to load META-INF/validation.xml via Hibernate Validator's class loader
2025-05-02 12:14:59 [main] DEBUG o.h.v.i.x.config.ValidationXmlParser - No META-INF/validation.xml found. Using annotation based configuration only.
2025-05-02 12:14:59 [main] DEBUG o.h.v.i.e.r.TraversableResolvers - Found jakarta.persistence.Persistence on classpath containing 'getPersistenceUtil'. Assuming JPA 2 environment. Trying to instantiate JPA aware TraversableResolver
2025-05-02 12:14:59 [main] DEBUG o.h.v.i.e.r.TraversableResolvers - Instantiated JPA aware TraversableResolver of type org.hibernate.validator.internal.engine.resolver.JPATraversableResolver.
2025-05-02 12:14:59 [main] DEBUG o.h.v.i.e.ValidatorFactoryConfigurationHelper - HV000252: Using org.hibernate.validator.internal.engine.DefaultPropertyNodeNameProvider as property node name provider.
2025-05-02 12:14:59 [main] DEBUG o.h.v.i.e.ValidatorFactoryConfigurationHelper - HV000234: Using org.springframework.validation.beanvalidation.LocaleContextMessageInterpolator as ValidatorFactory-scoped message interpolator.
2025-05-02 12:14:59 [main] DEBUG o.h.v.i.e.ValidatorFactoryConfigurationHelper - HV000234: Using org.hibernate.validator.internal.engine.resolver.JPATraversableResolver as ValidatorFactory-scoped traversable resolver.
2025-05-02 12:14:59 [main] DEBUG o.h.v.i.e.ValidatorFactoryConfigurationHelper - HV000234: Using org.hibernate.validator.internal.util.ExecutableParameterNameProvider as ValidatorFactory-scoped parameter name provider.
2025-05-02 12:14:59 [main] DEBUG o.h.v.i.e.ValidatorFactoryConfigurationHelper - HV000234: Using org.hibernate.validator.internal.engine.DefaultClockProvider as ValidatorFactory-scoped clock provider.
2025-05-02 12:14:59 [main] DEBUG o.h.v.i.e.ValidatorFactoryConfigurationHelper - HV000234: Using org.hibernate.validator.internal.engine.scripting.DefaultScriptEvaluatorFactory as ValidatorFactory-scoped script evaluator factory.
2025-05-02 12:14:59 [main] DEBUG o.s.w.s.m.m.a.RequestMappingHandlerAdapter - ControllerAdvice beans: 0 @ModelAttribute, 0 @InitBinder, 1 RequestBodyAdvice, 1 ResponseBodyAdvice
2025-05-02 12:14:59 [main] DEBUG o.s.w.s.m.m.a.ExceptionHandlerExceptionResolver - ControllerAdvice beans: 0 @ExceptionHandler, 1 ResponseBodyAdvice
2025-05-02 12:14:59 [main] WARN  o.t.templatemode.TemplateMode - [THYMELEAF][main] Unknown Template Mode 'XHTML'. Must be one of: 'HTML', 'XML', 'TEXT', 'JAVASCRIPT', 'CSS', 'RAW'. Using default Template Mode 'HTML'.
2025-05-02 12:14:59 [main] INFO  o.s.b.a.h.H2ConsoleAutoConfiguration - H2 console available at '/h2-console'. Database available at 'jdbc:h2:mem:medical_register'
2025-05-02 12:15:00 [main] DEBUG o.s.w.filter.HiddenHttpMethodFilter - Filter 'hiddenHttpMethodFilter' configured for use
2025-05-02 12:15:00 [main] INFO  o.s.b.t.m.w.SpringBootMockServletContext - Initializing Spring TestDispatcherServlet ''
2025-05-02 12:15:00 [main] INFO  o.s.t.w.s.TestDispatcherServlet - Initializing Servlet ''
2025-05-02 12:15:00 [main] INFO  o.s.t.w.s.TestDispatcherServlet - Completed initialization in 1 ms
2025-05-02 12:15:00 [main] INFO  c.e.c.MedicalRecordControllerIntegrationTest - Started MedicalRecordControllerIntegrationTest in 7.79 seconds (process running for 9.968)
2025-05-02 12:15:00 [main] DEBUG java.lang.ProcessBuilder - ProcessBuilder.start(): pid: 18100, dir: null, cmd: "C:\Program Files\Java\jdk-21.0.4\bin\java.exe"
java.lang.RuntimeException: ProcessBuilder.start() debug
	at java.base/java.lang.ProcessBuilder.start(ProcessBuilder.java:1147)
	at java.base/java.lang.ProcessBuilder.start(ProcessBuilder.java:1089)
	at net.bytebuddy.agent.ByteBuddyAgent.installExternal(ByteBuddyAgent.java:705)
	at net.bytebuddy.agent.ByteBuddyAgent.install(ByteBuddyAgent.java:636)
	at net.bytebuddy.agent.ByteBuddyAgent.install(ByteBuddyAgent.java:616)
	at net.bytebuddy.agent.ByteBuddyAgent.install(ByteBuddyAgent.java:568)
	at net.bytebuddy.agent.ByteBuddyAgent.install(ByteBuddyAgent.java:545)
	at org.mockito.internal.creation.bytebuddy.InlineDelegateByteBuddyMockMaker.<clinit>(InlineDelegateByteBuddyMockMaker.java:133)
	at org.mockito.internal.creation.bytebuddy.InlineByteBuddyMockMaker.<init>(InlineByteBuddyMockMaker.java:23)
	at java.base/jdk.internal.reflect.DirectConstructorHandleAccessor.newInstance(DirectConstructorHandleAccessor.java:62)
	at java.base/java.lang.reflect.Constructor.newInstanceWithCaller(Constructor.java:502)
	at java.base/java.lang.reflect.Constructor.newInstance(Constructor.java:486)
	at org.mockito.internal.configuration.plugins.DefaultMockitoPlugins.create(DefaultMockitoPlugins.java:103)
	at org.mockito.internal.configuration.plugins.DefaultMockitoPlugins.getDefaultPlugin(DefaultMockitoPlugins.java:79)
	at org.mockito.internal.configuration.plugins.PluginLoader.loadPlugin(PluginLoader.java:75)
	at org.mockito.internal.configuration.plugins.PluginLoader.loadPlugin(PluginLoader.java:50)
	at org.mockito.internal.configuration.plugins.PluginRegistry.<init>(PluginRegistry.java:27)
	at org.mockito.internal.configuration.plugins.Plugins.<clinit>(Plugins.java:22)
	at org.mockito.internal.MockitoCore.<clinit>(MockitoCore.java:73)
	at org.mockito.Mockito.<clinit>(Mockito.java:1683)
	at org.springframework.boot.test.mock.mockito.MockReset.get(MockReset.java:105)
	at org.springframework.boot.test.mock.mockito.ResetMocksTestExecutionListener.resetMocks(ResetMocksTestExecutionListener.java:85)
	at org.springframework.boot.test.mock.mockito.ResetMocksTestExecutionListener.resetMocks(ResetMocksTestExecutionListener.java:73)
	at org.springframework.boot.test.mock.mockito.ResetMocksTestExecutionListener.beforeTestMethod(ResetMocksTestExecutionListener.java:60)
	at org.springframework.test.context.TestContextManager.beforeTestMethod(TestContextManager.java:320)
	at org.springframework.test.context.junit.jupiter.SpringExtension.beforeEach(SpringExtension.java:240)
	at org.junit.jupiter.engine.descriptor.TestMethodTestDescriptor.lambda$invokeBeforeEachCallbacks$2(TestMethodTestDescriptor.java:167)
	at org.junit.jupiter.engine.descriptor.TestMethodTestDescriptor.lambda$invokeBeforeMethodsOrCallbacksUntilExceptionOccurs$6(TestMethodTestDescriptor.java:203)
	at org.junit.platform.engine.support.hierarchical.ThrowableCollector.execute(ThrowableCollector.java:73)
	at org.junit.jupiter.engine.descriptor.TestMethodTestDescriptor.invokeBeforeMethodsOrCallbacksUntilExceptionOccurs(TestMethodTestDescriptor.java:203)
	at org.junit.jupiter.engine.descriptor.TestMethodTestDescriptor.invokeBeforeEachCallbacks(TestMethodTestDescriptor.java:166)
	at org.junit.jupiter.engine.descriptor.TestMethodTestDescriptor.execute(TestMethodTestDescriptor.java:133)
	at org.junit.jupiter.engine.descriptor.TestMethodTestDescriptor.execute(TestMethodTestDescriptor.java:69)
	at org.junit.platform.engine.support.hierarchical.NodeTestTask.lambda$executeRecursively$6(NodeTestTask.java:151)
	at org.junit.platform.engine.support.hierarchical.ThrowableCollector.execute(ThrowableCollector.java:73)
	at org.junit.platform.engine.support.hierarchical.NodeTestTask.lambda$executeRecursively$8(NodeTestTask.java:141)
	at org.junit.platform.engine.support.hierarchical.Node.around(Node.java:137)
	at org.junit.platform.engine.support.hierarchical.NodeTestTask.lambda$executeRecursively$9(NodeTestTask.java:139)
	at org.junit.platform.engine.support.hierarchical.ThrowableCollector.execute(ThrowableCollector.java:73)
	at org.junit.platform.engine.support.hierarchical.NodeTestTask.executeRecursively(NodeTestTask.java:138)
	at org.junit.platform.engine.support.hierarchical.NodeTestTask.execute(NodeTestTask.java:95)
	at java.base/java.util.ArrayList.forEach(ArrayList.java:1596)
	at org.junit.platform.engine.support.hierarchical.SameThreadHierarchicalTestExecutorService.invokeAll(SameThreadHierarchicalTestExecutorService.java:41)
	at org.junit.platform.engine.support.hierarchical.NodeTestTask.lambda$executeRecursively$6(NodeTestTask.java:155)
	at org.junit.platform.engine.support.hierarchical.ThrowableCollector.execute(ThrowableCollector.java:73)
	at org.junit.platform.engine.support.hierarchical.NodeTestTask.lambda$executeRecursively$8(NodeTestTask.java:141)
	at org.junit.platform.engine.support.hierarchical.Node.around(Node.java:137)
	at org.junit.platform.engine.support.hierarchical.NodeTestTask.lambda$executeRecursively$9(NodeTestTask.java:139)
	at org.junit.platform.engine.support.hierarchical.ThrowableCollector.execute(ThrowableCollector.java:73)
	at org.junit.platform.engine.support.hierarchical.NodeTestTask.executeRecursively(NodeTestTask.java:138)
	at org.junit.platform.engine.support.hierarchical.NodeTestTask.execute(NodeTestTask.java:95)
	at java.base/java.util.ArrayList.forEach(ArrayList.java:1596)
	at org.junit.platform.engine.support.hierarchical.SameThreadHierarchicalTestExecutorService.invokeAll(SameThreadHierarchicalTestExecutorService.java:41)
	at org.junit.platform.engine.support.hierarchical.NodeTestTask.lambda$executeRecursively$6(NodeTestTask.java:155)
	at org.junit.platform.engine.support.hierarchical.ThrowableCollector.execute(ThrowableCollector.java:73)
	at org.junit.platform.engine.support.hierarchical.NodeTestTask.lambda$executeRecursively$8(NodeTestTask.java:141)
	at org.junit.platform.engine.support.hierarchical.Node.around(Node.java:137)
	at org.junit.platform.engine.support.hierarchical.NodeTestTask.lambda$executeRecursively$9(NodeTestTask.java:139)
	at org.junit.platform.engine.support.hierarchical.ThrowableCollector.execute(ThrowableCollector.java:73)
	at org.junit.platform.engine.support.hierarchical.NodeTestTask.executeRecursively(NodeTestTask.java:138)
	at org.junit.platform.engine.support.hierarchical.NodeTestTask.execute(NodeTestTask.java:95)
	at org.junit.platform.engine.support.hierarchical.SameThreadHierarchicalTestExecutorService.submit(SameThreadHierarchicalTestExecutorService.java:35)
	at org.junit.platform.engine.support.hierarchical.HierarchicalTestExecutor.execute(HierarchicalTestExecutor.java:57)
	at org.junit.platform.engine.support.hierarchical.HierarchicalTestEngine.execute(HierarchicalTestEngine.java:54)
	at org.junit.platform.launcher.core.EngineExecutionOrchestrator.execute(EngineExecutionOrchestrator.java:198)
	at org.junit.platform.launcher.core.EngineExecutionOrchestrator.execute(EngineExecutionOrchestrator.java:169)
	at org.junit.platform.launcher.core.EngineExecutionOrchestrator.execute(EngineExecutionOrchestrator.java:93)
	at org.junit.platform.launcher.core.EngineExecutionOrchestrator.lambda$execute$0(EngineExecutionOrchestrator.java:58)
	at org.junit.platform.launcher.core.EngineExecutionOrchestrator.withInterceptedStreams(EngineExecutionOrchestrator.java:141)
	at org.junit.platform.launcher.core.EngineExecutionOrchestrator.execute(EngineExecutionOrchestrator.java:57)
	at org.junit.platform.launcher.core.DefaultLauncher.execute(DefaultLauncher.java:103)
	at org.junit.platform.launcher.core.DefaultLauncher.execute(DefaultLauncher.java:85)
	at org.junit.platform.launcher.core.DelegatingLauncher.execute(DelegatingLauncher.java:47)
	at org.apache.maven.surefire.junitplatform.LazyLauncher.execute(LazyLauncher.java:56)
	at org.apache.maven.surefire.junitplatform.JUnitPlatformProvider.execute(JUnitPlatformProvider.java:184)
	at org.apache.maven.surefire.junitplatform.JUnitPlatformProvider.invokeAllTests(JUnitPlatformProvider.java:148)
	at org.apache.maven.surefire.junitplatform.JUnitPlatformProvider.invoke(JUnitPlatformProvider.java:122)
	at org.apache.maven.surefire.booter.ForkedBooter.runSuitesInProcess(ForkedBooter.java:385)
	at org.apache.maven.surefire.booter.ForkedBooter.execute(ForkedBooter.java:162)
	at org.apache.maven.surefire.booter.ForkedBooter.run(ForkedBooter.java:507)
	at org.apache.maven.surefire.booter.ForkedBooter.main(ForkedBooter.java:495)
2025-05-02 12:15:00 [main] DEBUG o.h.e.t.internal.TransactionImpl - On TransactionImpl creation, JpaCompliance#isJpaTransactionComplianceEnabled == false
2025-05-02 12:15:00 [main] DEBUG o.h.e.t.internal.TransactionImpl - begin
2025-05-02 12:15:01 [main] DEBUG org.hibernate.orm.sql.ast.create - Created new SQL alias : mr1_0
2025-05-02 12:15:01 [main] DEBUG org.hibernate.orm.sql.ast.create - Registration of TableGroup [StandardTableGroup(com.example.model.MedicalRecord(99440612363500))] with identifierForTableGroup [com.example.model.MedicalRecord] for NavigablePath [com.example.model.MedicalRecord] 
2025-05-02 12:15:01 [main] DEBUG org.hibernate.orm.results.graph.AST - DomainResult Graph:
 \-EntityResultImpl [com.example.model.MedicalRecord(99440612363500)]
 |  +-BasicFetch [com.example.model.MedicalRecord(99440612363500).age]
 |  +-BasicFetch [com.example.model.MedicalRecord(99440612363500).medicalHistory]
 |  \-BasicFetch [com.example.model.MedicalRecord(99440612363500).name]

2025-05-02 12:15:01 [main] DEBUG org.hibernate.orm.sql.ast.tree - SQL AST Tree:
    SelectStatement {
      FromClause {
        StandardTableGroup (mr1 : com.example.model.MedicalRecord(99440612363500)) {
          primaryTableReference : medical_record as mr1_0
        }
      }
    }

2025-05-02 12:15:01 [main] DEBUG org.hibernate.orm.sql.exec - Skipping reading Query result cache data: cache-enabled = false, cache-mode = NORMAL
2025-05-02 12:15:01 [main] DEBUG org.hibernate.orm.results - Initializer list:
	  com.example.model.MedicalRecord(99440612363500) -> EntityResultInitializer(com.example.model.MedicalRecord(99440612363500))@591863624 (SingleTableEntityPersister(com.example.model.MedicalRecord))

2025-05-02 12:15:01 [main] DEBUG org.hibernate.SQL - select mr1_0.id,mr1_0.age,mr1_0.medical_history,mr1_0.name from medical_record mr1_0
Hibernate: select mr1_0.id,mr1_0.age,mr1_0.medical_history,mr1_0.name from medical_record mr1_0
2025-05-02 12:15:01 [main] DEBUG o.h.e.t.internal.TransactionImpl - committing
2025-05-02 12:15:01 [main] DEBUG o.h.e.t.internal.TransactionImpl - On TransactionImpl creation, JpaCompliance#isJpaTransactionComplianceEnabled == false
2025-05-02 12:15:01 [main] DEBUG o.h.e.t.internal.TransactionImpl - begin
2025-05-02 12:15:01 [main] DEBUG o.h.j.i.PersistenceUnitUtilImpl - jakarta.persistence.PersistenceUnitUtil.getIdentifier is only intended to work with enhanced entities (although Hibernate also adapts this support to its proxies); however the passed entity was not enhanced (nor a proxy).. may not be able to read identifier
2025-05-02 12:15:01 [main] DEBUG o.hibernate.engine.spi.ActionQueue - Executing identity-insert immediately
2025-05-02 12:15:01 [main] DEBUG org.hibernate.SQL - insert into medical_record (age,medical_history,name,id) values (?,?,?,default)
Hibernate: insert into medical_record (age,medical_history,name,id) values (?,?,?,default)
2025-05-02 12:15:01 [main] DEBUG o.h.id.IdentifierGeneratorHelper - Natively generated identity (com.example.model.MedicalRecord) : 1
2025-05-02 12:15:01 [main] DEBUG o.h.e.t.internal.TransactionImpl - committing
2025-05-02 12:15:01 [main] DEBUG o.h.e.i.AbstractFlushingEventListener - Processing flush-time cascades
2025-05-02 12:15:01 [main] DEBUG o.h.e.i.AbstractFlushingEventListener - Dirty checking collections
2025-05-02 12:15:01 [main] DEBUG o.h.e.i.AbstractFlushingEventListener - Flushed: 0 insertions, 0 updates, 0 deletions to 1 objects
2025-05-02 12:15:01 [main] DEBUG o.h.e.i.AbstractFlushingEventListener - Flushed: 0 (re)creations, 0 updates, 0 removals to 0 collections
2025-05-02 12:15:01 [main] DEBUG o.h.internal.util.EntityPrinter - Listing entities:
2025-05-02 12:15:01 [main] DEBUG o.h.internal.util.EntityPrinter - com.example.model.MedicalRecord{name=John Doe, id=1, medicalHistory=None, age=30}
2025-05-02 12:15:01 [main] DEBUG o.h.e.t.internal.TransactionImpl - On TransactionImpl creation, JpaCompliance#isJpaTransactionComplianceEnabled == false
2025-05-02 12:15:01 [main] DEBUG o.h.e.t.internal.TransactionImpl - begin
2025-05-02 12:15:01 [main] DEBUG org.hibernate.orm.sql.ast.create - Created new SQL alias : mr1_0
2025-05-02 12:15:01 [main] DEBUG org.hibernate.orm.sql.ast.create - Registration of TableGroup [StandardTableGroup(com.example.model.MedicalRecord(99440873778800))] with identifierForTableGroup [com.example.model.MedicalRecord] for NavigablePath [com.example.model.MedicalRecord] 
2025-05-02 12:15:01 [main] DEBUG org.hibernate.orm.results.graph.AST - DomainResult Graph:
 \-EntityResultImpl [com.example.model.MedicalRecord(99440873778800)]
 |  +-BasicFetch [com.example.model.MedicalRecord(99440873778800).age]
 |  +-BasicFetch [com.example.model.MedicalRecord(99440873778800).medicalHistory]
 |  \-BasicFetch [com.example.model.MedicalRecord(99440873778800).name]

2025-05-02 12:15:01 [main] DEBUG org.hibernate.orm.sql.ast.tree - SQL AST Tree:
    SelectStatement {
      FromClause {
        StandardTableGroup (mr1 : com.example.model.MedicalRecord(99440873778800)) {
          primaryTableReference : medical_record as mr1_0
        }
      }
    }

2025-05-02 12:15:01 [main] DEBUG org.hibernate.orm.sql.exec - Skipping reading Query result cache data: cache-enabled = false, cache-mode = NORMAL
2025-05-02 12:15:01 [main] DEBUG org.hibernate.orm.results - Initializer list:
	  com.example.model.MedicalRecord(99440873778800) -> EntityResultInitializer(com.example.model.MedicalRecord(99440873778800))@2092749438 (SingleTableEntityPersister(com.example.model.MedicalRecord))

2025-05-02 12:15:01 [main] DEBUG org.hibernate.SQL - select mr1_0.id,mr1_0.age,mr1_0.medical_history,mr1_0.name from medical_record mr1_0
Hibernate: select mr1_0.id,mr1_0.age,mr1_0.medical_history,mr1_0.name from medical_record mr1_0
2025-05-02 12:15:01 [main] DEBUG org.hibernate.orm.results - Extracted JDBC value [0] - [1]
2025-05-02 12:15:01 [main] DEBUG o.h.orm.results.loading.entity - (EntityResultInitializer) Hydrated EntityKey (com.example.model.MedicalRecord(99440873778800)): 1
2025-05-02 12:15:01 [main] DEBUG o.h.orm.results.loading.entity - (EntityResultInitializer) Created new entity instance [com.example.model.MedicalRecord(99440873778800)#1] : 1020984194
2025-05-02 12:15:01 [main] DEBUG org.hibernate.orm.results - Extracted JDBC value [1] - [30]
2025-05-02 12:15:01 [main] DEBUG org.hibernate.orm.results - Extracted JDBC value [2] - [None]
2025-05-02 12:15:01 [main] DEBUG org.hibernate.orm.results - Extracted JDBC value [3] - [John Doe]
2025-05-02 12:15:01 [main] DEBUG o.h.orm.results.loading.entity - (EntityResultInitializer) Done materializing entityInstance : com.example.model.MedicalRecord(99440873778800)#1
2025-05-02 12:15:01 [main] DEBUG org.hibernate.orm.results.loading - Calling top-level assembler (0 / 1) : org.hibernate.sql.results.graph.entity.internal.EntityAssembler@5b7600ec
2025-05-02 12:15:01 [main] DEBUG o.h.e.t.internal.TransactionImpl - committing
2025-05-02 12:15:01 [main] DEBUG o.s.s.w.c.HttpSessionSecurityContextRepository - Created HttpSession as SecurityContext is non-default
2025-05-02 12:15:01 [main] DEBUG o.s.s.w.c.HttpSessionSecurityContextRepository - Stored SecurityContextImpl [Authentication=UsernamePasswordAuthenticationToken [Principal=org.springframework.security.core.userdetails.User [Username=testuser, Password=[PROTECTED], Enabled=true, AccountNonExpired=true, CredentialsNonExpired=true, AccountNonLocked=true, Granted Authorities=[ROLE_USER]], Credentials=[PROTECTED], Authenticated=true, Details=null, Granted Authorities=[ROLE_USER]]] to HttpSession [org.springframework.mock.web.MockHttpSession@41628b4f]
2025-05-02 12:15:01 [main] DEBUG o.s.security.web.FilterChainProxy - Securing GET /api/medical-records/1
2025-05-02 12:15:01 [main] DEBUG o.s.s.w.c.HttpSessionSecurityContextRepository - Retrieved SecurityContextImpl [Authentication=UsernamePasswordAuthenticationToken [Principal=org.springframework.security.core.userdetails.User [Username=testuser, Password=[PROTECTED], Enabled=true, AccountNonExpired=true, CredentialsNonExpired=true, AccountNonLocked=true, Granted Authorities=[ROLE_USER]], Credentials=[PROTECTED], Authenticated=true, Details=null, Granted Authorities=[ROLE_USER]]]
2025-05-02 12:15:01 [main] DEBUG o.s.security.web.FilterChainProxy - Secured GET /api/medical-records/1
2025-05-02 12:15:01 [main] DEBUG o.s.w.s.m.m.a.RequestMappingHandlerMapping - Mapped to com.example.controller.MedicalRecordController#getRecordById(Long)
2025-05-02 12:15:01 [main] INFO  c.e.c.MedicalRecordController - User 'testuser' requested medical record with ID=1
2025-05-02 12:15:01 [main] DEBUG c.e.service.MedicalRecordService - Fetching medical record with ID=1 from repository
2025-05-02 12:15:01 [main] DEBUG o.h.e.t.internal.TransactionImpl - On TransactionImpl creation, JpaCompliance#isJpaTransactionComplianceEnabled == false
2025-05-02 12:15:01 [main] DEBUG o.h.e.t.internal.TransactionImpl - begin
2025-05-02 12:15:01 [main] DEBUG o.h.j.i.PersistenceUnitUtilImpl - jakarta.persistence.PersistenceUnitUtil.getIdentifier is only intended to work with enhanced entities (although Hibernate also adapts this support to its proxies); however the passed entity was not enhanced (nor a proxy).. may not be able to read identifier
2025-05-02 12:15:01 [main] DEBUG o.hibernate.engine.spi.ActionQueue - Executing identity-insert immediately
2025-05-02 12:15:01 [main] DEBUG org.hibernate.SQL - insert into audit_log (action,details,timestamp,username,id) values (?,?,?,?,default)
Hibernate: insert into audit_log (action,details,timestamp,username,id) values (?,?,?,?,default)
2025-05-02 12:15:01 [main] DEBUG o.h.id.IdentifierGeneratorHelper - Natively generated identity (com.example.model.AuditLog) : 1
2025-05-02 12:15:01 [main] DEBUG o.h.e.t.internal.TransactionImpl - committing
2025-05-02 12:15:01 [main] DEBUG o.h.e.i.AbstractFlushingEventListener - Processing flush-time cascades
2025-05-02 12:15:01 [main] DEBUG o.h.e.i.AbstractFlushingEventListener - Dirty checking collections
2025-05-02 12:15:01 [main] DEBUG o.h.e.i.AbstractFlushingEventListener - Flushed: 0 insertions, 0 updates, 0 deletions to 1 objects
2025-05-02 12:15:01 [main] DEBUG o.h.e.i.AbstractFlushingEventListener - Flushed: 0 (re)creations, 0 updates, 0 removals to 0 collections
2025-05-02 12:15:01 [main] DEBUG o.h.internal.util.EntityPrinter - Listing entities:
2025-05-02 12:15:01 [main] DEBUG o.h.internal.util.EntityPrinter - com.example.model.AuditLog{action=GET_BY_ID, details=Fetched record id=1, id=1, timestamp=2025-05-02T12:15:01.307417200, username=testuser}
2025-05-02 12:15:01 [main] DEBUG o.h.e.t.internal.TransactionImpl - begin
2025-05-02 12:15:01 [main] DEBUG org.hibernate.orm.sql.exec - Skipping reading Query result cache data: cache-enabled = false, cache-mode = IGNORE
2025-05-02 12:15:01 [main] DEBUG org.hibernate.orm.results - Initializer list:
	  com.example.model.MedicalRecord -> EntityResultInitializer(com.example.model.MedicalRecord)@661316124 (SingleTableEntityPersister(com.example.model.MedicalRecord))

2025-05-02 12:15:01 [main] DEBUG org.hibernate.SQL - select mr1_0.id,mr1_0.age,mr1_0.medical_history,mr1_0.name from medical_record mr1_0 where mr1_0.id=?
Hibernate: select mr1_0.id,mr1_0.age,mr1_0.medical_history,mr1_0.name from medical_record mr1_0 where mr1_0.id=?
2025-05-02 12:15:01 [main] DEBUG o.h.orm.results.loading.entity - (EntityResultInitializer) Hydrated EntityKey (com.example.model.MedicalRecord): 1
2025-05-02 12:15:01 [main] DEBUG o.h.orm.results.loading.entity - (EntityResultInitializer) Created new entity instance [com.example.model.MedicalRecord#1] : 796796033
2025-05-02 12:15:01 [main] DEBUG org.hibernate.orm.results - Extracted JDBC value [1] - [30]
2025-05-02 12:15:01 [main] DEBUG org.hibernate.orm.results - Extracted JDBC value [2] - [None]
2025-05-02 12:15:01 [main] DEBUG org.hibernate.orm.results - Extracted JDBC value [3] - [John Doe]
2025-05-02 12:15:01 [main] DEBUG o.h.orm.results.loading.entity - (EntityResultInitializer) Done materializing entityInstance : com.example.model.MedicalRecord#1
2025-05-02 12:15:01 [main] DEBUG org.hibernate.orm.results.loading - Calling top-level assembler (0 / 1) : org.hibernate.sql.results.graph.entity.internal.EntityAssembler@5f745970
2025-05-02 12:15:01 [main] DEBUG o.h.e.t.internal.TransactionImpl - committing
2025-05-02 12:15:01 [main] DEBUG o.s.w.s.m.m.a.RequestResponseBodyMethodProcessor - Using 'application/json', given [*/*] and supported [application/json, application/*+json]
2025-05-02 12:15:01 [main] DEBUG o.s.w.s.m.m.a.RequestResponseBodyMethodProcessor - Writing [com.example.model.MedicalRecord@2f7e2481]
2025-05-02 12:15:01 [main] DEBUG c.j.j.internal.path.CompiledPath - Evaluating path: $['name']
]]></system-out>
    <system-err><![CDATA[WARNING: A Java agent has been loaded dynamically (C:\Users\user\.m2\repository\net\bytebuddy\byte-buddy-agent\1.14.13\byte-buddy-agent-1.14.13.jar)
WARNING: If a serviceability tool is in use, please run with -XX:+EnableDynamicAgentLoading to hide this warning
WARNING: If a serviceability tool is not in use, please run with -Djdk.instrument.traceUsage for more information
WARNING: Dynamic loading of agents will be disallowed by default in a future release
]]></system-err>
  </testcase>
  <testcase name="testGetAllRecords" classname="com.example.controller.MedicalRecordControllerIntegrationTest" time="0.053">
    <system-out><![CDATA[2025-05-02 12:15:01 [main] DEBUG o.h.e.t.internal.TransactionImpl - On TransactionImpl creation, JpaCompliance#isJpaTransactionComplianceEnabled == false
2025-05-02 12:15:01 [main] DEBUG o.h.e.t.internal.TransactionImpl - begin
2025-05-02 12:15:01 [main] DEBUG org.hibernate.orm.sql.ast.create - Created new SQL alias : mr1_0
2025-05-02 12:15:01 [main] DEBUG org.hibernate.orm.sql.ast.create - Registration of TableGroup [StandardTableGroup(com.example.model.MedicalRecord(99441187504400))] with identifierForTableGroup [com.example.model.MedicalRecord] for NavigablePath [com.example.model.MedicalRecord] 
2025-05-02 12:15:01 [main] DEBUG org.hibernate.orm.results.graph.AST - DomainResult Graph:
 \-EntityResultImpl [com.example.model.MedicalRecord(99441187504400)]
 |  +-BasicFetch [com.example.model.MedicalRecord(99441187504400).age]
 |  +-BasicFetch [com.example.model.MedicalRecord(99441187504400).medicalHistory]
 |  \-BasicFetch [com.example.model.MedicalRecord(99441187504400).name]

2025-05-02 12:15:01 [main] DEBUG org.hibernate.orm.sql.ast.tree - SQL AST Tree:
    SelectStatement {
      FromClause {
        StandardTableGroup (mr1 : com.example.model.MedicalRecord(99441187504400)) {
          primaryTableReference : medical_record as mr1_0
        }
      }
    }

2025-05-02 12:15:01 [main] DEBUG org.hibernate.orm.sql.exec - Skipping reading Query result cache data: cache-enabled = false, cache-mode = NORMAL
2025-05-02 12:15:01 [main] DEBUG org.hibernate.orm.results - Initializer list:
	  com.example.model.MedicalRecord(99441187504400) -> EntityResultInitializer(com.example.model.MedicalRecord(99441187504400))@600799481 (SingleTableEntityPersister(com.example.model.MedicalRecord))

2025-05-02 12:15:01 [main] DEBUG org.hibernate.SQL - select mr1_0.id,mr1_0.age,mr1_0.medical_history,mr1_0.name from medical_record mr1_0
Hibernate: select mr1_0.id,mr1_0.age,mr1_0.medical_history,mr1_0.name from medical_record mr1_0
2025-05-02 12:15:01 [main] DEBUG org.hibernate.orm.results - Extracted JDBC value [0] - [1]
2025-05-02 12:15:01 [main] DEBUG o.h.orm.results.loading.entity - (EntityResultInitializer) Hydrated EntityKey (com.example.model.MedicalRecord(99441187504400)): 1
2025-05-02 12:15:01 [main] DEBUG o.h.orm.results.loading.entity - (EntityResultInitializer) Created new entity instance [com.example.model.MedicalRecord(99441187504400)#1] : 1985338407
2025-05-02 12:15:01 [main] DEBUG org.hibernate.orm.results - Extracted JDBC value [1] - [30]
2025-05-02 12:15:01 [main] DEBUG org.hibernate.orm.results - Extracted JDBC value [2] - [None]
2025-05-02 12:15:01 [main] DEBUG org.hibernate.orm.results - Extracted JDBC value [3] - [John Doe]
2025-05-02 12:15:01 [main] DEBUG o.h.orm.results.loading.entity - (EntityResultInitializer) Done materializing entityInstance : com.example.model.MedicalRecord(99441187504400)#1
2025-05-02 12:15:01 [main] DEBUG org.hibernate.orm.results.loading - Calling top-level assembler (0 / 1) : org.hibernate.sql.results.graph.entity.internal.EntityAssembler@2e856aa4
2025-05-02 12:15:01 [main] DEBUG o.h.j.i.PersistenceUnitUtilImpl - jakarta.persistence.PersistenceUnitUtil.getIdentifier is only intended to work with enhanced entities (although Hibernate also adapts this support to its proxies); however the passed entity was not enhanced (nor a proxy).. may not be able to read identifier
2025-05-02 12:15:01 [main] DEBUG o.h.j.i.PersistenceUnitUtilImpl - jakarta.persistence.PersistenceUnitUtil.getIdentifier is only intended to work with enhanced entities (although Hibernate also adapts this support to its proxies); however the passed entity was not enhanced (nor a proxy).. may not be able to read identifier
2025-05-02 12:15:01 [main] DEBUG o.h.e.t.internal.TransactionImpl - committing
2025-05-02 12:15:01 [main] DEBUG o.h.e.i.AbstractFlushingEventListener - Processing flush-time cascades
2025-05-02 12:15:01 [main] DEBUG o.h.e.i.AbstractFlushingEventListener - Dirty checking collections
2025-05-02 12:15:01 [main] DEBUG o.h.e.i.AbstractFlushingEventListener - Flushed: 0 insertions, 0 updates, 1 deletions to 1 objects
2025-05-02 12:15:01 [main] DEBUG o.h.e.i.AbstractFlushingEventListener - Flushed: 0 (re)creations, 0 updates, 0 removals to 0 collections
2025-05-02 12:15:01 [main] DEBUG o.h.internal.util.EntityPrinter - Listing entities:
2025-05-02 12:15:01 [main] DEBUG o.h.internal.util.EntityPrinter - com.example.model.MedicalRecord{name=John Doe, id=1, medicalHistory=None, age=30}
2025-05-02 12:15:01 [main] DEBUG org.hibernate.SQL - delete from medical_record where id=?
Hibernate: delete from medical_record where id=?
2025-05-02 12:15:01 [main] DEBUG o.h.e.t.internal.TransactionImpl - On TransactionImpl creation, JpaCompliance#isJpaTransactionComplianceEnabled == false
2025-05-02 12:15:01 [main] DEBUG o.h.e.t.internal.TransactionImpl - begin
2025-05-02 12:15:01 [main] DEBUG o.h.j.i.PersistenceUnitUtilImpl - jakarta.persistence.PersistenceUnitUtil.getIdentifier is only intended to work with enhanced entities (although Hibernate also adapts this support to its proxies); however the passed entity was not enhanced (nor a proxy).. may not be able to read identifier
2025-05-02 12:15:01 [main] DEBUG o.hibernate.engine.spi.ActionQueue - Executing identity-insert immediately
2025-05-02 12:15:01 [main] DEBUG org.hibernate.SQL - insert into medical_record (age,medical_history,name,id) values (?,?,?,default)
Hibernate: insert into medical_record (age,medical_history,name,id) values (?,?,?,default)
2025-05-02 12:15:01 [main] DEBUG o.h.id.IdentifierGeneratorHelper - Natively generated identity (com.example.model.MedicalRecord) : 2
2025-05-02 12:15:01 [main] DEBUG o.h.e.t.internal.TransactionImpl - committing
2025-05-02 12:15:01 [main] DEBUG o.h.e.i.AbstractFlushingEventListener - Processing flush-time cascades
2025-05-02 12:15:01 [main] DEBUG o.h.e.i.AbstractFlushingEventListener - Dirty checking collections
2025-05-02 12:15:01 [main] DEBUG o.h.e.i.AbstractFlushingEventListener - Flushed: 0 insertions, 0 updates, 0 deletions to 1 objects
2025-05-02 12:15:01 [main] DEBUG o.h.e.i.AbstractFlushingEventListener - Flushed: 0 (re)creations, 0 updates, 0 removals to 0 collections
2025-05-02 12:15:01 [main] DEBUG o.h.internal.util.EntityPrinter - Listing entities:
2025-05-02 12:15:01 [main] DEBUG o.h.internal.util.EntityPrinter - com.example.model.MedicalRecord{name=John Doe, id=2, medicalHistory=None, age=30}
2025-05-02 12:15:01 [main] DEBUG o.s.s.w.c.HttpSessionSecurityContextRepository - Created HttpSession as SecurityContext is non-default
2025-05-02 12:15:01 [main] DEBUG o.s.s.w.c.HttpSessionSecurityContextRepository - Stored SecurityContextImpl [Authentication=UsernamePasswordAuthenticationToken [Principal=org.springframework.security.core.userdetails.User [Username=testuser, Password=[PROTECTED], Enabled=true, AccountNonExpired=true, CredentialsNonExpired=true, AccountNonLocked=true, Granted Authorities=[ROLE_USER]], Credentials=[PROTECTED], Authenticated=true, Details=null, Granted Authorities=[ROLE_USER]]] to HttpSession [org.springframework.mock.web.MockHttpSession@4dd56393]
2025-05-02 12:15:01 [main] DEBUG o.s.security.web.FilterChainProxy - Securing GET /api/medical-records
2025-05-02 12:15:01 [main] DEBUG o.s.s.w.c.HttpSessionSecurityContextRepository - Retrieved SecurityContextImpl [Authentication=UsernamePasswordAuthenticationToken [Principal=org.springframework.security.core.userdetails.User [Username=testuser, Password=[PROTECTED], Enabled=true, AccountNonExpired=true, CredentialsNonExpired=true, AccountNonLocked=true, Granted Authorities=[ROLE_USER]], Credentials=[PROTECTED], Authenticated=true, Details=null, Granted Authorities=[ROLE_USER]]]
2025-05-02 12:15:01 [main] DEBUG o.s.security.web.FilterChainProxy - Secured GET /api/medical-records
2025-05-02 12:15:01 [main] DEBUG o.s.w.s.m.m.a.RequestMappingHandlerMapping - Mapped to com.example.controller.MedicalRecordController#getAllRecords()
2025-05-02 12:15:01 [main] INFO  c.e.c.MedicalRecordController - User 'testuser' requested all medical records
2025-05-02 12:15:01 [main] DEBUG c.e.service.MedicalRecordService - Fetching all medical records from repository
2025-05-02 12:15:01 [main] DEBUG o.h.e.t.internal.TransactionImpl - On TransactionImpl creation, JpaCompliance#isJpaTransactionComplianceEnabled == false
2025-05-02 12:15:01 [main] DEBUG o.h.e.t.internal.TransactionImpl - begin
2025-05-02 12:15:01 [main] DEBUG o.h.j.i.PersistenceUnitUtilImpl - jakarta.persistence.PersistenceUnitUtil.getIdentifier is only intended to work with enhanced entities (although Hibernate also adapts this support to its proxies); however the passed entity was not enhanced (nor a proxy).. may not be able to read identifier
2025-05-02 12:15:01 [main] DEBUG o.hibernate.engine.spi.ActionQueue - Executing identity-insert immediately
2025-05-02 12:15:01 [main] DEBUG org.hibernate.SQL - insert into audit_log (action,details,timestamp,username,id) values (?,?,?,?,default)
Hibernate: insert into audit_log (action,details,timestamp,username,id) values (?,?,?,?,default)
2025-05-02 12:15:01 [main] DEBUG o.h.id.IdentifierGeneratorHelper - Natively generated identity (com.example.model.AuditLog) : 2
2025-05-02 12:15:01 [main] DEBUG o.h.e.t.internal.TransactionImpl - committing
2025-05-02 12:15:01 [main] DEBUG o.h.e.i.AbstractFlushingEventListener - Processing flush-time cascades
2025-05-02 12:15:01 [main] DEBUG o.h.e.i.AbstractFlushingEventListener - Dirty checking collections
2025-05-02 12:15:01 [main] DEBUG o.h.e.i.AbstractFlushingEventListener - Flushed: 0 insertions, 0 updates, 0 deletions to 1 objects
2025-05-02 12:15:01 [main] DEBUG o.h.e.i.AbstractFlushingEventListener - Flushed: 0 (re)creations, 0 updates, 0 removals to 0 collections
2025-05-02 12:15:01 [main] DEBUG o.h.internal.util.EntityPrinter - Listing entities:
2025-05-02 12:15:01 [main] DEBUG o.h.internal.util.EntityPrinter - com.example.model.AuditLog{action=GET_ALL, details=Fetched all records, id=2, timestamp=2025-05-02T12:15:01.548417100, username=testuser}
2025-05-02 12:15:01 [main] DEBUG o.h.e.t.internal.TransactionImpl - begin
2025-05-02 12:15:01 [main] DEBUG org.hibernate.orm.sql.ast.create - Created new SQL alias : mr1_0
2025-05-02 12:15:01 [main] DEBUG org.hibernate.orm.sql.ast.create - Registration of TableGroup [StandardTableGroup(com.example.model.MedicalRecord(99441215619200))] with identifierForTableGroup [com.example.model.MedicalRecord] for NavigablePath [com.example.model.MedicalRecord] 
2025-05-02 12:15:01 [main] DEBUG org.hibernate.orm.results.graph.AST - DomainResult Graph:
 \-EntityResultImpl [com.example.model.MedicalRecord(99441215619200)]
 |  +-BasicFetch [com.example.model.MedicalRecord(99441215619200).age]
 |  +-BasicFetch [com.example.model.MedicalRecord(99441215619200).medicalHistory]
 |  \-BasicFetch [com.example.model.MedicalRecord(99441215619200).name]

2025-05-02 12:15:01 [main] DEBUG org.hibernate.orm.sql.ast.tree - SQL AST Tree:
    SelectStatement {
      FromClause {
        StandardTableGroup (mr1 : com.example.model.MedicalRecord(99441215619200)) {
          primaryTableReference : medical_record as mr1_0
        }
      }
    }

2025-05-02 12:15:01 [main] DEBUG org.hibernate.orm.sql.exec - Skipping reading Query result cache data: cache-enabled = false, cache-mode = NORMAL
2025-05-02 12:15:01 [main] DEBUG org.hibernate.orm.results - Initializer list:
	  com.example.model.MedicalRecord(99441215619200) -> EntityResultInitializer(com.example.model.MedicalRecord(99441215619200))@2109044070 (SingleTableEntityPersister(com.example.model.MedicalRecord))

2025-05-02 12:15:01 [main] DEBUG org.hibernate.SQL - select mr1_0.id,mr1_0.age,mr1_0.medical_history,mr1_0.name from medical_record mr1_0
Hibernate: select mr1_0.id,mr1_0.age,mr1_0.medical_history,mr1_0.name from medical_record mr1_0
2025-05-02 12:15:01 [main] DEBUG org.hibernate.orm.results - Extracted JDBC value [0] - [2]
2025-05-02 12:15:01 [main] DEBUG o.h.orm.results.loading.entity - (EntityResultInitializer) Hydrated EntityKey (com.example.model.MedicalRecord(99441215619200)): 2
2025-05-02 12:15:01 [main] DEBUG o.h.orm.results.loading.entity - (EntityResultInitializer) Created new entity instance [com.example.model.MedicalRecord(99441215619200)#2] : 382331995
2025-05-02 12:15:01 [main] DEBUG org.hibernate.orm.results - Extracted JDBC value [1] - [30]
2025-05-02 12:15:01 [main] DEBUG org.hibernate.orm.results - Extracted JDBC value [2] - [None]
2025-05-02 12:15:01 [main] DEBUG org.hibernate.orm.results - Extracted JDBC value [3] - [John Doe]
2025-05-02 12:15:01 [main] DEBUG o.h.orm.results.loading.entity - (EntityResultInitializer) Done materializing entityInstance : com.example.model.MedicalRecord(99441215619200)#2
2025-05-02 12:15:01 [main] DEBUG org.hibernate.orm.results.loading - Calling top-level assembler (0 / 1) : org.hibernate.sql.results.graph.entity.internal.EntityAssembler@4001a5a1
2025-05-02 12:15:01 [main] DEBUG o.h.e.t.internal.TransactionImpl - committing
2025-05-02 12:15:01 [main] DEBUG o.s.w.s.m.m.a.RequestResponseBodyMethodProcessor - Using 'application/json', given [*/*] and supported [application/json, application/*+json]
2025-05-02 12:15:01 [main] DEBUG o.s.w.s.m.m.a.RequestResponseBodyMethodProcessor - Writing [[com.example.model.MedicalRecord@16c9ec5b]]
2025-05-02 12:15:01 [main] DEBUG c.j.j.internal.path.CompiledPath - Evaluating path: $
2025-05-02 12:15:01 [main] DEBUG c.j.j.internal.path.CompiledPath - Evaluating path: $[0]['name']
]]></system-out>
  </testcase>
  <testcase name="testUpdateRecord" classname="com.example.controller.MedicalRecordControllerIntegrationTest" time="0.636">
    <system-out><![CDATA[2025-05-02 12:15:01 [main] DEBUG o.h.e.t.internal.TransactionImpl - On TransactionImpl creation, JpaCompliance#isJpaTransactionComplianceEnabled == false
2025-05-02 12:15:01 [main] DEBUG o.h.e.t.internal.TransactionImpl - begin
2025-05-02 12:15:01 [main] DEBUG org.hibernate.orm.sql.ast.create - Created new SQL alias : mr1_0
2025-05-02 12:15:01 [main] DEBUG org.hibernate.orm.sql.ast.create - Registration of TableGroup [StandardTableGroup(com.example.model.MedicalRecord(99441243180000))] with identifierForTableGroup [com.example.model.MedicalRecord] for NavigablePath [com.example.model.MedicalRecord] 
2025-05-02 12:15:01 [main] DEBUG org.hibernate.orm.results.graph.AST - DomainResult Graph:
 \-EntityResultImpl [com.example.model.MedicalRecord(99441243180000)]
 |  +-BasicFetch [com.example.model.MedicalRecord(99441243180000).age]
 |  +-BasicFetch [com.example.model.MedicalRecord(99441243180000).medicalHistory]
 |  \-BasicFetch [com.example.model.MedicalRecord(99441243180000).name]

2025-05-02 12:15:01 [main] DEBUG org.hibernate.orm.sql.ast.tree - SQL AST Tree:
    SelectStatement {
      FromClause {
        StandardTableGroup (mr1 : com.example.model.MedicalRecord(99441243180000)) {
          primaryTableReference : medical_record as mr1_0
        }
      }
    }

2025-05-02 12:15:01 [main] DEBUG org.hibernate.orm.sql.exec - Skipping reading Query result cache data: cache-enabled = false, cache-mode = NORMAL
2025-05-02 12:15:01 [main] DEBUG org.hibernate.orm.results - Initializer list:
	  com.example.model.MedicalRecord(99441243180000) -> EntityResultInitializer(com.example.model.MedicalRecord(99441243180000))@377731514 (SingleTableEntityPersister(com.example.model.MedicalRecord))

2025-05-02 12:15:01 [main] DEBUG org.hibernate.SQL - select mr1_0.id,mr1_0.age,mr1_0.medical_history,mr1_0.name from medical_record mr1_0
Hibernate: select mr1_0.id,mr1_0.age,mr1_0.medical_history,mr1_0.name from medical_record mr1_0
2025-05-02 12:15:01 [main] DEBUG org.hibernate.orm.results - Extracted JDBC value [0] - [2]
2025-05-02 12:15:01 [main] DEBUG o.h.orm.results.loading.entity - (EntityResultInitializer) Hydrated EntityKey (com.example.model.MedicalRecord(99441243180000)): 2
2025-05-02 12:15:01 [main] DEBUG o.h.orm.results.loading.entity - (EntityResultInitializer) Created new entity instance [com.example.model.MedicalRecord(99441243180000)#2] : 1392046075
2025-05-02 12:15:01 [main] DEBUG org.hibernate.orm.results - Extracted JDBC value [1] - [30]
2025-05-02 12:15:01 [main] DEBUG org.hibernate.orm.results - Extracted JDBC value [2] - [None]
2025-05-02 12:15:01 [main] DEBUG org.hibernate.orm.results - Extracted JDBC value [3] - [John Doe]
2025-05-02 12:15:01 [main] DEBUG o.h.orm.results.loading.entity - (EntityResultInitializer) Done materializing entityInstance : com.example.model.MedicalRecord(99441243180000)#2
2025-05-02 12:15:01 [main] DEBUG org.hibernate.orm.results.loading - Calling top-level assembler (0 / 1) : org.hibernate.sql.results.graph.entity.internal.EntityAssembler@59bdd277
2025-05-02 12:15:01 [main] DEBUG o.h.j.i.PersistenceUnitUtilImpl - jakarta.persistence.PersistenceUnitUtil.getIdentifier is only intended to work with enhanced entities (although Hibernate also adapts this support to its proxies); however the passed entity was not enhanced (nor a proxy).. may not be able to read identifier
2025-05-02 12:15:01 [main] DEBUG o.h.j.i.PersistenceUnitUtilImpl - jakarta.persistence.PersistenceUnitUtil.getIdentifier is only intended to work with enhanced entities (although Hibernate also adapts this support to its proxies); however the passed entity was not enhanced (nor a proxy).. may not be able to read identifier
2025-05-02 12:15:01 [main] DEBUG o.h.e.t.internal.TransactionImpl - committing
2025-05-02 12:15:01 [main] DEBUG o.h.e.i.AbstractFlushingEventListener - Processing flush-time cascades
2025-05-02 12:15:01 [main] DEBUG o.h.e.i.AbstractFlushingEventListener - Dirty checking collections
2025-05-02 12:15:01 [main] DEBUG o.h.e.i.AbstractFlushingEventListener - Flushed: 0 insertions, 0 updates, 1 deletions to 1 objects
2025-05-02 12:15:01 [main] DEBUG o.h.e.i.AbstractFlushingEventListener - Flushed: 0 (re)creations, 0 updates, 0 removals to 0 collections
2025-05-02 12:15:01 [main] DEBUG o.h.internal.util.EntityPrinter - Listing entities:
2025-05-02 12:15:01 [main] DEBUG o.h.internal.util.EntityPrinter - com.example.model.MedicalRecord{name=John Doe, id=2, medicalHistory=None, age=30}
2025-05-02 12:15:01 [main] DEBUG org.hibernate.SQL - delete from medical_record where id=?
Hibernate: delete from medical_record where id=?
2025-05-02 12:15:01 [main] DEBUG o.h.e.t.internal.TransactionImpl - On TransactionImpl creation, JpaCompliance#isJpaTransactionComplianceEnabled == false
2025-05-02 12:15:01 [main] DEBUG o.h.e.t.internal.TransactionImpl - begin
2025-05-02 12:15:01 [main] DEBUG o.h.j.i.PersistenceUnitUtilImpl - jakarta.persistence.PersistenceUnitUtil.getIdentifier is only intended to work with enhanced entities (although Hibernate also adapts this support to its proxies); however the passed entity was not enhanced (nor a proxy).. may not be able to read identifier
2025-05-02 12:15:01 [main] DEBUG o.hibernate.engine.spi.ActionQueue - Executing identity-insert immediately
2025-05-02 12:15:01 [main] DEBUG org.hibernate.SQL - insert into medical_record (age,medical_history,name,id) values (?,?,?,default)
Hibernate: insert into medical_record (age,medical_history,name,id) values (?,?,?,default)
2025-05-02 12:15:01 [main] DEBUG o.h.id.IdentifierGeneratorHelper - Natively generated identity (com.example.model.MedicalRecord) : 3
2025-05-02 12:15:01 [main] DEBUG o.h.e.t.internal.TransactionImpl - committing
2025-05-02 12:15:01 [main] DEBUG o.h.e.i.AbstractFlushingEventListener - Processing flush-time cascades
2025-05-02 12:15:01 [main] DEBUG o.h.e.i.AbstractFlushingEventListener - Dirty checking collections
2025-05-02 12:15:01 [main] DEBUG o.h.e.i.AbstractFlushingEventListener - Flushed: 0 insertions, 0 updates, 0 deletions to 1 objects
2025-05-02 12:15:01 [main] DEBUG o.h.e.i.AbstractFlushingEventListener - Flushed: 0 (re)creations, 0 updates, 0 removals to 0 collections
2025-05-02 12:15:01 [main] DEBUG o.h.internal.util.EntityPrinter - Listing entities:
2025-05-02 12:15:01 [main] DEBUG o.h.internal.util.EntityPrinter - com.example.model.MedicalRecord{name=John Doe, id=3, medicalHistory=None, age=30}
2025-05-02 12:15:01 [main] DEBUG o.h.e.t.internal.TransactionImpl - On TransactionImpl creation, JpaCompliance#isJpaTransactionComplianceEnabled == false
2025-05-02 12:15:01 [main] DEBUG o.h.e.t.internal.TransactionImpl - begin
2025-05-02 12:15:01 [main] DEBUG org.hibernate.orm.sql.ast.create - Created new SQL alias : mr1_0
2025-05-02 12:15:01 [main] DEBUG org.hibernate.orm.sql.ast.create - Registration of TableGroup [StandardTableGroup(com.example.model.MedicalRecord(99441254719200))] with identifierForTableGroup [com.example.model.MedicalRecord] for NavigablePath [com.example.model.MedicalRecord] 
2025-05-02 12:15:01 [main] DEBUG org.hibernate.orm.results.graph.AST - DomainResult Graph:
 \-EntityResultImpl [com.example.model.MedicalRecord(99441254719200)]
 |  +-BasicFetch [com.example.model.MedicalRecord(99441254719200).age]
 |  +-BasicFetch [com.example.model.MedicalRecord(99441254719200).medicalHistory]
 |  \-BasicFetch [com.example.model.MedicalRecord(99441254719200).name]

2025-05-02 12:15:01 [main] DEBUG org.hibernate.orm.sql.ast.tree - SQL AST Tree:
    SelectStatement {
      FromClause {
        StandardTableGroup (mr1 : com.example.model.MedicalRecord(99441254719200)) {
          primaryTableReference : medical_record as mr1_0
        }
      }
    }

2025-05-02 12:15:01 [main] DEBUG org.hibernate.orm.sql.exec - Skipping reading Query result cache data: cache-enabled = false, cache-mode = NORMAL
2025-05-02 12:15:01 [main] DEBUG org.hibernate.orm.results - Initializer list:
	  com.example.model.MedicalRecord(99441254719200) -> EntityResultInitializer(com.example.model.MedicalRecord(99441254719200))@1620744559 (SingleTableEntityPersister(com.example.model.MedicalRecord))

2025-05-02 12:15:01 [main] DEBUG org.hibernate.SQL - select mr1_0.id,mr1_0.age,mr1_0.medical_history,mr1_0.name from medical_record mr1_0
Hibernate: select mr1_0.id,mr1_0.age,mr1_0.medical_history,mr1_0.name from medical_record mr1_0
2025-05-02 12:15:01 [main] DEBUG org.hibernate.orm.results - Extracted JDBC value [0] - [3]
2025-05-02 12:15:01 [main] DEBUG o.h.orm.results.loading.entity - (EntityResultInitializer) Hydrated EntityKey (com.example.model.MedicalRecord(99441254719200)): 3
2025-05-02 12:15:01 [main] DEBUG o.h.orm.results.loading.entity - (EntityResultInitializer) Created new entity instance [com.example.model.MedicalRecord(99441254719200)#3] : 711850930
2025-05-02 12:15:01 [main] DEBUG org.hibernate.orm.results - Extracted JDBC value [1] - [30]
2025-05-02 12:15:01 [main] DEBUG org.hibernate.orm.results - Extracted JDBC value [2] - [None]
2025-05-02 12:15:01 [main] DEBUG org.hibernate.orm.results - Extracted JDBC value [3] - [John Doe]
2025-05-02 12:15:01 [main] DEBUG o.h.orm.results.loading.entity - (EntityResultInitializer) Done materializing entityInstance : com.example.model.MedicalRecord(99441254719200)#3
2025-05-02 12:15:01 [main] DEBUG org.hibernate.orm.results.loading - Calling top-level assembler (0 / 1) : org.hibernate.sql.results.graph.entity.internal.EntityAssembler@1e085e71
2025-05-02 12:15:01 [main] DEBUG o.h.e.t.internal.TransactionImpl - committing
2025-05-02 12:15:01 [main] DEBUG o.s.s.w.c.HttpSessionSecurityContextRepository - Created HttpSession as SecurityContext is non-default
2025-05-02 12:15:01 [main] DEBUG o.s.s.w.c.HttpSessionSecurityContextRepository - Stored SecurityContextImpl [Authentication=UsernamePasswordAuthenticationToken [Principal=org.springframework.security.core.userdetails.User [Username=testuser, Password=[PROTECTED], Enabled=true, AccountNonExpired=true, CredentialsNonExpired=true, AccountNonLocked=true, Granted Authorities=[ROLE_USER]], Credentials=[PROTECTED], Authenticated=true, Details=null, Granted Authorities=[ROLE_USER]]] to HttpSession [org.springframework.mock.web.MockHttpSession@3dab9366]
2025-05-02 12:15:01 [main] DEBUG o.s.security.web.FilterChainProxy - Securing PUT /api/medical-records/3
2025-05-02 12:15:01 [main] DEBUG o.s.s.w.c.HttpSessionSecurityContextRepository - Retrieved SecurityContextImpl [Authentication=UsernamePasswordAuthenticationToken [Principal=org.springframework.security.core.userdetails.User [Username=testuser, Password=[PROTECTED], Enabled=true, AccountNonExpired=true, CredentialsNonExpired=true, AccountNonLocked=true, Granted Authorities=[ROLE_USER]], Credentials=[PROTECTED], Authenticated=true, Details=null, Granted Authorities=[ROLE_USER]]]
2025-05-02 12:15:01 [main] DEBUG o.s.security.web.FilterChainProxy - Secured PUT /api/medical-records/3
2025-05-02 12:15:01 [main] DEBUG o.s.w.s.m.m.a.RequestMappingHandlerMapping - Mapped to com.example.controller.MedicalRecordController#updateRecord(Long, MedicalRecord)
2025-05-02 12:15:01 [main] DEBUG o.s.w.s.m.m.a.RequestResponseBodyMethodProcessor - Read "application/json;charset=UTF-8" to [com.example.model.MedicalRecord@7b2a6ed3]
2025-05-02 12:15:01 [main] INFO  c.e.c.MedicalRecordController - User 'testuser' is updating medical record ID=3: com.example.model.MedicalRecord@7b2a6ed3
2025-05-02 12:15:01 [main] DEBUG o.h.e.t.internal.TransactionImpl - On TransactionImpl creation, JpaCompliance#isJpaTransactionComplianceEnabled == false
2025-05-02 12:15:01 [main] DEBUG o.h.e.t.internal.TransactionImpl - begin
2025-05-02 12:15:01 [main] DEBUG org.hibernate.orm.query.hql - HQL : select count(*) from MedicalRecord x WHERE x.id = :id
2025-05-02 12:15:02 [main] DEBUG o.h.o.q.hql.reservedWordAsIdentifier - Encountered use of reserved word as identifier : (
2025-05-02 12:15:02 [main] DEBUG o.h.o.q.hql.reservedWordAsIdentifier - Encountered use of reserved word as identifier : =
2025-05-02 12:15:02 [main] DEBUG o.h.o.q.hql.reservedWordAsIdentifier - Encountered use of reserved word as identifier : <EOF>
2025-05-02 12:15:02 [main] DEBUG o.hibernate.orm.query.sqm.creation - Applying inferable type to SqmExpression [SqmNamedParameter(id)] : null -> SqmBasicValuedSimplePath(com.example.model.MedicalRecord(x).id)
2025-05-02 12:15:02 [main] DEBUG org.hibernate.orm.query.sqm.ast - SqmStatement Tree :
    -> [select]
      -> [query-spec]
        -> [select]
          -> [selection]
          <- [selection]
        <- [select]
        -> [from]
          -> [root] - `com.example.model.MedicalRecord(x)`
          <- [root] - `com.example.model.MedicalRecord(x)`
        <- [from]
        -> [where]
          -> [EQUAL]
              -> [basic-path] - `com.example.model.MedicalRecord(x).id`
              :id
          <- [EQUAL]
        <- [where]
      <- [query-spec]
    <- [select]

2025-05-02 12:15:02 [main] DEBUG org.hibernate.orm.sql.ast.create - Created new SQL alias : mr1_0
2025-05-02 12:15:02 [main] DEBUG org.hibernate.orm.sql.ast.create - Registration of TableGroup [StandardTableGroup(com.example.model.MedicalRecord(x))] with identifierForTableGroup [com.example.model.MedicalRecord] for NavigablePath [com.example.model.MedicalRecord] 
2025-05-02 12:15:02 [main] DEBUG o.h.q.s.sql.BaseSqmToSqlAstConverter - Determining mapping-model type for SqmParameter : SqmNamedParameter(id)
2025-05-02 12:15:02 [main] DEBUG o.h.q.s.sql.BaseSqmToSqlAstConverter - Determining mapping-model type for SqmPath : SqmBasicValuedSimplePath(com.example.model.MedicalRecord(x).id) 
2025-05-02 12:15:02 [main] DEBUG org.hibernate.orm.results.graph.AST - DomainResult Graph:
 \-BasicResult

2025-05-02 12:15:02 [main] DEBUG org.hibernate.orm.sql.ast.tree - SQL AST Tree:
    SelectStatement {
      FromClause {
        StandardTableGroup (mr1 : com.example.model.MedicalRecord(x)) {
          primaryTableReference : medical_record as mr1_0
        }
      }
    }

2025-05-02 12:15:02 [main] DEBUG org.hibernate.orm.sql.exec - Skipping reading Query result cache data: cache-enabled = false, cache-mode = NORMAL
2025-05-02 12:15:02 [main] DEBUG org.hibernate.orm.results - Initializer list is empty
2025-05-02 12:15:02 [main] DEBUG org.hibernate.SQL - select count(*) from medical_record mr1_0 where mr1_0.id=?
Hibernate: select count(*) from medical_record mr1_0 where mr1_0.id=?
2025-05-02 12:15:02 [main] DEBUG org.hibernate.orm.results.loading - Calling top-level assembler (0 / 1) : org.hibernate.sql.results.graph.basic.BasicResultAssembler@78b906d
2025-05-02 12:15:02 [main] DEBUG org.hibernate.orm.results - Extracted JDBC value [0] - [1]
2025-05-02 12:15:02 [main] DEBUG o.h.e.t.internal.TransactionImpl - committing
2025-05-02 12:15:02 [main] DEBUG c.e.service.MedicalRecordService - Updating medical record ID=3: com.example.model.MedicalRecord@7b2a6ed3
2025-05-02 12:15:02 [main] DEBUG o.h.e.t.internal.TransactionImpl - begin
2025-05-02 12:15:02 [main] DEBUG o.h.j.i.PersistenceUnitUtilImpl - jakarta.persistence.PersistenceUnitUtil.getIdentifier is only intended to work with enhanced entities (although Hibernate also adapts this support to its proxies); however the passed entity was not enhanced (nor a proxy).. may not be able to read identifier
2025-05-02 12:15:02 [main] DEBUG o.hibernate.engine.spi.ActionQueue - Executing identity-insert immediately
2025-05-02 12:15:02 [main] DEBUG org.hibernate.SQL - insert into audit_log (action,details,timestamp,username,id) values (?,?,?,?,default)
Hibernate: insert into audit_log (action,details,timestamp,username,id) values (?,?,?,?,default)
2025-05-02 12:15:02 [main] DEBUG o.h.id.IdentifierGeneratorHelper - Natively generated identity (com.example.model.AuditLog) : 3
2025-05-02 12:15:02 [main] DEBUG o.h.e.t.internal.TransactionImpl - committing
2025-05-02 12:15:02 [main] DEBUG o.h.e.i.AbstractFlushingEventListener - Processing flush-time cascades
2025-05-02 12:15:02 [main] DEBUG o.h.e.i.AbstractFlushingEventListener - Dirty checking collections
2025-05-02 12:15:02 [main] DEBUG o.h.e.i.AbstractFlushingEventListener - Flushed: 0 insertions, 0 updates, 0 deletions to 1 objects
2025-05-02 12:15:02 [main] DEBUG o.h.e.i.AbstractFlushingEventListener - Flushed: 0 (re)creations, 0 updates, 0 removals to 0 collections
2025-05-02 12:15:02 [main] DEBUG o.h.internal.util.EntityPrinter - Listing entities:
2025-05-02 12:15:02 [main] DEBUG o.h.internal.util.EntityPrinter - com.example.model.AuditLog{action=UPDATE, details=Updated record id=3: com.example.model.MedicalRecord@7b2a6ed3, id=3, timestamp=2025-05-02T12:15:02.167418200, username=testuser}
2025-05-02 12:15:02 [main] DEBUG o.h.e.t.internal.TransactionImpl - begin
2025-05-02 12:15:02 [main] DEBUG o.h.j.i.PersistenceUnitUtilImpl - jakarta.persistence.PersistenceUnitUtil.getIdentifier is only intended to work with enhanced entities (although Hibernate also adapts this support to its proxies); however the passed entity was not enhanced (nor a proxy).. may not be able to read identifier
2025-05-02 12:15:02 [main] DEBUG org.hibernate.orm.sql.ast.create - Created new SQL alias : mr1_0
2025-05-02 12:15:02 [main] DEBUG org.hibernate.orm.sql.ast.create - Registration of TableGroup [StandardTableGroup(com.example.model.MedicalRecord)] with identifierForTableGroup [com.example.model.MedicalRecord] for NavigablePath [com.example.model.MedicalRecord] 
2025-05-02 12:15:02 [main] DEBUG org.hibernate.orm.results.graph.AST - DomainResult Graph:
 \-EntityResultImpl [com.example.model.MedicalRecord]
 |  +-BasicFetch [com.example.model.MedicalRecord.age]
 |  +-BasicFetch [com.example.model.MedicalRecord.medicalHistory]
 |  \-BasicFetch [com.example.model.MedicalRecord.name]

2025-05-02 12:15:02 [main] DEBUG org.hibernate.orm.sql.ast.tree - SQL AST Tree:
    SelectStatement {
      FromClause {
        StandardTableGroup (mr1 : com.example.model.MedicalRecord) {
          primaryTableReference : medical_record as mr1_0
        }
      }
    }

2025-05-02 12:15:02 [main] DEBUG org.hibernate.orm.sql.exec - Skipping reading Query result cache data: cache-enabled = false, cache-mode = IGNORE
2025-05-02 12:15:02 [main] DEBUG org.hibernate.orm.results - Initializer list:
	  com.example.model.MedicalRecord -> EntityResultInitializer(com.example.model.MedicalRecord)@620532131 (SingleTableEntityPersister(com.example.model.MedicalRecord))

2025-05-02 12:15:02 [main] DEBUG org.hibernate.SQL - select mr1_0.id,mr1_0.age,mr1_0.medical_history,mr1_0.name from medical_record mr1_0 where mr1_0.id=?
Hibernate: select mr1_0.id,mr1_0.age,mr1_0.medical_history,mr1_0.name from medical_record mr1_0 where mr1_0.id=?
2025-05-02 12:15:02 [main] DEBUG o.h.orm.results.loading.entity - (EntityResultInitializer) Hydrated EntityKey (com.example.model.MedicalRecord): 3
2025-05-02 12:15:02 [main] DEBUG o.h.orm.results.loading.entity - (EntityResultInitializer) Created new entity instance [com.example.model.MedicalRecord#3] : 1951478670
2025-05-02 12:15:02 [main] DEBUG org.hibernate.orm.results - Extracted JDBC value [1] - [30]
2025-05-02 12:15:02 [main] DEBUG org.hibernate.orm.results - Extracted JDBC value [2] - [None]
2025-05-02 12:15:02 [main] DEBUG org.hibernate.orm.results - Extracted JDBC value [3] - [John Doe]
2025-05-02 12:15:02 [main] DEBUG o.h.orm.results.loading.entity - (EntityResultInitializer) Done materializing entityInstance : com.example.model.MedicalRecord#3
2025-05-02 12:15:02 [main] DEBUG org.hibernate.orm.results.loading - Calling top-level assembler (0 / 1) : org.hibernate.sql.results.graph.entity.internal.EntityAssembler@34e0d52e
2025-05-02 12:15:02 [main] DEBUG o.h.e.t.internal.TransactionImpl - committing
2025-05-02 12:15:02 [main] DEBUG o.h.e.i.AbstractFlushingEventListener - Processing flush-time cascades
2025-05-02 12:15:02 [main] DEBUG o.h.e.i.AbstractFlushingEventListener - Dirty checking collections
2025-05-02 12:15:02 [main] DEBUG o.h.e.i.AbstractFlushingEventListener - Flushed: 0 insertions, 1 updates, 0 deletions to 2 objects
2025-05-02 12:15:02 [main] DEBUG o.h.e.i.AbstractFlushingEventListener - Flushed: 0 (re)creations, 0 updates, 0 removals to 0 collections
2025-05-02 12:15:02 [main] DEBUG o.h.internal.util.EntityPrinter - Listing entities:
2025-05-02 12:15:02 [main] DEBUG o.h.internal.util.EntityPrinter - com.example.model.MedicalRecord{name=John Updated, id=3, medicalHistory=Updated History, age=35}
2025-05-02 12:15:02 [main] DEBUG o.h.internal.util.EntityPrinter - com.example.model.AuditLog{action=UPDATE, details=Updated record id=3: com.example.model.MedicalRecord@7b2a6ed3, id=3, timestamp=2025-05-02T12:15:02.167418200, username=testuser}
2025-05-02 12:15:02 [main] DEBUG org.hibernate.SQL - update medical_record set age=?,medical_history=?,name=? where id=?
Hibernate: update medical_record set age=?,medical_history=?,name=? where id=?
2025-05-02 12:15:02 [main] DEBUG o.s.w.s.m.m.a.RequestResponseBodyMethodProcessor - Using 'application/json', given [*/*] and supported [application/json, application/*+json]
2025-05-02 12:15:02 [main] DEBUG o.s.w.s.m.m.a.RequestResponseBodyMethodProcessor - Writing [com.example.model.MedicalRecord@7451338e]
2025-05-02 12:15:02 [main] DEBUG c.j.j.internal.path.CompiledPath - Evaluating path: $['name']
2025-05-02 12:15:02 [main] DEBUG o.h.e.t.internal.TransactionImpl - On TransactionImpl creation, JpaCompliance#isJpaTransactionComplianceEnabled == false
2025-05-02 12:15:02 [main] DEBUG o.h.e.t.internal.TransactionImpl - begin
2025-05-02 12:15:02 [main] DEBUG org.hibernate.orm.sql.exec - Skipping reading Query result cache data: cache-enabled = false, cache-mode = IGNORE
2025-05-02 12:15:02 [main] DEBUG org.hibernate.orm.results - Initializer list:
	  com.example.model.MedicalRecord -> EntityResultInitializer(com.example.model.MedicalRecord)@315924190 (SingleTableEntityPersister(com.example.model.MedicalRecord))

2025-05-02 12:15:02 [main] DEBUG org.hibernate.SQL - select mr1_0.id,mr1_0.age,mr1_0.medical_history,mr1_0.name from medical_record mr1_0 where mr1_0.id=?
Hibernate: select mr1_0.id,mr1_0.age,mr1_0.medical_history,mr1_0.name from medical_record mr1_0 where mr1_0.id=?
2025-05-02 12:15:02 [main] DEBUG o.h.orm.results.loading.entity - (EntityResultInitializer) Hydrated EntityKey (com.example.model.MedicalRecord): 3
2025-05-02 12:15:02 [main] DEBUG o.h.orm.results.loading.entity - (EntityResultInitializer) Created new entity instance [com.example.model.MedicalRecord#3] : 711327915
2025-05-02 12:15:02 [main] DEBUG org.hibernate.orm.results - Extracted JDBC value [1] - [35]
2025-05-02 12:15:02 [main] DEBUG org.hibernate.orm.results - Extracted JDBC value [2] - [Updated History]
2025-05-02 12:15:02 [main] DEBUG org.hibernate.orm.results - Extracted JDBC value [3] - [John Updated]
2025-05-02 12:15:02 [main] DEBUG o.h.orm.results.loading.entity - (EntityResultInitializer) Done materializing entityInstance : com.example.model.MedicalRecord#3
2025-05-02 12:15:02 [main] DEBUG org.hibernate.orm.results.loading - Calling top-level assembler (0 / 1) : org.hibernate.sql.results.graph.entity.internal.EntityAssembler@1c724957
2025-05-02 12:15:02 [main] DEBUG o.h.e.t.internal.TransactionImpl - committing
]]></system-out>
  </testcase>
  <testcase name="testDeleteRecord" classname="com.example.controller.MedicalRecordControllerIntegrationTest" time="0.04">
    <system-out><![CDATA[2025-05-02 12:15:02 [main] DEBUG o.h.e.t.internal.TransactionImpl - On TransactionImpl creation, JpaCompliance#isJpaTransactionComplianceEnabled == false
2025-05-02 12:15:02 [main] DEBUG o.h.e.t.internal.TransactionImpl - begin
2025-05-02 12:15:02 [main] DEBUG org.hibernate.orm.sql.ast.create - Created new SQL alias : mr1_0
2025-05-02 12:15:02 [main] DEBUG org.hibernate.orm.sql.ast.create - Registration of TableGroup [StandardTableGroup(com.example.model.MedicalRecord(99441881646800))] with identifierForTableGroup [com.example.model.MedicalRecord] for NavigablePath [com.example.model.MedicalRecord] 
2025-05-02 12:15:02 [main] DEBUG org.hibernate.orm.results.graph.AST - DomainResult Graph:
 \-EntityResultImpl [com.example.model.MedicalRecord(99441881646800)]
 |  +-BasicFetch [com.example.model.MedicalRecord(99441881646800).age]
 |  +-BasicFetch [com.example.model.MedicalRecord(99441881646800).medicalHistory]
 |  \-BasicFetch [com.example.model.MedicalRecord(99441881646800).name]

2025-05-02 12:15:02 [main] DEBUG org.hibernate.orm.sql.ast.tree - SQL AST Tree:
    SelectStatement {
      FromClause {
        StandardTableGroup (mr1 : com.example.model.MedicalRecord(99441881646800)) {
          primaryTableReference : medical_record as mr1_0
        }
      }
    }

2025-05-02 12:15:02 [main] DEBUG org.hibernate.orm.sql.exec - Skipping reading Query result cache data: cache-enabled = false, cache-mode = NORMAL
2025-05-02 12:15:02 [main] DEBUG org.hibernate.orm.results - Initializer list:
	  com.example.model.MedicalRecord(99441881646800) -> EntityResultInitializer(com.example.model.MedicalRecord(99441881646800))@713417972 (SingleTableEntityPersister(com.example.model.MedicalRecord))

2025-05-02 12:15:02 [main] DEBUG org.hibernate.SQL - select mr1_0.id,mr1_0.age,mr1_0.medical_history,mr1_0.name from medical_record mr1_0
Hibernate: select mr1_0.id,mr1_0.age,mr1_0.medical_history,mr1_0.name from medical_record mr1_0
2025-05-02 12:15:02 [main] DEBUG org.hibernate.orm.results - Extracted JDBC value [0] - [3]
2025-05-02 12:15:02 [main] DEBUG o.h.orm.results.loading.entity - (EntityResultInitializer) Hydrated EntityKey (com.example.model.MedicalRecord(99441881646800)): 3
2025-05-02 12:15:02 [main] DEBUG o.h.orm.results.loading.entity - (EntityResultInitializer) Created new entity instance [com.example.model.MedicalRecord(99441881646800)#3] : 1056461410
2025-05-02 12:15:02 [main] DEBUG org.hibernate.orm.results - Extracted JDBC value [1] - [35]
2025-05-02 12:15:02 [main] DEBUG org.hibernate.orm.results - Extracted JDBC value [2] - [Updated History]
2025-05-02 12:15:02 [main] DEBUG org.hibernate.orm.results - Extracted JDBC value [3] - [John Updated]
2025-05-02 12:15:02 [main] DEBUG o.h.orm.results.loading.entity - (EntityResultInitializer) Done materializing entityInstance : com.example.model.MedicalRecord(99441881646800)#3
2025-05-02 12:15:02 [main] DEBUG org.hibernate.orm.results.loading - Calling top-level assembler (0 / 1) : org.hibernate.sql.results.graph.entity.internal.EntityAssembler@3b5fa30d
2025-05-02 12:15:02 [main] DEBUG o.h.j.i.PersistenceUnitUtilImpl - jakarta.persistence.PersistenceUnitUtil.getIdentifier is only intended to work with enhanced entities (although Hibernate also adapts this support to its proxies); however the passed entity was not enhanced (nor a proxy).. may not be able to read identifier
2025-05-02 12:15:02 [main] DEBUG o.h.j.i.PersistenceUnitUtilImpl - jakarta.persistence.PersistenceUnitUtil.getIdentifier is only intended to work with enhanced entities (although Hibernate also adapts this support to its proxies); however the passed entity was not enhanced (nor a proxy).. may not be able to read identifier
2025-05-02 12:15:02 [main] DEBUG o.h.e.t.internal.TransactionImpl - committing
2025-05-02 12:15:02 [main] DEBUG o.h.e.i.AbstractFlushingEventListener - Processing flush-time cascades
2025-05-02 12:15:02 [main] DEBUG o.h.e.i.AbstractFlushingEventListener - Dirty checking collections
2025-05-02 12:15:02 [main] DEBUG o.h.e.i.AbstractFlushingEventListener - Flushed: 0 insertions, 0 updates, 1 deletions to 1 objects
2025-05-02 12:15:02 [main] DEBUG o.h.e.i.AbstractFlushingEventListener - Flushed: 0 (re)creations, 0 updates, 0 removals to 0 collections
2025-05-02 12:15:02 [main] DEBUG o.h.internal.util.EntityPrinter - Listing entities:
2025-05-02 12:15:02 [main] DEBUG o.h.internal.util.EntityPrinter - com.example.model.MedicalRecord{name=John Updated, id=3, medicalHistory=Updated History, age=35}
2025-05-02 12:15:02 [main] DEBUG org.hibernate.SQL - delete from medical_record where id=?
Hibernate: delete from medical_record where id=?
2025-05-02 12:15:02 [main] DEBUG o.h.e.t.internal.TransactionImpl - On TransactionImpl creation, JpaCompliance#isJpaTransactionComplianceEnabled == false
2025-05-02 12:15:02 [main] DEBUG o.h.e.t.internal.TransactionImpl - begin
2025-05-02 12:15:02 [main] DEBUG o.h.j.i.PersistenceUnitUtilImpl - jakarta.persistence.PersistenceUnitUtil.getIdentifier is only intended to work with enhanced entities (although Hibernate also adapts this support to its proxies); however the passed entity was not enhanced (nor a proxy).. may not be able to read identifier
2025-05-02 12:15:02 [main] DEBUG o.hibernate.engine.spi.ActionQueue - Executing identity-insert immediately
2025-05-02 12:15:02 [main] DEBUG org.hibernate.SQL - insert into medical_record (age,medical_history,name,id) values (?,?,?,default)
Hibernate: insert into medical_record (age,medical_history,name,id) values (?,?,?,default)
2025-05-02 12:15:02 [main] DEBUG o.h.id.IdentifierGeneratorHelper - Natively generated identity (com.example.model.MedicalRecord) : 4
2025-05-02 12:15:02 [main] DEBUG o.h.e.t.internal.TransactionImpl - committing
2025-05-02 12:15:02 [main] DEBUG o.h.e.i.AbstractFlushingEventListener - Processing flush-time cascades
2025-05-02 12:15:02 [main] DEBUG o.h.e.i.AbstractFlushingEventListener - Dirty checking collections
2025-05-02 12:15:02 [main] DEBUG o.h.e.i.AbstractFlushingEventListener - Flushed: 0 insertions, 0 updates, 0 deletions to 1 objects
2025-05-02 12:15:02 [main] DEBUG o.h.e.i.AbstractFlushingEventListener - Flushed: 0 (re)creations, 0 updates, 0 removals to 0 collections
2025-05-02 12:15:02 [main] DEBUG o.h.internal.util.EntityPrinter - Listing entities:
2025-05-02 12:15:02 [main] DEBUG o.h.internal.util.EntityPrinter - com.example.model.MedicalRecord{name=John Doe, id=4, medicalHistory=None, age=30}
2025-05-02 12:15:02 [main] DEBUG o.h.e.t.internal.TransactionImpl - On TransactionImpl creation, JpaCompliance#isJpaTransactionComplianceEnabled == false
2025-05-02 12:15:02 [main] DEBUG o.h.e.t.internal.TransactionImpl - begin
2025-05-02 12:15:02 [main] DEBUG org.hibernate.orm.sql.ast.create - Created new SQL alias : mr1_0
2025-05-02 12:15:02 [main] DEBUG org.hibernate.orm.sql.ast.create - Registration of TableGroup [StandardTableGroup(com.example.model.MedicalRecord(99441890790300))] with identifierForTableGroup [com.example.model.MedicalRecord] for NavigablePath [com.example.model.MedicalRecord] 
2025-05-02 12:15:02 [main] DEBUG org.hibernate.orm.results.graph.AST - DomainResult Graph:
 \-EntityResultImpl [com.example.model.MedicalRecord(99441890790300)]
 |  +-BasicFetch [com.example.model.MedicalRecord(99441890790300).age]
 |  +-BasicFetch [com.example.model.MedicalRecord(99441890790300).medicalHistory]
 |  \-BasicFetch [com.example.model.MedicalRecord(99441890790300).name]

2025-05-02 12:15:02 [main] DEBUG org.hibernate.orm.sql.ast.tree - SQL AST Tree:
    SelectStatement {
      FromClause {
        StandardTableGroup (mr1 : com.example.model.MedicalRecord(99441890790300)) {
          primaryTableReference : medical_record as mr1_0
        }
      }
    }

2025-05-02 12:15:02 [main] DEBUG org.hibernate.orm.sql.exec - Skipping reading Query result cache data: cache-enabled = false, cache-mode = NORMAL
2025-05-02 12:15:02 [main] DEBUG org.hibernate.orm.results - Initializer list:
	  com.example.model.MedicalRecord(99441890790300) -> EntityResultInitializer(com.example.model.MedicalRecord(99441890790300))@30600223 (SingleTableEntityPersister(com.example.model.MedicalRecord))

2025-05-02 12:15:02 [main] DEBUG org.hibernate.SQL - select mr1_0.id,mr1_0.age,mr1_0.medical_history,mr1_0.name from medical_record mr1_0
Hibernate: select mr1_0.id,mr1_0.age,mr1_0.medical_history,mr1_0.name from medical_record mr1_0
2025-05-02 12:15:02 [main] DEBUG org.hibernate.orm.results - Extracted JDBC value [0] - [4]
2025-05-02 12:15:02 [main] DEBUG o.h.orm.results.loading.entity - (EntityResultInitializer) Hydrated EntityKey (com.example.model.MedicalRecord(99441890790300)): 4
2025-05-02 12:15:02 [main] DEBUG o.h.orm.results.loading.entity - (EntityResultInitializer) Created new entity instance [com.example.model.MedicalRecord(99441890790300)#4] : 1299777981
2025-05-02 12:15:02 [main] DEBUG org.hibernate.orm.results - Extracted JDBC value [1] - [30]
2025-05-02 12:15:02 [main] DEBUG org.hibernate.orm.results - Extracted JDBC value [2] - [None]
2025-05-02 12:15:02 [main] DEBUG org.hibernate.orm.results - Extracted JDBC value [3] - [John Doe]
2025-05-02 12:15:02 [main] DEBUG o.h.orm.results.loading.entity - (EntityResultInitializer) Done materializing entityInstance : com.example.model.MedicalRecord(99441890790300)#4
2025-05-02 12:15:02 [main] DEBUG org.hibernate.orm.results.loading - Calling top-level assembler (0 / 1) : org.hibernate.sql.results.graph.entity.internal.EntityAssembler@5bddb619
2025-05-02 12:15:02 [main] DEBUG o.h.e.t.internal.TransactionImpl - committing
2025-05-02 12:15:02 [main] DEBUG o.s.s.w.c.HttpSessionSecurityContextRepository - Created HttpSession as SecurityContext is non-default
2025-05-02 12:15:02 [main] DEBUG o.s.s.w.c.HttpSessionSecurityContextRepository - Stored SecurityContextImpl [Authentication=UsernamePasswordAuthenticationToken [Principal=org.springframework.security.core.userdetails.User [Username=testuser, Password=[PROTECTED], Enabled=true, AccountNonExpired=true, CredentialsNonExpired=true, AccountNonLocked=true, Granted Authorities=[ROLE_USER]], Credentials=[PROTECTED], Authenticated=true, Details=null, Granted Authorities=[ROLE_USER]]] to HttpSession [org.springframework.mock.web.MockHttpSession@b729651]
2025-05-02 12:15:02 [main] DEBUG o.s.security.web.FilterChainProxy - Securing DELETE /api/medical-records/4
2025-05-02 12:15:02 [main] DEBUG o.s.s.w.c.HttpSessionSecurityContextRepository - Retrieved SecurityContextImpl [Authentication=UsernamePasswordAuthenticationToken [Principal=org.springframework.security.core.userdetails.User [Username=testuser, Password=[PROTECTED], Enabled=true, AccountNonExpired=true, CredentialsNonExpired=true, AccountNonLocked=true, Granted Authorities=[ROLE_USER]], Credentials=[PROTECTED], Authenticated=true, Details=null, Granted Authorities=[ROLE_USER]]]
2025-05-02 12:15:02 [main] DEBUG o.s.security.web.FilterChainProxy - Secured DELETE /api/medical-records/4
2025-05-02 12:15:02 [main] DEBUG o.s.w.s.m.m.a.RequestMappingHandlerMapping - Mapped to com.example.controller.MedicalRecordController#deleteRecord(Long)
2025-05-02 12:15:02 [main] INFO  c.e.c.MedicalRecordController - User 'testuser' is deleting medical record ID=4
2025-05-02 12:15:02 [main] DEBUG c.e.service.MedicalRecordService - Deleting medical record ID=4
2025-05-02 12:15:02 [main] DEBUG o.h.e.t.internal.TransactionImpl - On TransactionImpl creation, JpaCompliance#isJpaTransactionComplianceEnabled == false
2025-05-02 12:15:02 [main] DEBUG o.h.e.t.internal.TransactionImpl - begin
2025-05-02 12:15:02 [main] DEBUG o.h.j.i.PersistenceUnitUtilImpl - jakarta.persistence.PersistenceUnitUtil.getIdentifier is only intended to work with enhanced entities (although Hibernate also adapts this support to its proxies); however the passed entity was not enhanced (nor a proxy).. may not be able to read identifier
2025-05-02 12:15:02 [main] DEBUG o.hibernate.engine.spi.ActionQueue - Executing identity-insert immediately
2025-05-02 12:15:02 [main] DEBUG org.hibernate.SQL - insert into audit_log (action,details,timestamp,username,id) values (?,?,?,?,default)
Hibernate: insert into audit_log (action,details,timestamp,username,id) values (?,?,?,?,default)
2025-05-02 12:15:02 [main] DEBUG o.h.id.IdentifierGeneratorHelper - Natively generated identity (com.example.model.AuditLog) : 4
2025-05-02 12:15:02 [main] DEBUG o.h.e.t.internal.TransactionImpl - committing
2025-05-02 12:15:02 [main] DEBUG o.h.e.i.AbstractFlushingEventListener - Processing flush-time cascades
2025-05-02 12:15:02 [main] DEBUG o.h.e.i.AbstractFlushingEventListener - Dirty checking collections
2025-05-02 12:15:02 [main] DEBUG o.h.e.i.AbstractFlushingEventListener - Flushed: 0 insertions, 0 updates, 0 deletions to 1 objects
2025-05-02 12:15:02 [main] DEBUG o.h.e.i.AbstractFlushingEventListener - Flushed: 0 (re)creations, 0 updates, 0 removals to 0 collections
2025-05-02 12:15:02 [main] DEBUG o.h.internal.util.EntityPrinter - Listing entities:
2025-05-02 12:15:02 [main] DEBUG o.h.internal.util.EntityPrinter - com.example.model.AuditLog{action=DELETE, details=Deleted record id=4, id=4, timestamp=2025-05-02T12:15:02.234421400, username=testuser}
2025-05-02 12:15:02 [main] DEBUG o.h.e.t.internal.TransactionImpl - begin
2025-05-02 12:15:02 [main] DEBUG org.hibernate.orm.sql.exec - Skipping reading Query result cache data: cache-enabled = false, cache-mode = IGNORE
2025-05-02 12:15:02 [main] DEBUG org.hibernate.orm.results - Initializer list:
	  com.example.model.MedicalRecord -> EntityResultInitializer(com.example.model.MedicalRecord)@19252291 (SingleTableEntityPersister(com.example.model.MedicalRecord))

2025-05-02 12:15:02 [main] DEBUG org.hibernate.SQL - select mr1_0.id,mr1_0.age,mr1_0.medical_history,mr1_0.name from medical_record mr1_0 where mr1_0.id=?
Hibernate: select mr1_0.id,mr1_0.age,mr1_0.medical_history,mr1_0.name from medical_record mr1_0 where mr1_0.id=?
2025-05-02 12:15:02 [main] DEBUG o.h.orm.results.loading.entity - (EntityResultInitializer) Hydrated EntityKey (com.example.model.MedicalRecord): 4
2025-05-02 12:15:02 [main] DEBUG o.h.orm.results.loading.entity - (EntityResultInitializer) Created new entity instance [com.example.model.MedicalRecord#4] : 1992420835
2025-05-02 12:15:02 [main] DEBUG org.hibernate.orm.results - Extracted JDBC value [1] - [30]
2025-05-02 12:15:02 [main] DEBUG org.hibernate.orm.results - Extracted JDBC value [2] - [None]
2025-05-02 12:15:02 [main] DEBUG org.hibernate.orm.results - Extracted JDBC value [3] - [John Doe]
2025-05-02 12:15:02 [main] DEBUG o.h.orm.results.loading.entity - (EntityResultInitializer) Done materializing entityInstance : com.example.model.MedicalRecord#4
2025-05-02 12:15:02 [main] DEBUG org.hibernate.orm.results.loading - Calling top-level assembler (0 / 1) : org.hibernate.sql.results.graph.entity.internal.EntityAssembler@59e938a4
2025-05-02 12:15:02 [main] DEBUG o.h.j.i.PersistenceUnitUtilImpl - jakarta.persistence.PersistenceUnitUtil.getIdentifier is only intended to work with enhanced entities (although Hibernate also adapts this support to its proxies); however the passed entity was not enhanced (nor a proxy).. may not be able to read identifier
2025-05-02 12:15:02 [main] DEBUG o.h.j.i.PersistenceUnitUtilImpl - jakarta.persistence.PersistenceUnitUtil.getIdentifier is only intended to work with enhanced entities (although Hibernate also adapts this support to its proxies); however the passed entity was not enhanced (nor a proxy).. may not be able to read identifier
2025-05-02 12:15:02 [main] DEBUG o.h.e.t.internal.TransactionImpl - committing
2025-05-02 12:15:02 [main] DEBUG o.h.e.i.AbstractFlushingEventListener - Processing flush-time cascades
2025-05-02 12:15:02 [main] DEBUG o.h.e.i.AbstractFlushingEventListener - Dirty checking collections
2025-05-02 12:15:02 [main] DEBUG o.h.e.i.AbstractFlushingEventListener - Flushed: 0 insertions, 0 updates, 1 deletions to 2 objects
2025-05-02 12:15:02 [main] DEBUG o.h.e.i.AbstractFlushingEventListener - Flushed: 0 (re)creations, 0 updates, 0 removals to 0 collections
2025-05-02 12:15:02 [main] DEBUG o.h.internal.util.EntityPrinter - Listing entities:
2025-05-02 12:15:02 [main] DEBUG o.h.internal.util.EntityPrinter - com.example.model.AuditLog{action=DELETE, details=Deleted record id=4, id=4, timestamp=2025-05-02T12:15:02.234421400, username=testuser}
2025-05-02 12:15:02 [main] DEBUG o.h.internal.util.EntityPrinter - com.example.model.MedicalRecord{name=John Doe, id=4, medicalHistory=None, age=30}
2025-05-02 12:15:02 [main] DEBUG org.hibernate.SQL - delete from medical_record where id=?
Hibernate: delete from medical_record where id=?
2025-05-02 12:15:02 [main] DEBUG o.s.w.s.m.m.a.RequestResponseBodyMethodProcessor - Using 'application/json', given [*/*] and supported [application/json, application/*+json]
2025-05-02 12:15:02 [main] DEBUG o.s.w.s.m.m.a.RequestResponseBodyMethodProcessor - Nothing to write: null body
2025-05-02 12:15:02 [main] DEBUG o.h.e.t.internal.TransactionImpl - On TransactionImpl creation, JpaCompliance#isJpaTransactionComplianceEnabled == false
2025-05-02 12:15:02 [main] DEBUG o.h.e.t.internal.TransactionImpl - begin
2025-05-02 12:15:02 [main] DEBUG org.hibernate.orm.sql.ast.create - Created new SQL alias : mr1_0
2025-05-02 12:15:02 [main] DEBUG org.hibernate.orm.sql.ast.create - Registration of TableGroup [StandardTableGroup(com.example.model.MedicalRecord(99441912328700))] with identifierForTableGroup [com.example.model.MedicalRecord] for NavigablePath [com.example.model.MedicalRecord] 
2025-05-02 12:15:02 [main] DEBUG org.hibernate.orm.results.graph.AST - DomainResult Graph:
 \-EntityResultImpl [com.example.model.MedicalRecord(99441912328700)]
 |  +-BasicFetch [com.example.model.MedicalRecord(99441912328700).age]
 |  +-BasicFetch [com.example.model.MedicalRecord(99441912328700).medicalHistory]
 |  \-BasicFetch [com.example.model.MedicalRecord(99441912328700).name]

2025-05-02 12:15:02 [main] DEBUG org.hibernate.orm.sql.ast.tree - SQL AST Tree:
    SelectStatement {
      FromClause {
        StandardTableGroup (mr1 : com.example.model.MedicalRecord(99441912328700)) {
          primaryTableReference : medical_record as mr1_0
        }
      }
    }

2025-05-02 12:15:02 [main] DEBUG org.hibernate.orm.sql.exec - Skipping reading Query result cache data: cache-enabled = false, cache-mode = NORMAL
2025-05-02 12:15:02 [main] DEBUG org.hibernate.orm.results - Initializer list:
	  com.example.model.MedicalRecord(99441912328700) -> EntityResultInitializer(com.example.model.MedicalRecord(99441912328700))@1876351111 (SingleTableEntityPersister(com.example.model.MedicalRecord))

2025-05-02 12:15:02 [main] DEBUG org.hibernate.SQL - select mr1_0.id,mr1_0.age,mr1_0.medical_history,mr1_0.name from medical_record mr1_0
Hibernate: select mr1_0.id,mr1_0.age,mr1_0.medical_history,mr1_0.name from medical_record mr1_0
2025-05-02 12:15:02 [main] DEBUG o.h.e.t.internal.TransactionImpl - committing
]]></system-out>
  </testcase>
  <testcase name="testAddRecord" classname="com.example.controller.MedicalRecordControllerIntegrationTest" time="0.034">
    <system-out><![CDATA[2025-05-02 12:15:02 [main] DEBUG o.h.e.t.internal.TransactionImpl - On TransactionImpl creation, JpaCompliance#isJpaTransactionComplianceEnabled == false
2025-05-02 12:15:02 [main] DEBUG o.h.e.t.internal.TransactionImpl - begin
2025-05-02 12:15:02 [main] DEBUG org.hibernate.orm.sql.ast.create - Created new SQL alias : mr1_0
2025-05-02 12:15:02 [main] DEBUG org.hibernate.orm.sql.ast.create - Registration of TableGroup [StandardTableGroup(com.example.model.MedicalRecord(99441925270000))] with identifierForTableGroup [com.example.model.MedicalRecord] for NavigablePath [com.example.model.MedicalRecord] 
2025-05-02 12:15:02 [main] DEBUG org.hibernate.orm.results.graph.AST - DomainResult Graph:
 \-EntityResultImpl [com.example.model.MedicalRecord(99441925270000)]
 |  +-BasicFetch [com.example.model.MedicalRecord(99441925270000).age]
 |  +-BasicFetch [com.example.model.MedicalRecord(99441925270000).medicalHistory]
 |  \-BasicFetch [com.example.model.MedicalRecord(99441925270000).name]

2025-05-02 12:15:02 [main] DEBUG org.hibernate.orm.sql.ast.tree - SQL AST Tree:
    SelectStatement {
      FromClause {
        StandardTableGroup (mr1 : com.example.model.MedicalRecord(99441925270000)) {
          primaryTableReference : medical_record as mr1_0
        }
      }
    }

2025-05-02 12:15:02 [main] DEBUG org.hibernate.orm.sql.exec - Skipping reading Query result cache data: cache-enabled = false, cache-mode = NORMAL
2025-05-02 12:15:02 [main] DEBUG org.hibernate.orm.results - Initializer list:
	  com.example.model.MedicalRecord(99441925270000) -> EntityResultInitializer(com.example.model.MedicalRecord(99441925270000))@1261956576 (SingleTableEntityPersister(com.example.model.MedicalRecord))

2025-05-02 12:15:02 [main] DEBUG org.hibernate.SQL - select mr1_0.id,mr1_0.age,mr1_0.medical_history,mr1_0.name from medical_record mr1_0
Hibernate: select mr1_0.id,mr1_0.age,mr1_0.medical_history,mr1_0.name from medical_record mr1_0
2025-05-02 12:15:02 [main] DEBUG o.h.e.t.internal.TransactionImpl - committing
2025-05-02 12:15:02 [main] DEBUG o.h.e.t.internal.TransactionImpl - On TransactionImpl creation, JpaCompliance#isJpaTransactionComplianceEnabled == false
2025-05-02 12:15:02 [main] DEBUG o.h.e.t.internal.TransactionImpl - begin
2025-05-02 12:15:02 [main] DEBUG o.h.j.i.PersistenceUnitUtilImpl - jakarta.persistence.PersistenceUnitUtil.getIdentifier is only intended to work with enhanced entities (although Hibernate also adapts this support to its proxies); however the passed entity was not enhanced (nor a proxy).. may not be able to read identifier
2025-05-02 12:15:02 [main] DEBUG o.hibernate.engine.spi.ActionQueue - Executing identity-insert immediately
2025-05-02 12:15:02 [main] DEBUG org.hibernate.SQL - insert into medical_record (age,medical_history,name,id) values (?,?,?,default)
Hibernate: insert into medical_record (age,medical_history,name,id) values (?,?,?,default)
2025-05-02 12:15:02 [main] DEBUG o.h.id.IdentifierGeneratorHelper - Natively generated identity (com.example.model.MedicalRecord) : 5
2025-05-02 12:15:02 [main] DEBUG o.h.e.t.internal.TransactionImpl - committing
2025-05-02 12:15:02 [main] DEBUG o.h.e.i.AbstractFlushingEventListener - Processing flush-time cascades
2025-05-02 12:15:02 [main] DEBUG o.h.e.i.AbstractFlushingEventListener - Dirty checking collections
2025-05-02 12:15:02 [main] DEBUG o.h.e.i.AbstractFlushingEventListener - Flushed: 0 insertions, 0 updates, 0 deletions to 1 objects
2025-05-02 12:15:02 [main] DEBUG o.h.e.i.AbstractFlushingEventListener - Flushed: 0 (re)creations, 0 updates, 0 removals to 0 collections
2025-05-02 12:15:02 [main] DEBUG o.h.internal.util.EntityPrinter - Listing entities:
2025-05-02 12:15:02 [main] DEBUG o.h.internal.util.EntityPrinter - com.example.model.MedicalRecord{name=John Doe, id=5, medicalHistory=None, age=30}
2025-05-02 12:15:02 [main] DEBUG o.s.s.w.c.HttpSessionSecurityContextRepository - Created HttpSession as SecurityContext is non-default
2025-05-02 12:15:02 [main] DEBUG o.s.s.w.c.HttpSessionSecurityContextRepository - Stored SecurityContextImpl [Authentication=UsernamePasswordAuthenticationToken [Principal=org.springframework.security.core.userdetails.User [Username=testuser, Password=[PROTECTED], Enabled=true, AccountNonExpired=true, CredentialsNonExpired=true, AccountNonLocked=true, Granted Authorities=[ROLE_USER]], Credentials=[PROTECTED], Authenticated=true, Details=null, Granted Authorities=[ROLE_USER]]] to HttpSession [org.springframework.mock.web.MockHttpSession@5c71329f]
2025-05-02 12:15:02 [main] DEBUG o.s.security.web.FilterChainProxy - Securing POST /api/medical-records
2025-05-02 12:15:02 [main] DEBUG o.s.s.w.c.HttpSessionSecurityContextRepository - Retrieved SecurityContextImpl [Authentication=UsernamePasswordAuthenticationToken [Principal=org.springframework.security.core.userdetails.User [Username=testuser, Password=[PROTECTED], Enabled=true, AccountNonExpired=true, CredentialsNonExpired=true, AccountNonLocked=true, Granted Authorities=[ROLE_USER]], Credentials=[PROTECTED], Authenticated=true, Details=null, Granted Authorities=[ROLE_USER]]]
2025-05-02 12:15:02 [main] DEBUG o.s.security.web.FilterChainProxy - Secured POST /api/medical-records
2025-05-02 12:15:02 [main] DEBUG o.s.w.s.m.m.a.RequestMappingHandlerMapping - Mapped to com.example.controller.MedicalRecordController#addRecord(MedicalRecord)
2025-05-02 12:15:02 [main] DEBUG o.s.w.s.m.m.a.RequestResponseBodyMethodProcessor - Read "application/json;charset=UTF-8" to [com.example.model.MedicalRecord@6859080d]
2025-05-02 12:15:02 [main] INFO  c.e.c.MedicalRecordController - User 'testuser' is adding a new medical record: com.example.model.MedicalRecord@6859080d
2025-05-02 12:15:02 [main] DEBUG c.e.service.MedicalRecordService - Adding new medical record: com.example.model.MedicalRecord@6859080d
2025-05-02 12:15:02 [main] DEBUG o.h.e.t.internal.TransactionImpl - On TransactionImpl creation, JpaCompliance#isJpaTransactionComplianceEnabled == false
2025-05-02 12:15:02 [main] DEBUG o.h.e.t.internal.TransactionImpl - begin
2025-05-02 12:15:02 [main] DEBUG o.h.j.i.PersistenceUnitUtilImpl - jakarta.persistence.PersistenceUnitUtil.getIdentifier is only intended to work with enhanced entities (although Hibernate also adapts this support to its proxies); however the passed entity was not enhanced (nor a proxy).. may not be able to read identifier
2025-05-02 12:15:02 [main] DEBUG o.hibernate.engine.spi.ActionQueue - Executing identity-insert immediately
2025-05-02 12:15:02 [main] DEBUG org.hibernate.SQL - insert into audit_log (action,details,timestamp,username,id) values (?,?,?,?,default)
Hibernate: insert into audit_log (action,details,timestamp,username,id) values (?,?,?,?,default)
2025-05-02 12:15:02 [main] DEBUG o.h.id.IdentifierGeneratorHelper - Natively generated identity (com.example.model.AuditLog) : 5
2025-05-02 12:15:02 [main] DEBUG o.h.e.t.internal.TransactionImpl - committing
2025-05-02 12:15:02 [main] DEBUG o.h.e.i.AbstractFlushingEventListener - Processing flush-time cascades
2025-05-02 12:15:02 [main] DEBUG o.h.e.i.AbstractFlushingEventListener - Dirty checking collections
2025-05-02 12:15:02 [main] DEBUG o.h.e.i.AbstractFlushingEventListener - Flushed: 0 insertions, 0 updates, 0 deletions to 1 objects
2025-05-02 12:15:02 [main] DEBUG o.h.e.i.AbstractFlushingEventListener - Flushed: 0 (re)creations, 0 updates, 0 removals to 0 collections
2025-05-02 12:15:02 [main] DEBUG o.h.internal.util.EntityPrinter - Listing entities:
2025-05-02 12:15:02 [main] DEBUG o.h.internal.util.EntityPrinter - com.example.model.AuditLog{action=ADD, details=Added record: com.example.model.MedicalRecord@6859080d, id=5, timestamp=2025-05-02T12:15:02.272421, username=testuser}
2025-05-02 12:15:02 [main] DEBUG o.h.e.t.internal.TransactionImpl - begin
2025-05-02 12:15:02 [main] DEBUG o.h.j.i.PersistenceUnitUtilImpl - jakarta.persistence.PersistenceUnitUtil.getIdentifier is only intended to work with enhanced entities (although Hibernate also adapts this support to its proxies); however the passed entity was not enhanced (nor a proxy).. may not be able to read identifier
2025-05-02 12:15:02 [main] DEBUG o.hibernate.engine.spi.ActionQueue - Executing identity-insert immediately
2025-05-02 12:15:02 [main] DEBUG org.hibernate.SQL - insert into medical_record (age,medical_history,name,id) values (?,?,?,default)
Hibernate: insert into medical_record (age,medical_history,name,id) values (?,?,?,default)
2025-05-02 12:15:02 [main] DEBUG o.h.id.IdentifierGeneratorHelper - Natively generated identity (com.example.model.MedicalRecord) : 6
2025-05-02 12:15:02 [main] DEBUG o.h.e.t.internal.TransactionImpl - committing
2025-05-02 12:15:02 [main] DEBUG o.h.e.i.AbstractFlushingEventListener - Processing flush-time cascades
2025-05-02 12:15:02 [main] DEBUG o.h.e.i.AbstractFlushingEventListener - Dirty checking collections
2025-05-02 12:15:02 [main] DEBUG o.h.e.i.AbstractFlushingEventListener - Flushed: 0 insertions, 0 updates, 0 deletions to 2 objects
2025-05-02 12:15:02 [main] DEBUG o.h.e.i.AbstractFlushingEventListener - Flushed: 0 (re)creations, 0 updates, 0 removals to 0 collections
2025-05-02 12:15:02 [main] DEBUG o.h.internal.util.EntityPrinter - Listing entities:
2025-05-02 12:15:02 [main] DEBUG o.h.internal.util.EntityPrinter - com.example.model.AuditLog{action=ADD, details=Added record: com.example.model.MedicalRecord@6859080d, id=5, timestamp=2025-05-02T12:15:02.272421, username=testuser}
2025-05-02 12:15:02 [main] DEBUG o.h.internal.util.EntityPrinter - com.example.model.MedicalRecord{name=Jane Smith, id=6, medicalHistory=Asthma, age=25}
2025-05-02 12:15:02 [main] DEBUG o.s.w.s.m.m.a.RequestResponseBodyMethodProcessor - Using 'application/json', given [*/*] and supported [application/json, application/*+json]
2025-05-02 12:15:02 [main] DEBUG o.s.w.s.m.m.a.RequestResponseBodyMethodProcessor - Writing [com.example.model.MedicalRecord@6859080d]
2025-05-02 12:15:02 [main] DEBUG c.j.j.internal.path.CompiledPath - Evaluating path: $['name']
2025-05-02 12:15:02 [main] DEBUG o.h.e.t.internal.TransactionImpl - On TransactionImpl creation, JpaCompliance#isJpaTransactionComplianceEnabled == false
2025-05-02 12:15:02 [main] DEBUG o.h.e.t.internal.TransactionImpl - begin
2025-05-02 12:15:02 [main] DEBUG org.hibernate.orm.sql.ast.create - Created new SQL alias : mr1_0
2025-05-02 12:15:02 [main] DEBUG org.hibernate.orm.sql.ast.create - Registration of TableGroup [StandardTableGroup(com.example.model.MedicalRecord(99441945559900))] with identifierForTableGroup [com.example.model.MedicalRecord] for NavigablePath [com.example.model.MedicalRecord] 
2025-05-02 12:15:02 [main] DEBUG org.hibernate.orm.results.graph.AST - DomainResult Graph:
 \-EntityResultImpl [com.example.model.MedicalRecord(99441945559900)]
 |  +-BasicFetch [com.example.model.MedicalRecord(99441945559900).age]
 |  +-BasicFetch [com.example.model.MedicalRecord(99441945559900).medicalHistory]
 |  \-BasicFetch [com.example.model.MedicalRecord(99441945559900).name]

2025-05-02 12:15:02 [main] DEBUG org.hibernate.orm.sql.ast.tree - SQL AST Tree:
    SelectStatement {
      FromClause {
        StandardTableGroup (mr1 : com.example.model.MedicalRecord(99441945559900)) {
          primaryTableReference : medical_record as mr1_0
        }
      }
    }

2025-05-02 12:15:02 [main] DEBUG org.hibernate.orm.sql.exec - Skipping reading Query result cache data: cache-enabled = false, cache-mode = NORMAL
2025-05-02 12:15:02 [main] DEBUG org.hibernate.orm.results - Initializer list:
	  com.example.model.MedicalRecord(99441945559900) -> EntityResultInitializer(com.example.model.MedicalRecord(99441945559900))@671232041 (SingleTableEntityPersister(com.example.model.MedicalRecord))

2025-05-02 12:15:02 [main] DEBUG org.hibernate.SQL - select mr1_0.id,mr1_0.age,mr1_0.medical_history,mr1_0.name from medical_record mr1_0
Hibernate: select mr1_0.id,mr1_0.age,mr1_0.medical_history,mr1_0.name from medical_record mr1_0
2025-05-02 12:15:02 [main] DEBUG org.hibernate.orm.results - Extracted JDBC value [0] - [5]
2025-05-02 12:15:02 [main] DEBUG o.h.orm.results.loading.entity - (EntityResultInitializer) Hydrated EntityKey (com.example.model.MedicalRecord(99441945559900)): 5
2025-05-02 12:15:02 [main] DEBUG o.h.orm.results.loading.entity - (EntityResultInitializer) Created new entity instance [com.example.model.MedicalRecord(99441945559900)#5] : 1680976673
2025-05-02 12:15:02 [main] DEBUG org.hibernate.orm.results - Extracted JDBC value [1] - [30]
2025-05-02 12:15:02 [main] DEBUG org.hibernate.orm.results - Extracted JDBC value [2] - [None]
2025-05-02 12:15:02 [main] DEBUG org.hibernate.orm.results - Extracted JDBC value [3] - [John Doe]
2025-05-02 12:15:02 [main] DEBUG o.h.orm.results.loading.entity - (EntityResultInitializer) Done materializing entityInstance : com.example.model.MedicalRecord(99441945559900)#5
2025-05-02 12:15:02 [main] DEBUG org.hibernate.orm.results.loading - Calling top-level assembler (0 / 1) : org.hibernate.sql.results.graph.entity.internal.EntityAssembler@5d8b5cf6
2025-05-02 12:15:02 [main] DEBUG org.hibernate.orm.results - Extracted JDBC value [0] - [6]
2025-05-02 12:15:02 [main] DEBUG o.h.orm.results.loading.entity - (EntityResultInitializer) Hydrated EntityKey (com.example.model.MedicalRecord(99441945559900)): 6
2025-05-02 12:15:02 [main] DEBUG o.h.orm.results.loading.entity - (EntityResultInitializer) Created new entity instance [com.example.model.MedicalRecord(99441945559900)#6] : 1212355494
2025-05-02 12:15:02 [main] DEBUG org.hibernate.orm.results - Extracted JDBC value [1] - [25]
2025-05-02 12:15:02 [main] DEBUG org.hibernate.orm.results - Extracted JDBC value [2] - [Asthma]
2025-05-02 12:15:02 [main] DEBUG org.hibernate.orm.results - Extracted JDBC value [3] - [Jane Smith]
2025-05-02 12:15:02 [main] DEBUG o.h.orm.results.loading.entity - (EntityResultInitializer) Done materializing entityInstance : com.example.model.MedicalRecord(99441945559900)#6
2025-05-02 12:15:02 [main] DEBUG org.hibernate.orm.results.loading - Calling top-level assembler (0 / 1) : org.hibernate.sql.results.graph.entity.internal.EntityAssembler@5d8b5cf6
2025-05-02 12:15:02 [main] DEBUG o.h.e.t.internal.TransactionImpl - committing
]]></system-out>
  </testcase>
</testsuite>